2023-11-09 17:34:41,771 [INFO] Activator:176 - 


2023-11-09 17:34:41,780 [INFO] Activator:177 - !SESSION log4j initialized
2023-11-09 17:34:49,873 [INFO] LogOutputStream:77 - [STDOUT_REDIRECT] 
2023-11-09 17:34:57,371 [INFO] ApplicationProperties:184 - Using Application install path: C:\ST\STM32CubeIDE_1.13.2\STM32CubeIDE\plugins\com.st.stm32cube.common.mx_6.9.2.202309101412
2023-11-09 17:34:57,386 [INFO] DbMcusXml:78 - Set database path to: C:\ST\STM32CubeIDE_1.13.2\STM32CubeIDE\plugins\com.st.stm32cube.common.mx_6.9.2.202309101412\\db\/mcu/
2023-11-09 17:34:57,386 [INFO] ApiDb:274 - Set plugin database path to: C:\ST\STM32CubeIDE_1.13.2\STM32CubeIDE\plugins\com.st.stm32cube.common.mx_6.9.2.202309101412\\db\/plugins/boardmanager/
2023-11-09 17:34:57,386 [WARN] ApiDb:259 - Overriding images path with different value:  => C:\ST\STM32CubeIDE_1.13.2\STM32CubeIDE\plugins\com.st.stm32cube.common.mx_6.9.2.202309101412\\db\/plugins/mcufinder/images/
2023-11-09 17:34:57,397 [INFO] ApiDb:250 - Set database path to: C:\Users\iremg\.stmcufinder\plugins\mcufinder//mcu/
2023-11-09 17:34:57,398 [INFO] DbMcusAds:125 - Set database path to: C:\Users\iremg\.stmcufinder\plugins\mcufinder//mcu/
2023-11-09 17:34:57,399 [INFO] CrossReferenceDbSqlite:203 - Set database path to: C:\Users\iremg\.stmcufinder\plugins\mcufinder//mcu/cs/
2023-11-09 17:34:57,534 [INFO] RulesReader:64 - Compatibility file has been processed (293 Rules)
2023-11-09 17:34:57,626 [INFO] DbMcusXml:78 - Set database path to: C:\ST\STM32CubeIDE_1.13.2\STM32CubeIDE\plugins\com.st.stm32cube.common.mx_6.9.2.202309101412\\db\/mcu/
2023-11-09 17:34:57,626 [INFO] ApiDb:274 - Set plugin database path to: C:\ST\STM32CubeIDE_1.13.2\STM32CubeIDE\plugins\com.st.stm32cube.common.mx_6.9.2.202309101412\\db\/plugins/boardmanager/
2023-11-09 17:34:57,626 [INFO] ApiDb:261 - Set plugin images path to: C:\ST\STM32CubeIDE_1.13.2\STM32CubeIDE\plugins\com.st.stm32cube.common.mx_6.9.2.202309101412\\db\/plugins/mcufinder/images/
2023-11-09 17:34:57,627 [WARN] DbFile:41 - Overriding database path with different value: C:\Users\iremg\.stmcufinder\plugins\mcufinder/ => C:\Users\iremg\.stmcufinder\plugins\mcufinder
2023-11-09 17:34:57,627 [INFO] ApiDb:250 - Set database path to: C:\Users\iremg\.stmcufinder\plugins\mcufinder//mcu/
2023-11-09 17:34:57,627 [WARN] DbFile:41 - Overriding database path with different value: C:\Users\iremg\.stmcufinder\plugins\mcufinder/ => C:\Users\iremg\.stmcufinder\plugins\mcufinder
2023-11-09 17:34:57,627 [INFO] DbMcusAds:125 - Set database path to: C:\Users\iremg\.stmcufinder\plugins\mcufinder//mcu/
2023-11-09 17:34:57,627 [WARN] DbFile:41 - Overriding database path with different value: C:\Users\iremg\.stmcufinder\plugins\mcufinder/ => C:\Users\iremg\.stmcufinder\plugins\mcufinder
2023-11-09 17:34:57,627 [WARN] DbFile:41 - Overriding database path with different value: C:\Users\iremg\.stmcufinder\plugins\mcufinder/ => C:\Users\iremg\.stmcufinder\plugins\mcufinder
2023-11-09 17:34:57,627 [INFO] CrossReferenceDbSqlite:203 - Set database path to: C:\Users\iremg\.stmcufinder\plugins\mcufinder//mcu/cs/
2023-11-09 17:34:57,700 [INFO] MainPanel:262 - HeapMemory: 268435456
2023-11-09 17:34:57,790 [INFO] DbMcusXml:78 - Set database path to: C:\ST\STM32CubeIDE_1.13.2\STM32CubeIDE\plugins\com.st.stm32cube.common.mx_6.9.2.202309101412\\db\/mcu/
2023-11-09 17:34:57,790 [INFO] ApiDb:274 - Set plugin database path to: C:\ST\STM32CubeIDE_1.13.2\STM32CubeIDE\plugins\com.st.stm32cube.common.mx_6.9.2.202309101412\\db\/plugins/boardmanager/
2023-11-09 17:34:57,790 [INFO] ApiDb:261 - Set plugin images path to: C:\ST\STM32CubeIDE_1.13.2\STM32CubeIDE\plugins\com.st.stm32cube.common.mx_6.9.2.202309101412\\db\/plugins/mcufinder/images/
2023-11-09 17:34:57,791 [WARN] DbFile:41 - Overriding database path with different value: C:\Users\iremg\.stmcufinder\plugins\mcufinder/ => C:\Users\iremg\.stmcufinder\plugins\mcufinder
2023-11-09 17:34:57,791 [INFO] ApiDb:250 - Set database path to: C:\Users\iremg\.stmcufinder\plugins\mcufinder//mcu/
2023-11-09 17:34:57,791 [WARN] DbFile:41 - Overriding database path with different value: C:\Users\iremg\.stmcufinder\plugins\mcufinder/ => C:\Users\iremg\.stmcufinder\plugins\mcufinder
2023-11-09 17:34:57,791 [INFO] DbMcusAds:125 - Set database path to: C:\Users\iremg\.stmcufinder\plugins\mcufinder//mcu/
2023-11-09 17:34:57,791 [WARN] DbFile:41 - Overriding database path with different value: C:\Users\iremg\.stmcufinder\plugins\mcufinder/ => C:\Users\iremg\.stmcufinder\plugins\mcufinder
2023-11-09 17:34:57,791 [WARN] DbFile:41 - Overriding database path with different value: C:\Users\iremg\.stmcufinder\plugins\mcufinder/ => C:\Users\iremg\.stmcufinder\plugins\mcufinder
2023-11-09 17:34:57,791 [INFO] CrossReferenceDbSqlite:203 - Set database path to: C:\Users\iremg\.stmcufinder\plugins\mcufinder//mcu/cs/
2023-11-09 17:34:57,810 [INFO] ApplicationProperties:184 - Using Application install path: C:\ST\STM32CubeIDE_1.13.2\STM32CubeIDE\plugins\com.st.stm32cube.common.mx_6.9.2.202309101412
2023-11-09 17:34:57,811 [INFO] PluginManage:196 - Search for loadable plugins [exclusion list=, ]
2023-11-09 17:34:57,812 [INFO] PluginManage:310 - Check plugin analytics
2023-11-09 17:35:02,533 [INFO] AnalyticsPlugin:253 - Accepted Software Licenses: 
2023-11-09 17:35:02,533 [INFO] AnalyticsPlugin:255 - Accepted CMSIS Pack Licenses: 
2023-11-09 17:35:02,533 [INFO] AnalyticsPlugin:257 - Accepted Firmware Licenses: FW.F4.1.27.0
2023-11-09 17:35:02,535 [INFO] PluginManage:359 - Loaded plugin analytics (category:tool,tabindex:-1)
2023-11-09 17:35:02,536 [INFO] PluginManage:310 - Check plugin cadmodel
2023-11-09 17:35:02,547 [INFO] CADModel:105 - Init CAD model plugin
2023-11-09 17:35:02,547 [INFO] PluginManage:359 - Loaded plugin cadmodel (category:power,tabindex:5)
2023-11-09 17:35:02,547 [INFO] PluginManage:310 - Check plugin clock
2023-11-09 17:35:02,563 [INFO] PluginManage:359 - Loaded plugin clock (category:base,tabindex:2)
2023-11-09 17:35:02,564 [INFO] PluginManage:310 - Check plugin ddr
2023-11-09 17:35:02,565 [INFO] PluginManage:359 - Loaded plugin ddr (category:tool,tabindex:6)
2023-11-09 17:35:02,566 [INFO] PluginManage:310 - Check plugin filemanager
2023-11-09 17:35:02,684 [INFO] PluginManage:359 - Loaded plugin filemanager (category:base,tabindex:10)
2023-11-09 17:35:02,684 [INFO] PluginManage:310 - Check plugin ipmanager
2023-11-09 17:35:02,691 [INFO] PluginManage:359 - Loaded plugin ipmanager (category:base,tabindex:5)
2023-11-09 17:35:02,691 [INFO] PluginManage:310 - Check plugin lpbam
2023-11-09 17:35:02,705 [INFO] PluginManage:359 - Loaded plugin lpbam (category:base,tabindex:0)
2023-11-09 17:35:02,705 [INFO] PluginManage:310 - Check plugin memorymap
2023-11-09 17:35:02,728 [INFO] PluginManage:359 - Loaded plugin memorymap (category:base,tabindex:4)
2023-11-09 17:35:02,728 [INFO] PluginManage:310 - Check plugin pinoutandconfiguration
2023-11-09 17:35:02,742 [INFO] PluginManage:359 - Loaded plugin pinoutandconfiguration (category:base,tabindex:1)
2023-11-09 17:35:02,743 [INFO] PluginManage:310 - Check plugin pinoutconfig
2023-11-09 17:35:02,840 [WARN] SupportedApi:132 - Cannot load RTOS API schema: s4s-elt-must-match.1: The content of 'definitions' must match (annotation?, (simpleType | complexType)?, (unique | key | keyref)*)). A problem was found starting at: attribute.
2023-11-09 17:35:02,971 [INFO] PluginManage:359 - Loaded plugin pinoutconfig (category:base,tabindex:0)
2023-11-09 17:35:02,971 [INFO] PluginManage:310 - Check plugin power
2023-11-09 17:35:02,993 [INFO] PluginManage:359 - Loaded plugin power (category:power,tabindex:4)
2023-11-09 17:35:02,993 [INFO] PluginManage:310 - Check plugin projectmanager
2023-11-09 17:35:03,009 [INFO] PluginManage:359 - Loaded plugin projectmanager (category:projectmanager,tabindex:3)
2023-11-09 17:35:03,010 [INFO] PluginManage:310 - Check plugin thirdparty
2023-11-09 17:35:03,264 [INFO] PluginManage:359 - Loaded plugin thirdparty (category:base,tabindex:-1)
2023-11-09 17:35:03,264 [WARN] IntegrityCheckThread:84 - waiting for thirdparty lock release [integrity check]
2023-11-09 17:35:03,264 [INFO] PluginManage:310 - Check plugin tools
2023-11-09 17:35:03,264 [INFO] IntegrityCheckThread:86 - entering critical section [integrity check]
2023-11-09 17:35:03,264 [INFO] ThirdPartyUpdaterWithRetryManager:70 - Updater plugin not ready yet. [1/15]
2023-11-09 17:35:03,290 [INFO] PluginManage:359 - Loaded plugin tools (category:base,tabindex:7)
2023-11-09 17:35:03,290 [INFO] PluginManage:310 - Check plugin tutovideos
2023-11-09 17:35:03,466 [INFO] PluginManage:359 - Loaded plugin tutovideos (category:base,tabindex:-1)
2023-11-09 17:35:03,466 [INFO] PluginManage:310 - Check plugin updater
2023-11-09 17:35:03,477 [INFO] PluginManage:359 - Loaded plugin updater (category:base,tabindex:12)
2023-11-09 17:35:03,477 [INFO] PluginManage:310 - Check plugin userauth
2023-11-09 17:35:03,482 [INFO] UserAuth:113 - Init User Auth plugin
2023-11-09 17:35:03,482 [INFO] PluginManage:359 - Loaded plugin userauth (category:base,tabindex:14)
2023-11-09 17:35:03,482 [INFO] PluginManage:283 - PluginManage : Loaded plugins [17]
2023-11-09 17:35:03,716 [INFO] PinOutPanel:1499 - setPackage(No Configuration,No Configuration)
2023-11-09 17:35:03,808 [INFO] CADModel:165 - CPN selected for project level
2023-11-09 17:35:03,808 [INFO] CADModel:114 - Register for checkConnection events
2023-11-09 17:35:03,829 [INFO] IPUIPlugin:80 - create IPUIPlugin
2023-11-09 17:35:03,829 [INFO] PluginManager:220 - loadIPPluginJar : add adc
2023-11-09 17:35:03,857 [INFO] IPUIPlugin:80 - create IPUIPlugin
2023-11-09 17:35:03,857 [INFO] PluginManager:220 - loadIPPluginJar : add aes
2023-11-09 17:35:03,888 [INFO] IPUIPlugin:80 - create IPUIPlugin
2023-11-09 17:35:03,888 [INFO] PluginManager:220 - loadIPPluginJar : add can
2023-11-09 17:35:03,909 [INFO] IPUIPlugin:80 - create IPUIPlugin
2023-11-09 17:35:03,909 [INFO] PluginManager:220 - loadIPPluginJar : add comp
2023-11-09 17:35:03,936 [INFO] IPUIPlugin:80 - create IPUIPlugin
2023-11-09 17:35:03,937 [INFO] PluginManager:220 - loadIPPluginJar : add cryp
2023-11-09 17:35:03,957 [INFO] IPUIPlugin:80 - create IPUIPlugin
2023-11-09 17:35:03,958 [INFO] PluginManager:220 - loadIPPluginJar : add dfsdm
2023-11-09 17:35:03,969 [INFO] IPUIPlugin:80 - create IPUIPlugin
2023-11-09 17:35:03,969 [INFO] PluginManager:220 - loadIPPluginJar : add dma
2023-11-09 17:35:04,001 [INFO] IPUIPlugin:80 - create IPUIPlugin
2023-11-09 17:35:04,001 [INFO] PluginManager:220 - loadIPPluginJar : add dma3
2023-11-09 17:35:04,015 [INFO] IPUIPlugin:80 - create IPUIPlugin
2023-11-09 17:35:04,016 [INFO] PluginManager:220 - loadIPPluginJar : add fatfs
2023-11-09 17:35:04,050 [INFO] IPUIPlugin:80 - create IPUIPlugin
2023-11-09 17:35:04,051 [INFO] PluginManager:220 - loadIPPluginJar : add fmc
2023-11-09 17:35:04,062 [INFO] IPUIPlugin:80 - create IPUIPlugin
2023-11-09 17:35:04,062 [INFO] PluginManager:220 - loadIPPluginJar : add freertos
2023-11-09 17:35:04,078 [INFO] IPUIPlugin:80 - create IPUIPlugin
2023-11-09 17:35:04,078 [INFO] PluginManager:220 - loadIPPluginJar : add genericplugin
2023-11-09 17:35:04,155 [INFO] IPUIPlugin:80 - create IPUIPlugin
2023-11-09 17:35:04,155 [INFO] PluginManager:220 - loadIPPluginJar : add gfxmmu
2023-11-09 17:35:04,250 [INFO] IPUIPlugin:80 - create IPUIPlugin
2023-11-09 17:35:04,250 [INFO] PluginManager:220 - loadIPPluginJar : add gic
2023-11-09 17:35:04,261 [INFO] IPUIPlugin:80 - create IPUIPlugin
2023-11-09 17:35:04,261 [INFO] PluginManager:220 - loadIPPluginJar : add gpio
2023-11-09 17:35:04,328 [INFO] IPUIPlugin:80 - create IPUIPlugin
2023-11-09 17:35:04,328 [INFO] PluginManager:220 - loadIPPluginJar : add gtzc
2023-11-09 17:35:04,353 [INFO] IPUIPlugin:80 - create IPUIPlugin
2023-11-09 17:35:04,353 [INFO] PluginManager:220 - loadIPPluginJar : add hash
2023-11-09 17:35:04,394 [INFO] IPUIPlugin:80 - create IPUIPlugin
2023-11-09 17:35:04,394 [INFO] PluginManager:220 - loadIPPluginJar : add i2c
2023-11-09 17:35:04,426 [INFO] IPUIPlugin:80 - create IPUIPlugin
2023-11-09 17:35:04,426 [INFO] PluginManager:220 - loadIPPluginJar : add i2s
2023-11-09 17:35:04,457 [INFO] IPUIPlugin:80 - create IPUIPlugin
2023-11-09 17:35:04,457 [INFO] PluginManager:220 - loadIPPluginJar : add i3c
2023-11-09 17:35:04,538 [INFO] IPUIPlugin:80 - create IPUIPlugin
2023-11-09 17:35:04,538 [INFO] PluginManager:220 - loadIPPluginJar : add ipddr
2023-11-09 17:35:04,607 [INFO] IPUIPlugin:80 - create IPUIPlugin
2023-11-09 17:35:04,607 [INFO] PluginManager:220 - loadIPPluginJar : add linkedlist
2023-11-09 17:35:04,633 [INFO] IPUIPlugin:80 - create IPUIPlugin
2023-11-09 17:35:04,633 [INFO] PluginManager:220 - loadIPPluginJar : add lorawan
2023-11-09 17:35:04,661 [INFO] IPUIPlugin:80 - create IPUIPlugin
2023-11-09 17:35:04,662 [INFO] PluginManager:220 - loadIPPluginJar : add ltdc
2023-11-09 17:35:04,673 [INFO] IPUIPlugin:80 - create IPUIPlugin
2023-11-09 17:35:04,674 [INFO] PluginManager:220 - loadIPPluginJar : add mdma
2023-11-09 17:35:04,684 [INFO] IPUIPlugin:80 - create IPUIPlugin
2023-11-09 17:35:04,684 [INFO] PluginManager:220 - loadIPPluginJar : add nvic
2023-11-09 17:35:04,712 [INFO] IPUIPlugin:80 - create IPUIPlugin
2023-11-09 17:35:04,712 [INFO] PluginManager:220 - loadIPPluginJar : add opamp
2023-11-09 17:35:04,758 [INFO] IPUIPlugin:80 - create IPUIPlugin
2023-11-09 17:35:04,758 [INFO] PluginManager:220 - loadIPPluginJar : add openamp
2023-11-09 17:35:04,790 [INFO] IPUIPlugin:80 - create IPUIPlugin
2023-11-09 17:35:04,790 [INFO] PluginManager:220 - loadIPPluginJar : add pdm2pcm
2023-11-09 17:35:04,802 [INFO] IPUIPlugin:80 - create IPUIPlugin
2023-11-09 17:35:04,804 [INFO] PluginManager:220 - loadIPPluginJar : add plateformsettings
2023-11-09 17:35:04,820 [INFO] IPUIPlugin:80 - create IPUIPlugin
2023-11-09 17:35:04,820 [INFO] PluginManager:220 - loadIPPluginJar : add quadspi
2023-11-09 17:35:04,830 [INFO] IPUIPlugin:80 - create IPUIPlugin
2023-11-09 17:35:04,830 [INFO] PluginManager:220 - loadIPPluginJar : add resmgrutility
2023-11-09 17:35:04,867 [INFO] IPUIPlugin:80 - create IPUIPlugin
2023-11-09 17:35:04,867 [INFO] PluginManager:220 - loadIPPluginJar : add sai
2023-11-09 17:35:04,896 [INFO] IPUIPlugin:80 - create IPUIPlugin
2023-11-09 17:35:04,896 [INFO] PluginManager:220 - loadIPPluginJar : add spi
2023-11-09 17:35:04,941 [INFO] IPUIPlugin:80 - create IPUIPlugin
2023-11-09 17:35:04,941 [INFO] PluginManager:220 - loadIPPluginJar : add stm32_wpan
2023-11-09 17:35:04,959 [INFO] IPUIPlugin:80 - create IPUIPlugin
2023-11-09 17:35:04,959 [INFO] PluginManager:220 - loadIPPluginJar : add tim
2023-11-09 17:35:05,003 [INFO] IPUIPlugin:80 - create IPUIPlugin
2023-11-09 17:35:05,003 [INFO] PluginManager:220 - loadIPPluginJar : add touchsensing
2023-11-09 17:35:05,020 [INFO] IPUIPlugin:80 - create IPUIPlugin
2023-11-09 17:35:05,020 [INFO] PluginManager:220 - loadIPPluginJar : add tracer_emb
2023-11-09 17:35:05,039 [INFO] IPUIPlugin:80 - create IPUIPlugin
2023-11-09 17:35:05,039 [INFO] PluginManager:220 - loadIPPluginJar : add ts
2023-11-09 17:35:05,055 [INFO] IPUIPlugin:80 - create IPUIPlugin
2023-11-09 17:35:05,055 [INFO] PluginManager:220 - loadIPPluginJar : add tsc
2023-11-09 17:35:05,072 [INFO] IPUIPlugin:80 - create IPUIPlugin
2023-11-09 17:35:05,073 [INFO] PluginManager:220 - loadIPPluginJar : add ucpd
2023-11-09 17:35:05,106 [INFO] IPUIPlugin:80 - create IPUIPlugin
2023-11-09 17:35:05,106 [INFO] PluginManager:220 - loadIPPluginJar : add usart
2023-11-09 17:35:05,138 [INFO] IPUIPlugin:80 - create IPUIPlugin
2023-11-09 17:35:05,138 [INFO] PluginManager:220 - loadIPPluginJar : add usbx
2023-11-09 17:35:05,253 [INFO] CADModel:165 - CPN selected for project level
2023-11-09 17:35:05,253 [INFO] CADModel:114 - Register for checkConnection events
2023-11-09 17:35:05,254 [FATAL] Updater:308 - Updater called before beeing initialized
2023-11-09 17:35:05,254 [ERROR] CADModel:125 - Updater not yet initialized, retry later 
2023-11-09 17:35:05,370 [INFO] CADModel:165 - CPN selected for project level
2023-11-09 17:35:05,370 [INFO] CADModel:114 - Register for checkConnection events
2023-11-09 17:35:05,370 [FATAL] Updater:308 - Updater called before beeing initialized
2023-11-09 17:35:05,370 [ERROR] CADModel:125 - Updater not yet initialized, retry later 
2023-11-09 17:35:05,374 [FATAL] Updater:308 - Updater called before beeing initialized
2023-11-09 17:35:05,475 [FATAL] Updater:308 - Updater called before beeing initialized
2023-11-09 17:35:05,484 [INFO] DbMcusAds:53 - JSON generation date=Tue Mar 07 09:50:55 CET 2023 (1678179055335)
2023-11-09 17:35:05,485 [FATAL] Updater:308 - Updater called before beeing initialized
2023-11-09 17:35:05,548 [WARN] DetailPanel:346 - Failed to get advertising image, set to default
2023-11-09 17:35:05,628 [FATAL] Updater:308 - Updater called before beeing initialized
2023-11-09 17:35:05,630 [FATAL] Updater:308 - Updater called before beeing initialized
2023-11-09 17:35:05,630 [FATAL] Updater:308 - Updater called before beeing initialized
2023-11-09 17:35:05,630 [WARN] DetailPanel:346 - Failed to get advertising image, set to default
2023-11-09 17:35:05,630 [FATAL] Updater:308 - Updater called before beeing initialized
2023-11-09 17:35:05,682 [ERROR] Updater:1120 - MainUpdater not yet initialized. External WinMGr cannot be set.
2023-11-09 17:35:05,691 [INFO] Updater:1056 - Updater Version found : 6.9.2
2023-11-09 17:35:05,706 [INFO] ApplicationProperties:184 - Using Application install path: C:\ST\STM32CubeIDE_1.13.2\STM32CubeIDE\plugins\com.st.stm32cube.common.mx_6.9.2.202309101412
2023-11-09 17:35:05,921 [INFO] MainUpdater:2868 - connection check result : 10
2023-11-09 17:35:05,921 [INFO] MainUpdater:3562 - Updater definition file requires update
2023-11-09 17:35:05,922 [INFO] MainUpdater:285 - Updater Check For Update Now.
2023-11-09 17:35:05,922 [INFO] MicroXplorer:498 - Change Database Version : DB.6.0.92
2023-11-09 17:35:05,934 [INFO] McuFinderGlobals:63 - Set McuFinder mode to 2 (CubeIDE integrated)
2023-11-09 17:35:05,969 [INFO] ServerAccessManage:473 - Download File updaters.zip
2023-11-09 17:35:06,124 [INFO] FileExtend:240 - Unzip File : updaters.zip
2023-11-09 17:35:06,124 [INFO] FileExtend:255 - Standard Zip Deflate
2023-11-09 17:35:06,264 [WARN] MainUpdater:1189 - Updater busy. Cannot search thirdparties
2023-11-09 17:35:06,265 [INFO] ThirdPartyUpdaterWithRetryManager:96 - Updater plugin is busy. [1/15]
2023-11-09 17:35:06,595 [INFO] ServerAccessManage:473 - Download File PacksControlFlags.xml
2023-11-09 17:35:06,732 [INFO] ServerAccessManage:473 - Download File cubemx.pidx
2023-11-09 17:35:07,270 [INFO] ServerAccessManage:473 - Download File STMicroelectronics.FP-SNS-MOTENVWB1.pdsc
2023-11-09 17:35:09,077 [ERROR] ServerAccessManage:1096 - Problem, Http access forbiden
2023-11-09 17:35:09,079 [ERROR] ServerAccessManage:651 - Problem, Http access forbiden : RoweBots.I-CUBE-UNISONRTOS.pdsc.
2023-11-09 17:35:09,307 [WARN] MainUpdater:1189 - Updater busy. Cannot search thirdparties
2023-11-09 17:35:09,307 [INFO] ThirdPartyUpdaterWithRetryManager:96 - Updater plugin is busy. [2/15]
2023-11-09 17:35:09,967 [WARN] PackLoader:240 - Cannot read IP mode file for STMicroelectronics.FP-SNS-MOTENVWB1.1.3.0
2023-11-09 17:35:09,971 [INFO] PopulateThirdPartyThread:66 - Ending populate Thread
2023-11-09 17:35:09,972 [INFO] ThirdParty:1030 - CMSIS Pack Vendor :STMicroelectronics FP-SNS-MOTENVWB1 1.3.0
2023-11-09 17:35:09,973 [INFO] LoadServerUpdatesThread:373 - End of LoadServerUpdate Thread
2023-11-09 17:35:10,262 [INFO] CheckServerUpdateThread:120 - End of CheckServer Thread
2023-11-09 17:35:13,115 [WARN] PackLoader:240 - Cannot read IP mode file for STMicroelectronics.X-CUBE-SMBUS.2.1.0
2023-11-09 17:35:13,216 [WARN] PackLoader:240 - Cannot read IP mode file for STMicroelectronics.X-CUBE-AZRTOS-F7.1.1.0
2023-11-09 17:35:13,310 [WARN] PackLoader:240 - Cannot read IP mode file for STMicroelectronics.FP-SNS-MOTENV1.4.3.2
2023-11-09 17:35:13,332 [WARN] PackLoader:240 - Cannot read IP mode file for STMicroelectronics.FP-SNS-FLIGHT1.5.0.2
2023-11-09 17:35:13,434 [WARN] PackLoader:240 - Cannot read IP mode file for STMicroelectronics.X-CUBE-DISPLAY.3.0.0
2023-11-09 17:35:13,505 [WARN] PackLoader:240 - Cannot read IP mode file for STMicroelectronics.X-CUBE-BLE1.7.0.0
2023-11-09 17:35:13,541 [WARN] PackLoader:240 - Cannot read IP mode file for emotas.I-CUBE-CANOPEN.1.3.0
2023-11-09 17:35:13,575 [WARN] PackLoader:240 - Cannot read IP mode file for STMicroelectronics.X-CUBE-TOUCHGFX.4.22.1
2023-11-09 17:35:13,605 [WARN] PackLoader:240 - Cannot read IP mode file for STMicroelectronics.FP-SNS-SMARTAG2.1.2.0
2023-11-09 17:35:13,675 [INFO] LogOutputStream:77 - [STDOUT_REDIRECT] 1 : Invalid condition id : UX_CORESTACK_Condition cause : null
2023-11-09 17:35:13,676 [INFO] LogOutputStream:77 - [STDOUT_REDIRECT] 1 : Invalid condition id : UX_CORESTACK_Condition cause : null
2023-11-09 17:35:13,679 [INFO] LogOutputStream:77 - [STDOUT_REDIRECT] 1 : Invalid condition id : UX_CORESTACK_Condition cause : null
2023-11-09 17:35:13,685 [INFO] LogOutputStream:77 - [STDOUT_REDIRECT] 1 : Invalid condition id : UX_CORESTACK_Condition cause : null
2023-11-09 17:35:13,687 [INFO] LogOutputStream:77 - [STDOUT_REDIRECT] 1 : Invalid condition id : UX_CORESTACK_Condition cause : null
2023-11-09 17:35:13,698 [WARN] PackLoader:240 - Cannot read IP mode file for STMicroelectronics.X-CUBE-AZRTOS-WL.2.0.0
2023-11-09 17:35:13,732 [WARN] PackLoader:240 - Cannot read IP mode file for WES.I-CUBE-Cesium.1.3.0
2023-11-09 17:35:13,759 [WARN] PackLoader:240 - Cannot read IP mode file for STMicroelectronics.X-CUBE-BLE2.3.3.0
2023-11-09 17:35:13,812 [WARN] PackLoader:240 - Cannot read IP mode file for STMicroelectronics.X-CUBE-ALGOBUILD.1.3.0
2023-11-09 17:35:13,915 [WARN] PackLoader:240 - Cannot read IP mode file for STMicroelectronics.X-CUBE-AZRTOS-G0.1.1.0
2023-11-09 17:35:13,964 [WARN] PackLoader:240 - Cannot read IP mode file for STMicroelectronics.X-CUBE-NFC4.3.0.0
2023-11-09 17:35:14,058 [WARN] PackLoader:240 - Cannot read IP mode file for STMicroelectronics.X-CUBE-BLEMGR.3.0.0
2023-11-09 17:35:14,086 [WARN] PackLoader:240 - Cannot read IP mode file for STMicroelectronics.FP-ATR-SIGFOX1.3.2.0
2023-11-09 17:35:14,189 [WARN] PackLoader:240 - Cannot read IP mode file for SEGGER.I-CUBE-embOS.1.3.1
2023-11-09 17:35:14,309 [WARN] PackLoader:240 - Cannot read IP mode file for STMicroelectronics.X-CUBE-GNSS1.6.0.0
2023-11-09 17:35:14,372 [WARN] PackLoader:240 - Cannot read IP mode file for STMicroelectronics.X-CUBE-AZRTOS-F4.1.1.0
2023-11-09 17:35:14,399 [WARN] PackLoader:240 - Cannot read IP mode file for wolfSSL.I-CUBE-wolfSSL.5.6.3
2023-11-09 17:35:14,543 [WARN] PackLoader:240 - Cannot read IP mode file for STMicroelectronics.X-CUBE-AZRTOS-L5.2.0.0
2023-11-09 17:35:14,659 [WARN] PackLoader:240 - Cannot read IP mode file for STMicroelectronics.X-CUBE-EEPRMA1.4.2.0
2023-11-09 17:35:14,683 [WARN] PackLoader:240 - Cannot read IP mode file for ITTIA_DB.I-CUBE-ITTIADB.8.8.0
2023-11-09 17:35:14,710 [WARN] PackLoader:240 - Cannot read IP mode file for STMicroelectronics.X-CUBE-BLEMGR.2.0.0
2023-11-09 17:35:14,856 [WARN] ConditionMgr:438 - getConditionDescription Invalid condition id : UX DEVICE CLASS RTOS Condition cause : null
2023-11-09 17:35:14,857 [WARN] ConditionMgr:438 - getConditionDescription Invalid condition id : UX DEVICE CLASS RTOS Condition cause : null
2023-11-09 17:35:14,884 [WARN] PackLoader:240 - Cannot read IP mode file for STMicroelectronics.X-CUBE-AZRTOS-H7.3.1.0
2023-11-09 17:35:14,890 [WARN] ConditionMgr:1039 - genDependencies : Invalid condition id : UX DEVICE CLASS RTOS Condition cause : null
2023-11-09 17:35:14,891 [WARN] ConditionMgr:1039 - genDependencies : Invalid condition id : UX DEVICE CLASS RTOS Condition cause : null
2023-11-09 17:35:14,892 [WARN] ConditionMgr:1039 - genDependencies : Invalid condition id : UX DEVICE CLASS RTOS Condition cause : null
2023-11-09 17:35:14,894 [WARN] ConditionMgr:1039 - genDependencies : Invalid condition id : UX DEVICE CLASS RTOS Condition cause : null
2023-11-09 17:35:14,894 [WARN] ConditionMgr:1039 - genDependencies : Invalid condition id : UX DEVICE CLASS RTOS Condition cause : null
2023-11-09 17:35:14,928 [WARN] PackLoader:240 - Cannot read IP mode file for STMicroelectronics.X-CUBE-NFC7.1.0.1
2023-11-09 17:35:14,980 [WARN] PackLoader:240 - Cannot read IP mode file for STMicroelectronics.X-CUBE-NFC6.3.0.0
2023-11-09 17:35:15,038 [WARN] PackLoader:240 - Cannot read IP mode file for STMicroelectronics.X-CUBE-EEPRMA1.4.1.0
2023-11-09 17:35:15,071 [WARN] PackLoader:240 - Cannot read IP mode file for STMicroelectronics.X-CUBE-AI.8.1.0
2023-11-09 17:35:15,200 [WARN] ConditionMgr:438 - getConditionDescription Invalid condition id : LAN8742 Phy interface Condition cause : null
2023-11-09 17:35:15,202 [WARN] PackLoader:240 - Cannot read IP mode file for STMicroelectronics.X-CUBE-AZRTOS-L4.2.0.0
2023-11-09 17:35:15,206 [WARN] ConditionMgr:1039 - genDependencies : Invalid condition id : LAN8742 Phy interface Condition cause : null
2023-11-09 17:35:15,208 [WARN] ConditionMgr:1039 - genDependencies : Invalid condition id : LAN8742 Phy interface Condition cause : null
2023-11-09 17:35:15,210 [WARN] ConditionMgr:1039 - genDependencies : Invalid condition id : LAN8742 Phy interface Condition cause : null
2023-11-09 17:35:15,392 [WARN] PackLoader:240 - Cannot read IP mode file for STMicroelectronics.X-CUBE-SFXS2LP1.4.0.0
2023-11-09 17:35:15,445 [WARN] PackLoader:240 - Cannot read IP mode file for STMicroelectronics.X-CUBE-ISPU.1.1.0
2023-11-09 17:35:15,509 [WARN] ConditionMgr:438 - getConditionDescription Invalid condition id : UX DEVICE CLASS RTOS Condition cause : null
2023-11-09 17:35:15,510 [WARN] ConditionMgr:438 - getConditionDescription Invalid condition id : UX DEVICE CLASS RTOS Condition cause : null
2023-11-09 17:35:15,533 [WARN] PackLoader:240 - Cannot read IP mode file for STMicroelectronics.X-CUBE-AZRTOS-WB.2.0.0
2023-11-09 17:35:15,538 [WARN] ConditionMgr:1039 - genDependencies : Invalid condition id : UX DEVICE CLASS RTOS Condition cause : null
2023-11-09 17:35:15,552 [WARN] ConditionMgr:1039 - genDependencies : Invalid condition id : UX DEVICE CLASS RTOS Condition cause : null
2023-11-09 17:35:15,577 [WARN] ConditionMgr:1039 - genDependencies : Invalid condition id : UX DEVICE CLASS RTOS Condition cause : null
2023-11-09 17:35:15,580 [WARN] ConditionMgr:1039 - genDependencies : Invalid condition id : UX DEVICE CLASS RTOS Condition cause : null
2023-11-09 17:35:15,581 [WARN] ConditionMgr:1039 - genDependencies : Invalid condition id : UX DEVICE CLASS RTOS Condition cause : null
2023-11-09 17:35:15,669 [WARN] PackLoader:240 - Cannot read IP mode file for STMicroelectronics.X-CUBE-SUBG2.5.0.0
2023-11-09 17:35:15,813 [WARN] PackLoader:240 - Cannot read IP mode file for STMicroelectronics.X-CUBE-TOF1.3.3.1
2023-11-09 17:35:15,953 [WARN] PackLoader:240 - Cannot read IP mode file for STMicroelectronics.X-CUBE-AZRTOS-G4.2.0.0
2023-11-09 17:35:16,101 [WARN] PackLoader:240 - Cannot read IP mode file for Infineon.AIROC-Wi-Fi-Bluetooth-STM32.1.5.1
2023-11-09 17:35:16,185 [WARN] PackLoader:240 - Cannot read IP mode file for STMicroelectronics.FP-SNS-MOTENVWB1.1.3.0
2023-11-09 17:35:16,515 [WARN] PackLoader:240 - Cannot read IP mode file for STMicroelectronics.X-CUBE-MEMS1.10.0.0
2023-11-09 17:35:16,878 [WARN] PackLoader:240 - Cannot read IP mode file for STMicroelectronics.X-CUBE-FREERTOS.1.1.0
2023-11-09 17:35:16,922 [WARN] PackLoader:240 - Cannot read IP mode file for portGmbH.I-Cube-SoM-uGOAL.1.1.0
2023-11-09 17:35:16,965 [WARN] PackLoader:240 - Cannot read IP mode file for STMicroelectronics.X-CUBE-ALS.1.0.1
2023-11-09 17:35:16,989 [WARN] PackLoader:240 - Cannot read IP mode file for STMicroelectronics.FP-ATR-ASTRA1.2.0.0
2023-11-09 17:35:16,994 [INFO] ThirdParty:978 - Integrity check success = true
2023-11-09 17:35:16,995 [INFO] IntegrityCheckThread:100 - exiting critical section [integrity check]
2023-11-09 17:35:16,995 [INFO] IntegrityCheckThread:103 - End integrity checks thread
2023-11-09 17:35:27,252 [ERROR] LogOutputStream:75 - [STDERR_REDIRECT] SLF4J: Failed to load class "org.slf4j.impl.StaticLoggerBinder".
2023-11-09 17:35:27,252 [ERROR] LogOutputStream:75 - [STDERR_REDIRECT] SLF4J: Defaulting to no-operation (NOP) logger implementation
2023-11-09 17:35:27,253 [ERROR] LogOutputStream:75 - [STDERR_REDIRECT] SLF4J: See http://www.slf4j.org/codes.html#StaticLoggerBinder for further details.
