2023-11-22 16:46:26,850 [INFO] Activator:176 - 


2023-11-22 16:46:26,852 [INFO] Activator:177 - !SESSION log4j initialized
2023-11-22 16:46:30,127 [INFO] LogOutputStream:77 - [STDOUT_REDIRECT] 
2023-11-22 16:46:37,560 [INFO] ApplicationProperties:184 - Using Application install path: C:\ST\STM32CubeIDE_1.13.2\STM32CubeIDE\plugins\com.st.stm32cube.common.mx_6.9.2.202309101412
2023-11-22 16:46:37,584 [INFO] DbMcusXml:78 - Set database path to: C:\ST\STM32CubeIDE_1.13.2\STM32CubeIDE\plugins\com.st.stm32cube.common.mx_6.9.2.202309101412\\db\/mcu/
2023-11-22 16:46:37,584 [INFO] ApiDb:274 - Set plugin database path to: C:\ST\STM32CubeIDE_1.13.2\STM32CubeIDE\plugins\com.st.stm32cube.common.mx_6.9.2.202309101412\\db\/plugins/boardmanager/
2023-11-22 16:46:37,589 [WARN] ApiDb:259 - Overriding images path with different value:  => C:\ST\STM32CubeIDE_1.13.2\STM32CubeIDE\plugins\com.st.stm32cube.common.mx_6.9.2.202309101412\\db\/plugins/mcufinder/images/
2023-11-22 16:46:37,602 [INFO] ApiDb:250 - Set database path to: C:\Users\iremg\.stmcufinder\plugins\mcufinder//mcu/
2023-11-22 16:46:37,604 [INFO] DbMcusAds:125 - Set database path to: C:\Users\iremg\.stmcufinder\plugins\mcufinder//mcu/
2023-11-22 16:46:37,607 [INFO] CrossReferenceDbSqlite:203 - Set database path to: C:\Users\iremg\.stmcufinder\plugins\mcufinder//mcu/cs/
2023-11-22 16:46:37,761 [INFO] RulesReader:64 - Compatibility file has been processed (293 Rules)
2023-11-22 16:46:37,872 [INFO] DbMcusXml:78 - Set database path to: C:\ST\STM32CubeIDE_1.13.2\STM32CubeIDE\plugins\com.st.stm32cube.common.mx_6.9.2.202309101412\\db\/mcu/
2023-11-22 16:46:37,872 [INFO] ApiDb:274 - Set plugin database path to: C:\ST\STM32CubeIDE_1.13.2\STM32CubeIDE\plugins\com.st.stm32cube.common.mx_6.9.2.202309101412\\db\/plugins/boardmanager/
2023-11-22 16:46:37,873 [INFO] ApiDb:261 - Set plugin images path to: C:\ST\STM32CubeIDE_1.13.2\STM32CubeIDE\plugins\com.st.stm32cube.common.mx_6.9.2.202309101412\\db\/plugins/mcufinder/images/
2023-11-22 16:46:37,873 [WARN] DbFile:41 - Overriding database path with different value: C:\Users\iremg\.stmcufinder\plugins\mcufinder/ => C:\Users\iremg\.stmcufinder\plugins\mcufinder
2023-11-22 16:46:37,873 [INFO] ApiDb:250 - Set database path to: C:\Users\iremg\.stmcufinder\plugins\mcufinder//mcu/
2023-11-22 16:46:37,873 [WARN] DbFile:41 - Overriding database path with different value: C:\Users\iremg\.stmcufinder\plugins\mcufinder/ => C:\Users\iremg\.stmcufinder\plugins\mcufinder
2023-11-22 16:46:37,874 [INFO] DbMcusAds:125 - Set database path to: C:\Users\iremg\.stmcufinder\plugins\mcufinder//mcu/
2023-11-22 16:46:37,874 [WARN] DbFile:41 - Overriding database path with different value: C:\Users\iremg\.stmcufinder\plugins\mcufinder/ => C:\Users\iremg\.stmcufinder\plugins\mcufinder
2023-11-22 16:46:37,874 [WARN] DbFile:41 - Overriding database path with different value: C:\Users\iremg\.stmcufinder\plugins\mcufinder/ => C:\Users\iremg\.stmcufinder\plugins\mcufinder
2023-11-22 16:46:37,874 [INFO] CrossReferenceDbSqlite:203 - Set database path to: C:\Users\iremg\.stmcufinder\plugins\mcufinder//mcu/cs/
2023-11-22 16:46:37,974 [INFO] MainPanel:262 - HeapMemory: 268435456
2023-11-22 16:46:38,064 [INFO] DbMcusXml:78 - Set database path to: C:\ST\STM32CubeIDE_1.13.2\STM32CubeIDE\plugins\com.st.stm32cube.common.mx_6.9.2.202309101412\\db\/mcu/
2023-11-22 16:46:38,064 [INFO] ApiDb:274 - Set plugin database path to: C:\ST\STM32CubeIDE_1.13.2\STM32CubeIDE\plugins\com.st.stm32cube.common.mx_6.9.2.202309101412\\db\/plugins/boardmanager/
2023-11-22 16:46:38,065 [INFO] ApiDb:261 - Set plugin images path to: C:\ST\STM32CubeIDE_1.13.2\STM32CubeIDE\plugins\com.st.stm32cube.common.mx_6.9.2.202309101412\\db\/plugins/mcufinder/images/
2023-11-22 16:46:38,065 [WARN] DbFile:41 - Overriding database path with different value: C:\Users\iremg\.stmcufinder\plugins\mcufinder/ => C:\Users\iremg\.stmcufinder\plugins\mcufinder
2023-11-22 16:46:38,065 [INFO] ApiDb:250 - Set database path to: C:\Users\iremg\.stmcufinder\plugins\mcufinder//mcu/
2023-11-22 16:46:38,065 [WARN] DbFile:41 - Overriding database path with different value: C:\Users\iremg\.stmcufinder\plugins\mcufinder/ => C:\Users\iremg\.stmcufinder\plugins\mcufinder
2023-11-22 16:46:38,065 [INFO] DbMcusAds:125 - Set database path to: C:\Users\iremg\.stmcufinder\plugins\mcufinder//mcu/
2023-11-22 16:46:38,065 [WARN] DbFile:41 - Overriding database path with different value: C:\Users\iremg\.stmcufinder\plugins\mcufinder/ => C:\Users\iremg\.stmcufinder\plugins\mcufinder
2023-11-22 16:46:38,065 [WARN] DbFile:41 - Overriding database path with different value: C:\Users\iremg\.stmcufinder\plugins\mcufinder/ => C:\Users\iremg\.stmcufinder\plugins\mcufinder
2023-11-22 16:46:38,066 [INFO] CrossReferenceDbSqlite:203 - Set database path to: C:\Users\iremg\.stmcufinder\plugins\mcufinder//mcu/cs/
2023-11-22 16:46:38,084 [INFO] ApplicationProperties:184 - Using Application install path: C:\ST\STM32CubeIDE_1.13.2\STM32CubeIDE\plugins\com.st.stm32cube.common.mx_6.9.2.202309101412
2023-11-22 16:46:38,086 [INFO] PluginManage:196 - Search for loadable plugins [exclusion list=, ]
2023-11-22 16:46:38,087 [INFO] PluginManage:310 - Check plugin analytics
2023-11-22 16:46:42,856 [INFO] AnalyticsPlugin:253 - Accepted Software Licenses: 
2023-11-22 16:46:42,857 [INFO] AnalyticsPlugin:255 - Accepted CMSIS Pack Licenses: 
2023-11-22 16:46:42,857 [INFO] AnalyticsPlugin:257 - Accepted Firmware Licenses: FW.F4.1.27.0
2023-11-22 16:46:42,860 [INFO] PluginManage:359 - Loaded plugin analytics (category:tool,tabindex:-1)
2023-11-22 16:46:42,861 [INFO] PluginManage:310 - Check plugin cadmodel
2023-11-22 16:46:42,866 [INFO] CADModel:105 - Init CAD model plugin
2023-11-22 16:46:42,867 [INFO] PluginManage:359 - Loaded plugin cadmodel (category:power,tabindex:5)
2023-11-22 16:46:42,867 [INFO] PluginManage:310 - Check plugin clock
2023-11-22 16:46:42,881 [INFO] PluginManage:359 - Loaded plugin clock (category:base,tabindex:2)
2023-11-22 16:46:42,881 [INFO] PluginManage:310 - Check plugin ddr
2023-11-22 16:46:42,884 [INFO] PluginManage:359 - Loaded plugin ddr (category:tool,tabindex:6)
2023-11-22 16:46:42,884 [INFO] PluginManage:310 - Check plugin filemanager
2023-11-22 16:46:43,086 [INFO] PluginManage:359 - Loaded plugin filemanager (category:base,tabindex:10)
2023-11-22 16:46:43,086 [INFO] PluginManage:310 - Check plugin ipmanager
2023-11-22 16:46:43,097 [INFO] PluginManage:359 - Loaded plugin ipmanager (category:base,tabindex:5)
2023-11-22 16:46:43,098 [INFO] PluginManage:310 - Check plugin lpbam
2023-11-22 16:46:43,112 [INFO] PluginManage:359 - Loaded plugin lpbam (category:base,tabindex:0)
2023-11-22 16:46:43,112 [INFO] PluginManage:310 - Check plugin memorymap
2023-11-22 16:46:43,132 [INFO] PluginManage:359 - Loaded plugin memorymap (category:base,tabindex:4)
2023-11-22 16:46:43,132 [INFO] PluginManage:310 - Check plugin pinoutandconfiguration
2023-11-22 16:46:43,144 [INFO] PluginManage:359 - Loaded plugin pinoutandconfiguration (category:base,tabindex:1)
2023-11-22 16:46:43,145 [INFO] PluginManage:310 - Check plugin pinoutconfig
2023-11-22 16:46:43,290 [WARN] SupportedApi:132 - Cannot load RTOS API schema: s4s-elt-must-match.1: The content of 'definitions' must match (annotation?, (simpleType | complexType)?, (unique | key | keyref)*)). A problem was found starting at: attribute.
2023-11-22 16:46:43,550 [INFO] PluginManage:359 - Loaded plugin pinoutconfig (category:base,tabindex:0)
2023-11-22 16:46:43,551 [INFO] PluginManage:310 - Check plugin power
2023-11-22 16:46:43,568 [INFO] PluginManage:359 - Loaded plugin power (category:power,tabindex:4)
2023-11-22 16:46:43,568 [INFO] PluginManage:310 - Check plugin projectmanager
2023-11-22 16:46:43,636 [INFO] PluginManage:359 - Loaded plugin projectmanager (category:projectmanager,tabindex:3)
2023-11-22 16:46:43,637 [INFO] PluginManage:310 - Check plugin thirdparty
2023-11-22 16:46:43,859 [INFO] PluginManage:359 - Loaded plugin thirdparty (category:base,tabindex:-1)
2023-11-22 16:46:43,859 [WARN] IntegrityCheckThread:84 - waiting for thirdparty lock release [integrity check]
2023-11-22 16:46:43,860 [INFO] PluginManage:310 - Check plugin tools
2023-11-22 16:46:43,860 [INFO] IntegrityCheckThread:86 - entering critical section [integrity check]
2023-11-22 16:46:43,861 [INFO] ThirdPartyUpdaterWithRetryManager:70 - Updater plugin not ready yet. [1/15]
2023-11-22 16:46:43,865 [INFO] PluginManage:359 - Loaded plugin tools (category:base,tabindex:7)
2023-11-22 16:46:43,866 [INFO] PluginManage:310 - Check plugin tutovideos
2023-11-22 16:46:44,212 [INFO] PluginManage:359 - Loaded plugin tutovideos (category:base,tabindex:-1)
2023-11-22 16:46:44,215 [INFO] PluginManage:310 - Check plugin updater
2023-11-22 16:46:44,233 [INFO] PluginManage:359 - Loaded plugin updater (category:base,tabindex:12)
2023-11-22 16:46:44,233 [INFO] PluginManage:310 - Check plugin userauth
2023-11-22 16:46:44,243 [INFO] UserAuth:113 - Init User Auth plugin
2023-11-22 16:46:44,243 [INFO] PluginManage:359 - Loaded plugin userauth (category:base,tabindex:14)
2023-11-22 16:46:44,244 [INFO] PluginManage:283 - PluginManage : Loaded plugins [17]
2023-11-22 16:46:44,566 [INFO] PinOutPanel:1499 - setPackage(No Configuration,No Configuration)
2023-11-22 16:46:44,716 [INFO] CADModel:165 - CPN selected for project level
2023-11-22 16:46:44,716 [INFO] CADModel:114 - Register for checkConnection events
2023-11-22 16:46:44,735 [INFO] IPUIPlugin:80 - create IPUIPlugin
2023-11-22 16:46:44,735 [INFO] PluginManager:220 - loadIPPluginJar : add adc
2023-11-22 16:46:44,738 [INFO] IPUIPlugin:80 - create IPUIPlugin
2023-11-22 16:46:44,738 [INFO] PluginManager:220 - loadIPPluginJar : add aes
2023-11-22 16:46:44,742 [INFO] IPUIPlugin:80 - create IPUIPlugin
2023-11-22 16:46:44,742 [INFO] PluginManager:220 - loadIPPluginJar : add can
2023-11-22 16:46:44,745 [INFO] IPUIPlugin:80 - create IPUIPlugin
2023-11-22 16:46:44,745 [INFO] PluginManager:220 - loadIPPluginJar : add comp
2023-11-22 16:46:44,749 [INFO] IPUIPlugin:80 - create IPUIPlugin
2023-11-22 16:46:44,749 [INFO] PluginManager:220 - loadIPPluginJar : add cryp
2023-11-22 16:46:44,752 [INFO] IPUIPlugin:80 - create IPUIPlugin
2023-11-22 16:46:44,752 [INFO] PluginManager:220 - loadIPPluginJar : add dfsdm
2023-11-22 16:46:44,760 [INFO] IPUIPlugin:80 - create IPUIPlugin
2023-11-22 16:46:44,761 [INFO] PluginManager:220 - loadIPPluginJar : add dma
2023-11-22 16:46:44,764 [INFO] IPUIPlugin:80 - create IPUIPlugin
2023-11-22 16:46:44,764 [INFO] PluginManager:220 - loadIPPluginJar : add dma3
2023-11-22 16:46:44,767 [INFO] IPUIPlugin:80 - create IPUIPlugin
2023-11-22 16:46:44,767 [INFO] PluginManager:220 - loadIPPluginJar : add fatfs
2023-11-22 16:46:44,773 [INFO] IPUIPlugin:80 - create IPUIPlugin
2023-11-22 16:46:44,773 [INFO] PluginManager:220 - loadIPPluginJar : add fmc
2023-11-22 16:46:44,779 [INFO] IPUIPlugin:80 - create IPUIPlugin
2023-11-22 16:46:44,780 [INFO] PluginManager:220 - loadIPPluginJar : add freertos
2023-11-22 16:46:44,781 [INFO] IPUIPlugin:80 - create IPUIPlugin
2023-11-22 16:46:44,781 [INFO] PluginManager:220 - loadIPPluginJar : add genericplugin
2023-11-22 16:46:44,785 [INFO] IPUIPlugin:80 - create IPUIPlugin
2023-11-22 16:46:44,785 [INFO] PluginManager:220 - loadIPPluginJar : add gfxmmu
2023-11-22 16:46:44,791 [INFO] IPUIPlugin:80 - create IPUIPlugin
2023-11-22 16:46:44,792 [INFO] PluginManager:220 - loadIPPluginJar : add gic
2023-11-22 16:46:44,797 [INFO] IPUIPlugin:80 - create IPUIPlugin
2023-11-22 16:46:44,797 [INFO] PluginManager:220 - loadIPPluginJar : add gpio
2023-11-22 16:46:44,802 [INFO] IPUIPlugin:80 - create IPUIPlugin
2023-11-22 16:46:44,802 [INFO] PluginManager:220 - loadIPPluginJar : add gtzc
2023-11-22 16:46:44,805 [INFO] IPUIPlugin:80 - create IPUIPlugin
2023-11-22 16:46:44,806 [INFO] PluginManager:220 - loadIPPluginJar : add hash
2023-11-22 16:46:44,809 [INFO] IPUIPlugin:80 - create IPUIPlugin
2023-11-22 16:46:44,810 [INFO] PluginManager:220 - loadIPPluginJar : add i2c
2023-11-22 16:46:44,816 [INFO] IPUIPlugin:80 - create IPUIPlugin
2023-11-22 16:46:44,816 [INFO] PluginManager:220 - loadIPPluginJar : add i2s
2023-11-22 16:46:44,819 [INFO] IPUIPlugin:80 - create IPUIPlugin
2023-11-22 16:46:44,820 [INFO] PluginManager:220 - loadIPPluginJar : add i3c
2023-11-22 16:46:44,824 [INFO] IPUIPlugin:80 - create IPUIPlugin
2023-11-22 16:46:44,824 [INFO] PluginManager:220 - loadIPPluginJar : add ipddr
2023-11-22 16:46:44,833 [INFO] IPUIPlugin:80 - create IPUIPlugin
2023-11-22 16:46:44,833 [INFO] PluginManager:220 - loadIPPluginJar : add linkedlist
2023-11-22 16:46:44,836 [INFO] IPUIPlugin:80 - create IPUIPlugin
2023-11-22 16:46:44,837 [INFO] PluginManager:220 - loadIPPluginJar : add lorawan
2023-11-22 16:46:44,839 [INFO] IPUIPlugin:80 - create IPUIPlugin
2023-11-22 16:46:44,840 [INFO] PluginManager:220 - loadIPPluginJar : add ltdc
2023-11-22 16:46:44,848 [INFO] IPUIPlugin:80 - create IPUIPlugin
2023-11-22 16:46:44,848 [INFO] PluginManager:220 - loadIPPluginJar : add mdma
2023-11-22 16:46:44,853 [INFO] IPUIPlugin:80 - create IPUIPlugin
2023-11-22 16:46:44,853 [INFO] PluginManager:220 - loadIPPluginJar : add nvic
2023-11-22 16:46:44,857 [INFO] IPUIPlugin:80 - create IPUIPlugin
2023-11-22 16:46:44,858 [INFO] PluginManager:220 - loadIPPluginJar : add opamp
2023-11-22 16:46:44,862 [INFO] IPUIPlugin:80 - create IPUIPlugin
2023-11-22 16:46:44,862 [INFO] PluginManager:220 - loadIPPluginJar : add openamp
2023-11-22 16:46:44,867 [INFO] IPUIPlugin:80 - create IPUIPlugin
2023-11-22 16:46:44,867 [INFO] PluginManager:220 - loadIPPluginJar : add pdm2pcm
2023-11-22 16:46:44,876 [INFO] IPUIPlugin:80 - create IPUIPlugin
2023-11-22 16:46:44,880 [INFO] PluginManager:220 - loadIPPluginJar : add plateformsettings
2023-11-22 16:46:44,882 [INFO] IPUIPlugin:80 - create IPUIPlugin
2023-11-22 16:46:44,883 [INFO] PluginManager:220 - loadIPPluginJar : add quadspi
2023-11-22 16:46:44,887 [INFO] IPUIPlugin:80 - create IPUIPlugin
2023-11-22 16:46:44,887 [INFO] PluginManager:220 - loadIPPluginJar : add resmgrutility
2023-11-22 16:46:44,893 [INFO] IPUIPlugin:80 - create IPUIPlugin
2023-11-22 16:46:44,893 [INFO] PluginManager:220 - loadIPPluginJar : add sai
2023-11-22 16:46:44,897 [INFO] IPUIPlugin:80 - create IPUIPlugin
2023-11-22 16:46:44,897 [INFO] PluginManager:220 - loadIPPluginJar : add spi
2023-11-22 16:46:44,904 [INFO] IPUIPlugin:80 - create IPUIPlugin
2023-11-22 16:46:44,905 [INFO] PluginManager:220 - loadIPPluginJar : add stm32_wpan
2023-11-22 16:46:44,908 [INFO] IPUIPlugin:80 - create IPUIPlugin
2023-11-22 16:46:44,908 [INFO] PluginManager:220 - loadIPPluginJar : add tim
2023-11-22 16:46:44,914 [INFO] IPUIPlugin:80 - create IPUIPlugin
2023-11-22 16:46:44,914 [INFO] PluginManager:220 - loadIPPluginJar : add touchsensing
2023-11-22 16:46:44,919 [INFO] IPUIPlugin:80 - create IPUIPlugin
2023-11-22 16:46:44,919 [INFO] PluginManager:220 - loadIPPluginJar : add tracer_emb
2023-11-22 16:46:44,923 [INFO] IPUIPlugin:80 - create IPUIPlugin
2023-11-22 16:46:44,923 [INFO] PluginManager:220 - loadIPPluginJar : add ts
2023-11-22 16:46:44,927 [INFO] IPUIPlugin:80 - create IPUIPlugin
2023-11-22 16:46:44,927 [INFO] PluginManager:220 - loadIPPluginJar : add tsc
2023-11-22 16:46:44,931 [INFO] IPUIPlugin:80 - create IPUIPlugin
2023-11-22 16:46:44,931 [INFO] PluginManager:220 - loadIPPluginJar : add ucpd
2023-11-22 16:46:44,935 [INFO] IPUIPlugin:80 - create IPUIPlugin
2023-11-22 16:46:44,936 [INFO] PluginManager:220 - loadIPPluginJar : add usart
2023-11-22 16:46:44,939 [INFO] IPUIPlugin:80 - create IPUIPlugin
2023-11-22 16:46:44,939 [INFO] PluginManager:220 - loadIPPluginJar : add usbx
2023-11-22 16:46:45,115 [INFO] CADModel:165 - CPN selected for project level
2023-11-22 16:46:45,115 [INFO] CADModel:114 - Register for checkConnection events
2023-11-22 16:46:45,115 [FATAL] Updater:308 - Updater called before beeing initialized
2023-11-22 16:46:45,116 [ERROR] CADModel:125 - Updater not yet initialized, retry later 
2023-11-22 16:46:45,302 [INFO] CADModel:165 - CPN selected for project level
2023-11-22 16:46:45,302 [INFO] CADModel:114 - Register for checkConnection events
2023-11-22 16:46:45,302 [FATAL] Updater:308 - Updater called before beeing initialized
2023-11-22 16:46:45,302 [ERROR] CADModel:125 - Updater not yet initialized, retry later 
2023-11-22 16:46:45,307 [FATAL] Updater:308 - Updater called before beeing initialized
2023-11-22 16:46:45,455 [FATAL] Updater:308 - Updater called before beeing initialized
2023-11-22 16:46:45,462 [INFO] DbMcusAds:53 - JSON generation date=Tue Mar 07 09:50:55 CET 2023 (1678179055335)
2023-11-22 16:46:45,463 [FATAL] Updater:308 - Updater called before beeing initialized
2023-11-22 16:46:45,521 [WARN] DetailPanel:346 - Failed to get advertising image, set to default
2023-11-22 16:46:45,664 [FATAL] Updater:308 - Updater called before beeing initialized
2023-11-22 16:46:45,665 [FATAL] Updater:308 - Updater called before beeing initialized
2023-11-22 16:46:45,666 [FATAL] Updater:308 - Updater called before beeing initialized
2023-11-22 16:46:45,666 [WARN] DetailPanel:346 - Failed to get advertising image, set to default
2023-11-22 16:46:45,667 [FATAL] Updater:308 - Updater called before beeing initialized
2023-11-22 16:46:45,723 [ERROR] Updater:1120 - MainUpdater not yet initialized. External WinMGr cannot be set.
2023-11-22 16:46:45,726 [INFO] Updater:1056 - Updater Version found : 6.9.2
2023-11-22 16:46:45,749 [INFO] ApplicationProperties:184 - Using Application install path: C:\ST\STM32CubeIDE_1.13.2\STM32CubeIDE\plugins\com.st.stm32cube.common.mx_6.9.2.202309101412
2023-11-22 16:46:45,964 [INFO] MainUpdater:2868 - connection check result : 10
2023-11-22 16:46:45,965 [INFO] MainUpdater:285 - Updater Check For Update Now.
2023-11-22 16:46:45,965 [INFO] MicroXplorer:498 - Change Database Version : DB.6.0.92
2023-11-22 16:46:45,974 [INFO] McuFinderGlobals:63 - Set McuFinder mode to 2 (CubeIDE integrated)
2023-11-22 16:46:46,300 [INFO] CheckServerUpdateThread:120 - End of CheckServer Thread
2023-11-22 16:46:47,192 [WARN] PackLoader:240 - Cannot read IP mode file for STMicroelectronics.X-CUBE-SMBUS.2.1.0
2023-11-22 16:46:47,258 [WARN] PackLoader:240 - Cannot read IP mode file for STMicroelectronics.X-CUBE-AZRTOS-F7.1.1.0
2023-11-22 16:46:47,284 [WARN] PackLoader:240 - Cannot read IP mode file for STMicroelectronics.FP-SNS-MOTENV1.4.3.2
2023-11-22 16:46:47,297 [WARN] PackLoader:240 - Cannot read IP mode file for STMicroelectronics.FP-SNS-FLIGHT1.5.0.2
2023-11-22 16:46:47,314 [WARN] PackLoader:240 - Cannot read IP mode file for STMicroelectronics.X-CUBE-DISPLAY.3.0.0
2023-11-22 16:46:47,336 [WARN] PackLoader:240 - Cannot read IP mode file for STMicroelectronics.X-CUBE-BLE1.7.0.0
2023-11-22 16:46:47,345 [WARN] PackLoader:240 - Cannot read IP mode file for emotas.I-CUBE-CANOPEN.1.3.0
2023-11-22 16:46:47,353 [WARN] PackLoader:240 - Cannot read IP mode file for STMicroelectronics.X-CUBE-TOUCHGFX.4.22.1
2023-11-22 16:46:47,361 [WARN] PackLoader:240 - Cannot read IP mode file for STMicroelectronics.FP-SNS-SMARTAG2.1.2.0
2023-11-22 16:46:47,383 [INFO] LogOutputStream:77 - [STDOUT_REDIRECT] 1 : Invalid condition id : UX_CORESTACK_Condition cause : null
2023-11-22 16:46:47,384 [INFO] LogOutputStream:77 - [STDOUT_REDIRECT] 1 : Invalid condition id : UX_CORESTACK_Condition cause : null
2023-11-22 16:46:47,386 [INFO] LogOutputStream:77 - [STDOUT_REDIRECT] 1 : Invalid condition id : UX_CORESTACK_Condition cause : null
2023-11-22 16:46:47,388 [INFO] LogOutputStream:77 - [STDOUT_REDIRECT] 1 : Invalid condition id : UX_CORESTACK_Condition cause : null
2023-11-22 16:46:47,390 [INFO] LogOutputStream:77 - [STDOUT_REDIRECT] 1 : Invalid condition id : UX_CORESTACK_Condition cause : null
2023-11-22 16:46:47,403 [WARN] PackLoader:240 - Cannot read IP mode file for STMicroelectronics.X-CUBE-AZRTOS-WL.2.0.0
2023-11-22 16:46:47,425 [WARN] PackLoader:240 - Cannot read IP mode file for WES.I-CUBE-Cesium.1.3.0
2023-11-22 16:46:47,436 [WARN] PackLoader:240 - Cannot read IP mode file for STMicroelectronics.X-CUBE-BLE2.3.3.0
2023-11-22 16:46:47,452 [WARN] PackLoader:240 - Cannot read IP mode file for STMicroelectronics.X-CUBE-ALGOBUILD.1.3.0
2023-11-22 16:46:47,499 [WARN] PackLoader:240 - Cannot read IP mode file for STMicroelectronics.X-CUBE-AZRTOS-G0.1.1.0
2023-11-22 16:46:47,514 [WARN] PackLoader:240 - Cannot read IP mode file for STMicroelectronics.X-CUBE-NFC4.3.0.0
2023-11-22 16:46:47,536 [WARN] PackLoader:240 - Cannot read IP mode file for STMicroelectronics.X-CUBE-BLEMGR.3.0.0
2023-11-22 16:46:47,548 [WARN] PackLoader:240 - Cannot read IP mode file for STMicroelectronics.FP-ATR-SIGFOX1.3.2.0
2023-11-22 16:46:47,623 [WARN] PackLoader:240 - Cannot read IP mode file for SEGGER.I-CUBE-embOS.1.3.1
2023-11-22 16:46:47,721 [WARN] PackLoader:240 - Cannot read IP mode file for STMicroelectronics.X-CUBE-GNSS1.6.0.0
2023-11-22 16:46:47,769 [WARN] PackLoader:240 - Cannot read IP mode file for STMicroelectronics.X-CUBE-AZRTOS-F4.1.1.0
2023-11-22 16:46:47,805 [WARN] PackLoader:240 - Cannot read IP mode file for wolfSSL.I-CUBE-wolfSSL.5.6.3
2023-11-22 16:46:47,870 [WARN] PackLoader:240 - Cannot read IP mode file for STMicroelectronics.X-CUBE-AZRTOS-L5.2.0.0
2023-11-22 16:46:47,890 [WARN] PackLoader:240 - Cannot read IP mode file for STMicroelectronics.X-CUBE-EEPRMA1.4.2.0
2023-11-22 16:46:47,903 [WARN] PackLoader:240 - Cannot read IP mode file for ITTIA_DB.I-CUBE-ITTIADB.8.8.0
2023-11-22 16:46:47,917 [WARN] PackLoader:240 - Cannot read IP mode file for STMicroelectronics.X-CUBE-BLEMGR.2.0.0
2023-11-22 16:46:47,974 [WARN] ConditionMgr:438 - getConditionDescription Invalid condition id : UX DEVICE CLASS RTOS Condition cause : null
2023-11-22 16:46:47,974 [WARN] ConditionMgr:438 - getConditionDescription Invalid condition id : UX DEVICE CLASS RTOS Condition cause : null
2023-11-22 16:46:47,982 [WARN] PackLoader:240 - Cannot read IP mode file for STMicroelectronics.X-CUBE-AZRTOS-H7.3.1.0
2023-11-22 16:46:47,985 [WARN] ConditionMgr:1039 - genDependencies : Invalid condition id : UX DEVICE CLASS RTOS Condition cause : null
2023-11-22 16:46:47,985 [WARN] ConditionMgr:1039 - genDependencies : Invalid condition id : UX DEVICE CLASS RTOS Condition cause : null
2023-11-22 16:46:47,987 [WARN] ConditionMgr:1039 - genDependencies : Invalid condition id : UX DEVICE CLASS RTOS Condition cause : null
2023-11-22 16:46:47,988 [WARN] ConditionMgr:1039 - genDependencies : Invalid condition id : UX DEVICE CLASS RTOS Condition cause : null
2023-11-22 16:46:47,988 [WARN] ConditionMgr:1039 - genDependencies : Invalid condition id : UX DEVICE CLASS RTOS Condition cause : null
2023-11-22 16:46:48,002 [WARN] PackLoader:240 - Cannot read IP mode file for STMicroelectronics.X-CUBE-NFC7.1.0.1
2023-11-22 16:46:48,019 [WARN] PackLoader:240 - Cannot read IP mode file for STMicroelectronics.X-CUBE-NFC6.3.0.0
2023-11-22 16:46:48,033 [WARN] PackLoader:240 - Cannot read IP mode file for STMicroelectronics.X-CUBE-EEPRMA1.4.1.0
2023-11-22 16:46:48,043 [WARN] PackLoader:240 - Cannot read IP mode file for STMicroelectronics.X-CUBE-AI.8.1.0
2023-11-22 16:46:48,080 [WARN] ConditionMgr:438 - getConditionDescription Invalid condition id : LAN8742 Phy interface Condition cause : null
2023-11-22 16:46:48,081 [WARN] PackLoader:240 - Cannot read IP mode file for STMicroelectronics.X-CUBE-AZRTOS-L4.2.0.0
2023-11-22 16:46:48,084 [WARN] ConditionMgr:1039 - genDependencies : Invalid condition id : LAN8742 Phy interface Condition cause : null
2023-11-22 16:46:48,084 [WARN] ConditionMgr:1039 - genDependencies : Invalid condition id : LAN8742 Phy interface Condition cause : null
2023-11-22 16:46:48,086 [WARN] ConditionMgr:1039 - genDependencies : Invalid condition id : LAN8742 Phy interface Condition cause : null
2023-11-22 16:46:48,098 [WARN] PackLoader:240 - Cannot read IP mode file for STMicroelectronics.X-CUBE-SFXS2LP1.4.0.0
2023-11-22 16:46:48,106 [WARN] PackLoader:240 - Cannot read IP mode file for STMicroelectronics.X-CUBE-ISPU.1.1.0
2023-11-22 16:46:48,127 [WARN] ConditionMgr:438 - getConditionDescription Invalid condition id : UX DEVICE CLASS RTOS Condition cause : null
2023-11-22 16:46:48,127 [WARN] ConditionMgr:438 - getConditionDescription Invalid condition id : UX DEVICE CLASS RTOS Condition cause : null
2023-11-22 16:46:48,132 [WARN] PackLoader:240 - Cannot read IP mode file for STMicroelectronics.X-CUBE-AZRTOS-WB.2.0.0
2023-11-22 16:46:48,133 [WARN] ConditionMgr:1039 - genDependencies : Invalid condition id : UX DEVICE CLASS RTOS Condition cause : null
2023-11-22 16:46:48,134 [WARN] ConditionMgr:1039 - genDependencies : Invalid condition id : UX DEVICE CLASS RTOS Condition cause : null
2023-11-22 16:46:48,135 [WARN] ConditionMgr:1039 - genDependencies : Invalid condition id : UX DEVICE CLASS RTOS Condition cause : null
2023-11-22 16:46:48,135 [WARN] ConditionMgr:1039 - genDependencies : Invalid condition id : UX DEVICE CLASS RTOS Condition cause : null
2023-11-22 16:46:48,136 [WARN] ConditionMgr:1039 - genDependencies : Invalid condition id : UX DEVICE CLASS RTOS Condition cause : null
2023-11-22 16:46:48,154 [WARN] PackLoader:240 - Cannot read IP mode file for STMicroelectronics.X-CUBE-SUBG2.5.0.0
2023-11-22 16:46:48,181 [WARN] PackLoader:240 - Cannot read IP mode file for STMicroelectronics.X-CUBE-TOF1.3.3.1
2023-11-22 16:46:48,224 [WARN] PackLoader:240 - Cannot read IP mode file for STMicroelectronics.X-CUBE-AZRTOS-G4.2.0.0
2023-11-22 16:46:48,251 [WARN] PackLoader:240 - Cannot read IP mode file for Infineon.AIROC-Wi-Fi-Bluetooth-STM32.1.5.1
2023-11-22 16:46:48,264 [WARN] PackLoader:240 - Cannot read IP mode file for STMicroelectronics.FP-SNS-MOTENVWB1.1.3.0
2023-11-22 16:46:48,337 [WARN] PackLoader:240 - Cannot read IP mode file for STMicroelectronics.X-CUBE-MEMS1.10.0.0
2023-11-22 16:46:48,640 [WARN] PackLoader:240 - Cannot read IP mode file for STMicroelectronics.X-CUBE-FREERTOS.1.1.0
2023-11-22 16:46:48,656 [WARN] PackLoader:240 - Cannot read IP mode file for portGmbH.I-Cube-SoM-uGOAL.1.1.0
2023-11-22 16:46:48,668 [WARN] PackLoader:240 - Cannot read IP mode file for STMicroelectronics.X-CUBE-ALS.1.0.1
2023-11-22 16:46:48,677 [WARN] PackLoader:240 - Cannot read IP mode file for STMicroelectronics.FP-ATR-ASTRA1.2.0.0
2023-11-22 16:46:48,704 [WARN] PackLoader:240 - Cannot read IP mode file for STMicroelectronics.X-CUBE-TOF1.3.4.0
2023-11-22 16:46:48,736 [INFO] ThirdParty:978 - Integrity check success = true
2023-11-22 16:46:48,736 [INFO] IntegrityCheckThread:100 - exiting critical section [integrity check]
2023-11-22 16:46:48,736 [INFO] IntegrityCheckThread:103 - End integrity checks thread
