2023-11-16 16:50:05,296 [INFO] LogOutputStream:77 - [STDOUT_REDIRECT] 
2023-11-16 16:50:08,396 [INFO] ProjectBuilder:4626 - Time for Generating toolchain IDE Files: 4596mS.
2023-11-16 16:50:08,398 [INFO] ProjectBuilder:2935 - Time for Copy CMSIS : 0mS.
2023-11-16 16:50:08,403 [INFO] ProjectBuilder:2935 - Time for Copy CMSIS : 0mS.
2023-11-16 16:52:21,422 [INFO] UtilMem:75 - End SaveConfig() Used Memory: 743623952 Bytes (929038336)
2023-11-16 16:52:27,622 [INFO] UtilMem:75 - End SaveConfig() Used Memory: 298157400 Bytes (929038336)
2023-11-16 16:52:27,825 [INFO] BlockDiagram:2759 - set Specific Code input for plugin: SPI
2023-11-16 16:52:27,825 [INFO] BlockDiagram:2759 - set Specific Code input for plugin: SYS
2023-11-16 16:52:27,825 [INFO] BlockDiagram:2759 - set Specific Code input for plugin: RCC
2023-11-16 16:52:27,825 [INFO] BlockDiagram:2759 - set Specific Code input for plugin: USB_OTG_FS
2023-11-16 16:52:27,825 [INFO] BlockDiagram:2759 - set Specific Code input for plugin: NVIC
2023-11-16 16:52:27,825 [INFO] BlockDiagram:2759 - set Specific Code input for plugin: USART
2023-11-16 16:52:27,825 [INFO] BlockDiagram:2759 - set Specific Code input for plugin: GPIO
2023-11-16 16:52:27,825 [INFO] BlockDiagram:2759 - set Specific Code input for plugin: ETH
2023-11-16 16:52:27,826 [INFO] CodeGenerator:799 - code generatio: config db path: C:\ST\STM32CubeIDE_1.13.2\STM32CubeIDE\plugins\com.st.stm32cube.common.mx_6.9.2.202309101412\\db\
2023-11-16 16:52:27,972 [INFO] CodeEngine:255 - oldGeneratedFile, C:\Users\iremg\STM32CubeIDE\workspace_1.13.2\versuch_3_SPI\MXTmpFiles\license.tmp_save
2023-11-16 16:52:28,054 [INFO] CodeEngine:279 - Generated code: C:\Users\iremg\STM32CubeIDE\workspace_1.13.2\versuch_3_SPI\MXTmpFiles\license.tmp
2023-11-16 16:52:28,082 [INFO] CodeEngine:255 - oldGeneratedFile, C:\Users\iremg\STM32CubeIDE\workspace_1.13.2\versuch_3_SPI\MXTmpFiles\gpio.tmp_save
2023-11-16 16:52:28,184 [INFO] CodeEngine:279 - Generated code: C:\Users\iremg\STM32CubeIDE\workspace_1.13.2\versuch_3_SPI\MXTmpFiles\gpio.tmp
2023-11-16 16:52:28,328 [WARN] IPConfigManager:2937 - Warning: the RefConfig PWREx_EnableUSBVoltageDetector is not available in your config.xml file
2023-11-16 16:52:28,360 [INFO] CodeEngine:255 - oldGeneratedFile, C:\Users\iremg\STM32CubeIDE\workspace_1.13.2\versuch_3_SPI\Core\Src\stm32f4xx_it.c_save
2023-11-16 16:52:28,447 [INFO] CodeEngine:279 - Generated code: C:\Users\iremg\STM32CubeIDE\workspace_1.13.2\versuch_3_SPI\Core\Src\stm32f4xx_it.c
2023-11-16 16:52:28,454 [INFO] CodeEngine:255 - oldGeneratedFile, C:\Users\iremg\STM32CubeIDE\workspace_1.13.2\versuch_3_SPI\Core\Inc\stm32f4xx_it.h_save
2023-11-16 16:52:28,509 [INFO] CodeEngine:279 - Generated code: C:\Users\iremg\STM32CubeIDE\workspace_1.13.2\versuch_3_SPI\Core\Inc\stm32f4xx_it.h
2023-11-16 16:52:28,530 [INFO] CodeEngine:255 - oldGeneratedFile, C:\Users\iremg\STM32CubeIDE\workspace_1.13.2\versuch_3_SPI\Core\Src\stm32f4xx_hal_msp.c_save
2023-11-16 16:52:28,665 [INFO] CodeEngine:279 - Generated code: C:\Users\iremg\STM32CubeIDE\workspace_1.13.2\versuch_3_SPI\Core\Src\stm32f4xx_hal_msp.c
2023-11-16 16:52:28,675 [INFO] CodeEngine:255 - oldGeneratedFile, C:\Users\iremg\STM32CubeIDE\workspace_1.13.2\versuch_3_SPI\MXTmpFiles\system.tmp_save
2023-11-16 16:52:28,723 [INFO] CodeEngine:279 - Generated code: C:\Users\iremg\STM32CubeIDE\workspace_1.13.2\versuch_3_SPI\MXTmpFiles\system.tmp
2023-11-16 16:52:28,741 [INFO] CodeEngine:311 - oldGeneratedFile, C:\Users\iremg\STM32CubeIDE\workspace_1.13.2\versuch_3_SPI\Core\Inc\stm32f4xx_hal_conf.h_save
2023-11-16 16:52:28,831 [INFO] CodeEngine:335 - Generated code: C:\Users\iremg\STM32CubeIDE\workspace_1.13.2\versuch_3_SPI\Core\Inc\stm32f4xx_hal_conf.h
2023-11-16 16:52:28,858 [WARN] IPConfigManager:3431 - IP not found : USB_OTG
2023-11-16 16:52:28,859 [WARN] CodeGenerator:3764 - IP not found : null
2023-11-16 16:52:28,875 [INFO] CodeEngine:255 - oldGeneratedFile, C:\Users\iremg\STM32CubeIDE\workspace_1.13.2\versuch_3_SPI\Core\Inc\main.h_save
2023-11-16 16:52:28,939 [INFO] CodeEngine:279 - Generated code: C:\Users\iremg\STM32CubeIDE\workspace_1.13.2\versuch_3_SPI\Core\Inc\main.h
2023-11-16 16:52:28,952 [INFO] CodeEngine:255 - oldGeneratedFile, C:\Users\iremg\STM32CubeIDE\workspace_1.13.2\versuch_3_SPI\Core\Src\main.c_save
2023-11-16 16:52:29,070 [INFO] CodeEngine:279 - Generated code: C:\Users\iremg\STM32CubeIDE\workspace_1.13.2\versuch_3_SPI\Core\Src\main.c
2023-11-16 16:52:29,658 [INFO] ProjectBuilder:3064 - Time for Copy HAL[1] : 331mS.
2023-11-16 16:52:29,663 [INFO] ProjectBuilder:4404 - Project Generator version: 4.1.0
2023-11-16 16:52:30,050 [INFO] ConfigFileManager:1457 - The Die is : DIE419
2023-11-16 16:52:31,531 [INFO] ProjectBuilder:4626 - Time for Generating toolchain IDE Files: 1868mS.
2023-11-16 16:52:31,532 [INFO] ProjectBuilder:2935 - Time for Copy CMSIS : 1mS.
2023-11-16 16:52:31,536 [INFO] ProjectBuilder:2935 - Time for Copy CMSIS : 0mS.
2023-11-16 16:52:46,315 [INFO] Gpio:273 - dependency for GPIO [ETH, RCC, SPI1, SYS, USART3, USB_OTG_FS]
2023-11-16 16:53:34,597 [INFO] MainUpdater:2868 - connection check result : 10
2023-11-16 16:53:34,597 [INFO] MainUpdater:2868 - connection check result : 10
2023-11-16 16:53:34,635 [INFO] MicroXplorer:468 - Change Database Path : 
2023-11-16 16:53:34,635 [INFO] MicroXplorer:498 - Change Database Version : DB.6.0.92
2023-11-16 16:53:34,653 [WARN] ThirdParty:871 - waiting for thirdparty lock release [close project]
2023-11-16 16:53:34,653 [INFO] ThirdParty:873 - entering critical section [close project]
2023-11-16 16:53:34,653 [INFO] ThirdParty:883 - exiting critical section [close project]
2023-11-16 16:53:34,655 [INFO] PinOutPanel:1499 - setPackage(No Configuration,No Configuration)
2023-11-16 16:53:34,661 [WARN] IpParametersView:151 - Warning: This peripheral hasn't parameters
2023-11-16 16:53:34,663 [WARN] MainPanel:272 - <html><b><center>Warning: This peripheral has no parameters to be configured<br></b></html>
2023-11-16 16:53:34,667 [INFO] UtilMem:75 - Begin LoadConfig() Used Memory: 457841336 Bytes (1034944512)
2023-11-16 16:53:34,667 [INFO] MicroXplorer:468 - Change Database Path : 
2023-11-16 16:53:34,667 [INFO] MicroXplorer:498 - Change Database Version : DB.6.0.92
2023-11-16 16:53:34,667 [INFO] OpenFileManager:308 - Change cursor
2023-11-16 16:53:34,699 [INFO] RulesReader:64 - Compatibility file has been processed (293 Rules)
2023-11-16 16:53:34,702 [INFO] Mcu:1946 - Initializing MCU STM32F429ZITx STM32F429ZITx STM32F429ZIT6
2023-11-16 16:53:36,303 [INFO] Context:659 - Trying to add GPIOservice into a context  which must be forbidden
2023-11-16 16:53:36,719 [INFO] RtosManager:555 - Registered RTOS mode: class=CMSIS, group=RTOS, mode=CMSIS_V1, owner=FREERTOS
2023-11-16 16:53:36,719 [INFO] RtosManager:555 - Registered RTOS mode: class=CMSIS, group=RTOS2, mode=CMSIS_V2, owner=FREERTOS
2023-11-16 16:53:36,719 [INFO] RtosManager:555 - Registered RTOS mode: class=RTOS, group=Core, mode=CMSIS_V1, owner=FREERTOS
2023-11-16 16:53:36,719 [INFO] RtosManager:555 - Registered RTOS mode: class=RTOS, group=Core, mode=CMSIS_V2, owner=FREERTOS
2023-11-16 16:53:36,719 [WARN] ModelIntegratedComponent:184 - Missing modes for component STMicroelectronics:FreeRTOS:0.0.1:STMicroelectronics:RTOS:FreeRTOS:Core:::10.2.0:
2023-11-16 16:53:36,732 [WARN] ModelIntegratedComponent:63 - No mode defined for component null
2023-11-16 16:53:36,732 [WARN] ModelIntegratedComponent:63 - No mode defined for component null
2023-11-16 16:53:36,733 [WARN] ModelIntegratedComponent:63 - No mode defined for component null
2023-11-16 16:53:36,733 [WARN] ModelIntegratedComponent:63 - No mode defined for component null
2023-11-16 16:53:36,733 [WARN] ModelIntegratedComponent:63 - No mode defined for component null
2023-11-16 16:53:36,733 [WARN] ModelIntegratedComponent:63 - No mode defined for component null
2023-11-16 16:53:36,733 [WARN] ModelIntegratedComponent:63 - No mode defined for component null
2023-11-16 16:53:36,733 [WARN] ModelIntegratedComponent:63 - No mode defined for component null
2023-11-16 16:53:36,733 [WARN] ModelIntegratedComponent:63 - No mode defined for component null
2023-11-16 16:53:36,733 [WARN] ModelIntegratedComponent:63 - No mode defined for component null
2023-11-16 16:53:36,733 [WARN] ModelIntegratedComponent:63 - No mode defined for component null
2023-11-16 16:53:36,733 [WARN] ModelIntegratedComponent:63 - No mode defined for component null
2023-11-16 16:53:36,733 [WARN] ModelIntegratedComponent:63 - No mode defined for component null
2023-11-16 16:53:36,733 [WARN] ModelIntegratedComponent:63 - No mode defined for component null
2023-11-16 16:53:36,733 [WARN] ModelIntegratedComponent:63 - No mode defined for component null
2023-11-16 16:53:36,733 [WARN] ModelIntegratedComponent:63 - No mode defined for component null
2023-11-16 16:53:36,733 [WARN] ModelIntegratedComponent:63 - No mode defined for component null
2023-11-16 16:53:36,733 [WARN] ModelIntegratedComponent:63 - No mode defined for component null
2023-11-16 16:53:36,733 [WARN] ModelIntegratedComponent:63 - No mode defined for component null
2023-11-16 16:53:36,733 [WARN] ModelIntegratedComponent:63 - No mode defined for component null
2023-11-16 16:53:36,733 [WARN] ModelIntegratedComponent:63 - No mode defined for component null
2023-11-16 16:53:36,733 [WARN] ModelIntegratedComponent:63 - No mode defined for component null
2023-11-16 16:53:36,733 [WARN] ModelIntegratedComponent:63 - No mode defined for component null
2023-11-16 16:53:36,734 [WARN] ModelIntegratedComponent:63 - No mode defined for component null
2023-11-16 16:53:36,734 [WARN] ModelIntegratedComponent:63 - No mode defined for component null
2023-11-16 16:53:36,734 [WARN] ModelIntegratedComponent:63 - No mode defined for component null
2023-11-16 16:53:36,734 [WARN] ModelIntegratedComponent:63 - No mode defined for component null
2023-11-16 16:53:36,734 [WARN] ModelIntegratedComponent:63 - No mode defined for component null
2023-11-16 16:53:36,734 [WARN] ModelIntegratedComponent:63 - No mode defined for component null
2023-11-16 16:53:36,734 [WARN] ModelIntegratedComponent:63 - No mode defined for component null
2023-11-16 16:53:36,734 [WARN] ModelIntegratedComponent:63 - No mode defined for component null
2023-11-16 16:53:36,734 [WARN] ModelIntegratedComponent:63 - No mode defined for component null
2023-11-16 16:53:36,734 [WARN] ModelIntegratedComponent:63 - No mode defined for component null
2023-11-16 16:53:36,845 [INFO] ThirdPartyModel:298 - Start build external matchings
2023-11-16 16:53:37,225 [INFO] ThirdPartyModel:316 - End build external matchings
2023-11-16 16:53:37,230 [INFO] ImportTextPane:194 - (OptionalMessage_ERROR) IP (ETH) : Invalid parameter (PHY_Name)
2023-11-16 16:53:37,230 [INFO] ImportTextPane:194 - (OptionalMessage_ERROR) IP (ETH) : Invalid parameter (PHY_Value)
2023-11-16 16:53:37,230 [INFO] ImportTextPane:194 - (OptionalMessage_ERROR) IP (ETH) : Invalid parameter (PhyAddress)
2023-11-16 16:53:37,230 [INFO] ImportTextPane:194 - (OptionalMessage_ERROR) IP (RCC) : Invalid parameter (ADC12outputFreq_Value)
2023-11-16 16:53:37,230 [INFO] ImportTextPane:194 - (OptionalMessage_ERROR) IP (RCC) : Invalid parameter (ADC34outputFreq_Value)
2023-11-16 16:53:37,230 [INFO] ImportTextPane:194 - (OptionalMessage_ERROR) IP (RCC) : Invalid parameter (FamilyName)
2023-11-16 16:53:37,231 [INFO] ImportTextPane:194 - (OptionalMessage_ERROR) IP (RCC) : Invalid parameter (I2C1Freq_Value)
2023-11-16 16:53:37,231 [INFO] ImportTextPane:194 - (OptionalMessage_ERROR) IP (RCC) : Invalid parameter (I2C2Freq_Value)
2023-11-16 16:53:37,231 [INFO] ImportTextPane:194 - (OptionalMessage_ERROR) IP (RCC) : Invalid parameter (I2C3Freq_Value)
2023-11-16 16:53:37,231 [INFO] ImportTextPane:194 - (OptionalMessage_ERROR) IP (RCC) : Parameter (MCO2PinFreq_Value) has invalid value (168000000)
2023-11-16 16:53:37,231 [INFO] ImportTextPane:194 - (OptionalMessage_ERROR) IP (RCC) : Invalid parameter (MCOFreq_Value)
2023-11-16 16:53:37,231 [INFO] ImportTextPane:194 - (OptionalMessage_ERROR) IP (RCC) : Invalid parameter (PLLMCOFreq_Value)
2023-11-16 16:53:37,231 [INFO] ImportTextPane:194 - (OptionalMessage_ERROR) IP (RCC) : Invalid parameter (PLLMUL)
2023-11-16 16:53:37,231 [INFO] ImportTextPane:194 - (OptionalMessage_ERROR) IP (RCC) : Invalid parameter (PRESCALERUSB)
2023-11-16 16:53:37,231 [INFO] ImportTextPane:194 - (OptionalMessage_ERROR) IP (RCC) : Parameter (RTCHSEDivFreq_Value) has invalid value (4000000)
2023-11-16 16:53:37,231 [INFO] ImportTextPane:194 - (OptionalMessage_ERROR) IP (RCC) : Invalid parameter (SYSCLKSourceVirtual)
2023-11-16 16:53:37,231 [INFO] ImportTextPane:194 - (OptionalMessage_ERROR) IP (RCC) : Invalid parameter (TIM15Freq_Value)
2023-11-16 16:53:37,231 [INFO] ImportTextPane:194 - (OptionalMessage_ERROR) IP (RCC) : Invalid parameter (TIM16Freq_Value)
2023-11-16 16:53:37,231 [INFO] ImportTextPane:194 - (OptionalMessage_ERROR) IP (RCC) : Invalid parameter (TIM17Freq_Value)
2023-11-16 16:53:37,231 [INFO] ImportTextPane:194 - (OptionalMessage_ERROR) IP (RCC) : Invalid parameter (TIM1Freq_Value)
2023-11-16 16:53:37,231 [INFO] ImportTextPane:194 - (OptionalMessage_ERROR) IP (RCC) : Invalid parameter (TIM20Freq_Value)
2023-11-16 16:53:37,231 [INFO] ImportTextPane:194 - (OptionalMessage_ERROR) IP (RCC) : Invalid parameter (TIM2Freq_Value)
2023-11-16 16:53:37,231 [INFO] ImportTextPane:194 - (OptionalMessage_ERROR) IP (RCC) : Invalid parameter (TIM3Freq_Value)
2023-11-16 16:53:37,231 [INFO] ImportTextPane:194 - (OptionalMessage_ERROR) IP (RCC) : Invalid parameter (TIM8Freq_Value)
2023-11-16 16:53:37,232 [INFO] ImportTextPane:194 - (OptionalMessage_ERROR) IP (RCC) : Invalid parameter (UART4Freq_Value)
2023-11-16 16:53:37,232 [INFO] ImportTextPane:194 - (OptionalMessage_ERROR) IP (RCC) : Invalid parameter (UART5Freq_Value)
2023-11-16 16:53:37,232 [INFO] ImportTextPane:194 - (OptionalMessage_ERROR) IP (RCC) : Invalid parameter (USART1Freq_Value)
2023-11-16 16:53:37,232 [INFO] ImportTextPane:194 - (OptionalMessage_ERROR) IP (RCC) : Invalid parameter (USART2Freq_Value)
2023-11-16 16:53:37,232 [INFO] ImportTextPane:194 - (OptionalMessage_ERROR) IP (RCC) : Invalid parameter (USART3Freq_Value)
2023-11-16 16:53:37,232 [INFO] ImportTextPane:194 - (OptionalMessage_ERROR) IP (RCC) : Invalid parameter (USBFreq_Value)
2023-11-16 16:53:37,232 [INFO] ImportTextPane:194 - (OptionalMessage_ERROR) IP (RCC) : Invalid parameter (VCOOutput2Freq_Value)
2023-11-16 16:53:37,512 [INFO] UtilMem:75 - End LoadConfig() Used Memory: 418339784 Bytes (1034944512)
2023-11-16 16:53:37,544 [WARN] ThirdParty:833 - waiting for thirdparty lock release [change project]
2023-11-16 16:53:37,544 [INFO] ThirdParty:835 - entering critical section [change project]
2023-11-16 16:53:37,544 [INFO] ThirdParty:1030 - CMSIS Pack Vendor :STMicroelectronics X-CUBE-ISPU 1.1.0
2023-11-16 16:53:37,544 [INFO] ThirdParty:1030 - CMSIS Pack Vendor :STMicroelectronics USBPD 4.1
2023-11-16 16:53:37,544 [INFO] ThirdParty:1030 - CMSIS Pack Vendor :STMicroelectronics X-CUBE-GNSS1 6.0.0
2023-11-16 16:53:37,545 [INFO] ThirdParty:1030 - CMSIS Pack Vendor :STMicroelectronics USB_HOST 2.0.0
2023-11-16 16:53:37,545 [INFO] ThirdParty:1030 - CMSIS Pack Vendor :STMicroelectronics X-CUBE-AZRTOS-F4 1.1.0
2023-11-16 16:53:37,545 [INFO] ThirdParty:1030 - CMSIS Pack Vendor :STMicroelectronics LIBJPEG 8.0.0
2023-11-16 16:53:37,545 [INFO] ThirdParty:1030 - CMSIS Pack Vendor :wolfSSL I-CUBE-wolfSSL 5.6.3
2023-11-16 16:53:37,545 [INFO] ThirdParty:1030 - CMSIS Pack Vendor :STMicroelectronics X-CUBE-SMBUS 2.1.0
2023-11-16 16:53:37,545 [INFO] ThirdParty:1030 - CMSIS Pack Vendor :STMicroelectronics USB_DEVICE 3.0.0
2023-11-16 16:53:37,545 [INFO] ThirdParty:1030 - CMSIS Pack Vendor :STMicroelectronics X-CUBE-AZRTOS-WB 2.0.0
2023-11-16 16:53:37,545 [INFO] ThirdParty:1030 - CMSIS Pack Vendor :STMicroelectronics X-CUBE-AZRTOS-F7 1.1.0
2023-11-16 16:53:37,545 [INFO] ThirdParty:1030 - CMSIS Pack Vendor :STMicroelectronics X-CUBE-AZRTOS-L5 2.0.0
2023-11-16 16:53:37,545 [INFO] ThirdParty:1030 - CMSIS Pack Vendor :STMicroelectronics USB_DEVICE 2.0.0
2023-11-16 16:53:37,545 [INFO] ThirdParty:1030 - CMSIS Pack Vendor :STMicroelectronics X-CUBE-EEPRMA1 4.2.0
2023-11-16 16:53:37,545 [INFO] ThirdParty:1030 - CMSIS Pack Vendor :ITTIA_DB I-CUBE-ITTIADB 8.8.0
2023-11-16 16:53:37,545 [INFO] ThirdParty:1030 - CMSIS Pack Vendor :STMicroelectronics FP-SNS-MOTENV1 4.3.2
2023-11-16 16:53:37,545 [INFO] ThirdParty:1030 - CMSIS Pack Vendor :STMicroelectronics X-CUBE-ALGOBUILD 1.3.0
2023-11-16 16:53:37,545 [INFO] ThirdParty:1030 - CMSIS Pack Vendor :STMicroelectronics FreeRTOS 0.0.1
2023-11-16 16:53:37,545 [INFO] ThirdParty:1030 - CMSIS Pack Vendor :STMicroelectronics X-CUBE-AZRTOS-G0 1.1.0
2023-11-16 16:53:37,545 [INFO] ThirdParty:1030 - CMSIS Pack Vendor :STMicroelectronics X-CUBE-BLEMGR 2.0.0
2023-11-16 16:53:37,545 [INFO] ThirdParty:1030 - CMSIS Pack Vendor :STMicroelectronics X-CUBE-NFC4 3.0.0
2023-11-16 16:53:37,545 [INFO] ThirdParty:1030 - CMSIS Pack Vendor :STMicroelectronics X-CUBE-SUBG2 5.0.0
2023-11-16 16:53:37,545 [INFO] ThirdParty:1030 - CMSIS Pack Vendor :STMicroelectronics STM32_WPAN 1.0.0
2023-11-16 16:53:37,545 [INFO] ThirdParty:1030 - CMSIS Pack Vendor :STMicroelectronics lwIP 2.0.3
2023-11-16 16:53:37,545 [INFO] ThirdParty:1030 - CMSIS Pack Vendor :STMicroelectronics FP-SNS-FLIGHT1 5.0.2
2023-11-16 16:53:37,545 [INFO] ThirdParty:1030 - CMSIS Pack Vendor :STMicroelectronics USB_HOST 1.0.0
2023-11-16 16:53:37,545 [INFO] ThirdParty:1030 - CMSIS Pack Vendor :STMicroelectronics X-CUBE-TOF1 3.3.1
2023-11-16 16:53:37,545 [INFO] ThirdParty:1030 - CMSIS Pack Vendor :STMicroelectronics X-CUBE-AZRTOS-G4 2.0.0
2023-11-16 16:53:37,545 [INFO] ThirdParty:1030 - CMSIS Pack Vendor :STMicroelectronics PDM2PCM 3.1.0
2023-11-16 16:53:37,545 [INFO] ThirdParty:1030 - CMSIS Pack Vendor :STMicroelectronics X-CUBE-AZRTOS-H7 3.1.0
2023-11-16 16:53:37,545 [INFO] ThirdParty:1030 - CMSIS Pack Vendor :Infineon AIROC-Wi-Fi-Bluetooth-STM32 1.5.1
2023-11-16 16:53:37,545 [INFO] ThirdParty:1030 - CMSIS Pack Vendor :STMicroelectronics X-CUBE-BLEMGR 3.0.0
2023-11-16 16:53:37,545 [INFO] ThirdParty:1030 - CMSIS Pack Vendor :STMicroelectronics PDM2PCM 3.3.0
2023-11-16 16:53:37,545 [INFO] ThirdParty:1030 - CMSIS Pack Vendor :STMicroelectronics X-CUBE-DISPLAY 3.0.0
2023-11-16 16:53:37,545 [INFO] ThirdParty:1030 - CMSIS Pack Vendor :STMicroelectronics FP-SNS-MOTENVWB1 1.3.0
2023-11-16 16:53:37,545 [INFO] ThirdParty:1030 - CMSIS Pack Vendor :STMicroelectronics X-CUBE-BLE1 7.0.0
2023-11-16 16:53:37,545 [INFO] ThirdParty:1030 - CMSIS Pack Vendor :STMicroelectronics FP-ATR-SIGFOX1 3.2.0
2023-11-16 16:53:37,546 [INFO] ThirdParty:1030 - CMSIS Pack Vendor :STMicroelectronics HAL Drivers 0.0.0
2023-11-16 16:53:37,546 [INFO] ThirdParty:1030 - CMSIS Pack Vendor :STMicroelectronics MBEDTLS 2.16.2
2023-11-16 16:53:37,546 [INFO] ThirdParty:1030 - CMSIS Pack Vendor :emotas I-CUBE-CANOPEN 1.3.0
2023-11-16 16:53:37,546 [INFO] ThirdParty:1030 - CMSIS Pack Vendor :STMicroelectronics X-CUBE-MEMS1 10.0.0
2023-11-16 16:53:37,546 [INFO] ThirdParty:1030 - CMSIS Pack Vendor :STMicroelectronics X-CUBE-FREERTOS 1.1.0
2023-11-16 16:53:37,546 [INFO] ThirdParty:1030 - CMSIS Pack Vendor :STMicroelectronics X-CUBE-NFC7 1.0.1
2023-11-16 16:53:37,546 [INFO] ThirdParty:1030 - CMSIS Pack Vendor :STMicroelectronics MBEDTLS 2.14.1
2023-11-16 16:53:37,546 [INFO] ThirdParty:1030 - CMSIS Pack Vendor :STMicroelectronics X-CUBE-TOUCHGFX 4.22.1
2023-11-16 16:53:37,546 [INFO] ThirdParty:1030 - CMSIS Pack Vendor :STMicroelectronics X-CUBE-NFC6 3.0.0
2023-11-16 16:53:37,546 [INFO] ThirdParty:1030 - CMSIS Pack Vendor :STMicroelectronics X-CUBE-EEPRMA1 4.1.0
2023-11-16 16:53:37,546 [INFO] ThirdParty:1030 - CMSIS Pack Vendor :portGmbH I-Cube-SoM-uGOAL 1.1.0
2023-11-16 16:53:37,546 [INFO] ThirdParty:1030 - CMSIS Pack Vendor :STMicroelectronics X-CUBE-ALS 1.0.1
2023-11-16 16:53:37,546 [INFO] ThirdParty:1030 - CMSIS Pack Vendor :STMicroelectronics ThreadX 1.0.0
2023-11-16 16:53:37,546 [INFO] ThirdParty:1030 - CMSIS Pack Vendor :STMicroelectronics FP-SNS-SMARTAG2 1.2.0
2023-11-16 16:53:37,546 [INFO] ThirdParty:1030 - CMSIS Pack Vendor :STMicroelectronics X-CUBE-AZRTOS-WL 2.0.0
2023-11-16 16:53:37,546 [INFO] ThirdParty:1030 - CMSIS Pack Vendor :SEGGER I-CUBE-embOS 1.3.1
2023-11-16 16:53:37,546 [INFO] ThirdParty:1030 - CMSIS Pack Vendor :STMicroelectronics USB_DEVICE 1.0.0
2023-11-16 16:53:37,547 [INFO] ThirdParty:1030 - CMSIS Pack Vendor :STMicroelectronics X-CUBE-AI 8.1.0
2023-11-16 16:53:37,547 [INFO] ThirdParty:1030 - CMSIS Pack Vendor :STMicroelectronics X-CUBE-AZRTOS-L4 2.0.0
2023-11-16 16:53:37,547 [INFO] ThirdParty:1030 - CMSIS Pack Vendor :STMicroelectronics ThreadX 0.0.2
2023-11-16 16:53:37,547 [INFO] ThirdParty:1030 - CMSIS Pack Vendor :WES I-CUBE-Cesium 1.3.0
2023-11-16 16:53:37,547 [INFO] ThirdParty:1030 - CMSIS Pack Vendor :STMicroelectronics FP-ATR-ASTRA1 2.0.0
2023-11-16 16:53:37,547 [INFO] ThirdParty:1030 - CMSIS Pack Vendor :STMicroelectronics lwIP 2.1.2
2023-11-16 16:53:37,547 [INFO] ThirdParty:1030 - CMSIS Pack Vendor :STMicroelectronics X-CUBE-SFXS2LP1 4.0.0
2023-11-16 16:53:37,547 [INFO] ThirdParty:1030 - CMSIS Pack Vendor :STMicroelectronics X-CUBE-BLE2 3.3.0
2023-11-16 16:53:37,547 [INFO] ThirdParty:1030 - CMSIS Pack Vendor :STMicroelectronics PDM2PCM 3.2.0
2023-11-16 16:53:37,547 [INFO] ThirdParty:841 - exiting critical section [change project]
2023-11-16 16:53:37,735 [INFO] PinOutPanel:1499 - setPackage(No Configuration,No Configuration)
2023-11-16 16:53:37,735 [INFO] PinOutPanel:1499 - setPackage(STM32F429ZITx,LQFP144)
2023-11-16 16:53:38,033 [INFO] UtilMem:75 - Before build in PCC Used Memory: 340586040 Bytes (1034944512)
2023-11-16 16:53:38,299 [INFO] UtilMem:75 - After build in PCC Used Memory: 387771960 Bytes (1034944512)
2023-11-16 16:53:38,328 [INFO] IPUIPlugin:80 - create IPUIPlugin
2023-11-16 16:53:38,329 [INFO] IPUIPlugin:80 - create IPUIPlugin
2023-11-16 16:53:38,329 [INFO] IPUIPlugin:80 - create IPUIPlugin
2023-11-16 16:53:38,329 [INFO] IPUIPlugin:80 - create IPUIPlugin
2023-11-16 16:53:38,329 [INFO] IPUIPlugin:80 - create IPUIPlugin
2023-11-16 16:53:38,329 [INFO] IPUIPlugin:80 - create IPUIPlugin
2023-11-16 16:53:38,329 [INFO] IPUIPlugin:80 - create IPUIPlugin
2023-11-16 16:53:38,329 [INFO] IPUIPlugin:80 - create IPUIPlugin
2023-11-16 16:53:38,330 [INFO] IPUIPlugin:80 - create IPUIPlugin
2023-11-16 16:53:38,330 [INFO] IPUIPlugin:80 - create IPUIPlugin
2023-11-16 16:53:38,330 [INFO] IPUIPlugin:80 - create IPUIPlugin
2023-11-16 16:53:38,330 [INFO] IPUIPlugin:80 - create IPUIPlugin
2023-11-16 16:53:38,330 [INFO] IPUIPlugin:80 - create IPUIPlugin
2023-11-16 16:53:38,330 [INFO] IPUIPlugin:80 - create IPUIPlugin
2023-11-16 16:53:38,330 [INFO] IPUIPlugin:80 - create IPUIPlugin
2023-11-16 16:53:38,330 [INFO] IPUIPlugin:80 - create IPUIPlugin
2023-11-16 16:53:38,331 [INFO] IPUIPlugin:80 - create IPUIPlugin
2023-11-16 16:53:38,331 [INFO] IPUIPlugin:80 - create IPUIPlugin
2023-11-16 16:53:38,331 [INFO] IPUIPlugin:80 - create IPUIPlugin
2023-11-16 16:53:38,331 [INFO] IPUIPlugin:80 - create IPUIPlugin
2023-11-16 16:53:38,331 [INFO] IPUIPlugin:80 - create IPUIPlugin
2023-11-16 16:53:38,331 [INFO] IPUIPlugin:80 - create IPUIPlugin
2023-11-16 16:53:38,331 [INFO] IPUIPlugin:80 - create IPUIPlugin
2023-11-16 16:53:38,332 [INFO] IPUIPlugin:80 - create IPUIPlugin
2023-11-16 16:53:38,332 [INFO] IPUIPlugin:80 - create IPUIPlugin
2023-11-16 16:53:38,332 [INFO] IPUIPlugin:80 - create IPUIPlugin
2023-11-16 16:53:38,332 [INFO] IPUIPlugin:80 - create IPUIPlugin
2023-11-16 16:53:38,333 [INFO] IPUIPlugin:80 - create IPUIPlugin
2023-11-16 16:53:38,333 [INFO] IPUIPlugin:80 - create IPUIPlugin
2023-11-16 16:53:38,333 [INFO] IPUIPlugin:80 - create IPUIPlugin
2023-11-16 16:53:38,333 [INFO] IPUIPlugin:80 - create IPUIPlugin
2023-11-16 16:53:38,333 [INFO] IPUIPlugin:80 - create IPUIPlugin
2023-11-16 16:53:38,334 [INFO] IPUIPlugin:80 - create IPUIPlugin
2023-11-16 16:53:38,334 [INFO] IPUIPlugin:80 - create IPUIPlugin
2023-11-16 16:53:38,334 [INFO] IPUIPlugin:80 - create IPUIPlugin
2023-11-16 16:53:38,334 [INFO] IPUIPlugin:80 - create IPUIPlugin
2023-11-16 16:53:38,335 [INFO] IPUIPlugin:80 - create IPUIPlugin
2023-11-16 16:53:38,335 [INFO] IPUIPlugin:80 - create IPUIPlugin
2023-11-16 16:53:38,335 [INFO] IPUIPlugin:80 - create IPUIPlugin
2023-11-16 16:53:38,335 [INFO] IPUIPlugin:80 - create IPUIPlugin
2023-11-16 16:53:38,336 [INFO] IPUIPlugin:80 - create IPUIPlugin
2023-11-16 16:53:38,336 [INFO] IPUIPlugin:80 - create IPUIPlugin
2023-11-16 16:53:38,336 [INFO] IPUIPlugin:80 - create IPUIPlugin
2023-11-16 16:53:38,336 [INFO] IPUIPlugin:80 - create IPUIPlugin
2023-11-16 16:53:38,337 [INFO] IPUIPlugin:80 - create IPUIPlugin
2023-11-16 16:53:38,337 [INFO] IPUIPlugin:80 - create IPUIPlugin
2023-11-16 16:53:38,337 [INFO] IPUIPlugin:80 - create IPUIPlugin
2023-11-16 16:53:38,338 [INFO] IPUIPlugin:80 - create IPUIPlugin
2023-11-16 16:53:38,338 [INFO] IPUIPlugin:80 - create IPUIPlugin
2023-11-16 16:53:38,339 [INFO] IPUIPlugin:80 - create IPUIPlugin
2023-11-16 16:53:38,339 [INFO] IPUIPlugin:80 - create IPUIPlugin
2023-11-16 16:53:38,339 [INFO] IPUIPlugin:80 - create IPUIPlugin
2023-11-16 16:53:38,340 [INFO] IPUIPlugin:80 - create IPUIPlugin
2023-11-16 16:53:38,340 [INFO] IPUIPlugin:80 - create IPUIPlugin
2023-11-16 16:53:38,341 [INFO] IPUIPlugin:80 - create IPUIPlugin
2023-11-16 16:53:38,342 [INFO] IPUIPlugin:80 - create IPUIPlugin
2023-11-16 16:53:38,342 [INFO] IPUIPlugin:80 - create IPUIPlugin
2023-11-16 16:53:38,343 [INFO] IPUIPlugin:80 - create IPUIPlugin
2023-11-16 16:53:38,343 [INFO] IPUIPlugin:80 - create IPUIPlugin
2023-11-16 16:53:38,343 [INFO] IPUIPlugin:80 - create IPUIPlugin
2023-11-16 16:53:38,344 [INFO] IPUIPlugin:80 - create IPUIPlugin
2023-11-16 16:53:38,344 [INFO] IPUIPlugin:80 - create IPUIPlugin
2023-11-16 16:53:38,345 [INFO] IPUIPlugin:80 - create IPUIPlugin
2023-11-16 16:53:38,346 [INFO] IPUIPlugin:80 - create IPUIPlugin
2023-11-16 16:53:38,346 [INFO] IPUIPlugin:80 - create IPUIPlugin
2023-11-16 16:53:38,347 [INFO] IPUIPlugin:80 - create IPUIPlugin
2023-11-16 16:53:38,350 [INFO] ApiDbMcu:507 - Load IP Config File for PDM2PCM
2023-11-16 16:53:38,420 [INFO] CADModel:165 - CPN selected for project levelSTM32F429ZIT6
2023-11-16 16:53:38,420 [INFO] CADModel:114 - Register for checkConnection events
2023-11-16 16:53:38,489 [INFO] OpenFileManager:328 - Restore cursor
2023-11-16 16:53:56,876 [INFO] Gpio:273 - dependency for GPIO [ETH, RCC, SPI1, SYS, USART3, USB_OTG_FS]
2023-11-16 16:54:58,544 [INFO] Gpio:273 - dependency for GPIO [ETH, RCC, SPI1, SYS, USART3, USB_OTG_FS]
2023-11-16 16:56:16,243 [INFO] UtilMem:75 - End SaveConfig() Used Memory: 637230968 Bytes (880803840)
2023-11-16 16:56:20,427 [INFO] UtilMem:75 - End SaveConfig() Used Memory: 723214200 Bytes (880803840)
2023-11-16 16:56:20,614 [INFO] BlockDiagram:2759 - set Specific Code input for plugin: SPI
2023-11-16 16:56:20,614 [INFO] BlockDiagram:2759 - set Specific Code input for plugin: SYS
2023-11-16 16:56:20,614 [INFO] BlockDiagram:2759 - set Specific Code input for plugin: RCC
2023-11-16 16:56:20,614 [INFO] BlockDiagram:2759 - set Specific Code input for plugin: USB_OTG_FS
2023-11-16 16:56:20,614 [INFO] BlockDiagram:2759 - set Specific Code input for plugin: NVIC
2023-11-16 16:56:20,614 [INFO] BlockDiagram:2759 - set Specific Code input for plugin: USART
2023-11-16 16:56:20,615 [INFO] BlockDiagram:2759 - set Specific Code input for plugin: GPIO
2023-11-16 16:56:20,615 [INFO] BlockDiagram:2759 - set Specific Code input for plugin: ETH
2023-11-16 16:56:20,616 [INFO] CodeGenerator:799 - code generatio: config db path: C:\ST\STM32CubeIDE_1.13.2\STM32CubeIDE\plugins\com.st.stm32cube.common.mx_6.9.2.202309101412\\db\
2023-11-16 16:56:20,832 [INFO] CodeEngine:255 - oldGeneratedFile, C:\Users\iremg\STM32CubeIDE\workspace_1.13.2\versuch_3_SPI\MXTmpFiles\license.tmp_save
2023-11-16 16:56:20,927 [INFO] CodeEngine:279 - Generated code: C:\Users\iremg\STM32CubeIDE\workspace_1.13.2\versuch_3_SPI\MXTmpFiles\license.tmp
2023-11-16 16:56:20,970 [INFO] CodeEngine:255 - oldGeneratedFile, C:\Users\iremg\STM32CubeIDE\workspace_1.13.2\versuch_3_SPI\MXTmpFiles\gpio.tmp_save
2023-11-16 16:56:21,095 [INFO] CodeEngine:279 - Generated code: C:\Users\iremg\STM32CubeIDE\workspace_1.13.2\versuch_3_SPI\MXTmpFiles\gpio.tmp
2023-11-16 16:56:21,290 [WARN] IPConfigManager:2937 - Warning: the RefConfig PWREx_EnableUSBVoltageDetector is not available in your config.xml file
2023-11-16 16:56:21,346 [INFO] CodeEngine:255 - oldGeneratedFile, C:\Users\iremg\STM32CubeIDE\workspace_1.13.2\versuch_3_SPI\Core\Src\stm32f4xx_it.c_save
2023-11-16 16:56:21,433 [INFO] CodeEngine:279 - Generated code: C:\Users\iremg\STM32CubeIDE\workspace_1.13.2\versuch_3_SPI\Core\Src\stm32f4xx_it.c
2023-11-16 16:56:21,439 [INFO] CodeEngine:255 - oldGeneratedFile, C:\Users\iremg\STM32CubeIDE\workspace_1.13.2\versuch_3_SPI\Core\Inc\stm32f4xx_it.h_save
2023-11-16 16:56:21,532 [INFO] CodeEngine:279 - Generated code: C:\Users\iremg\STM32CubeIDE\workspace_1.13.2\versuch_3_SPI\Core\Inc\stm32f4xx_it.h
2023-11-16 16:56:21,555 [INFO] CodeEngine:255 - oldGeneratedFile, C:\Users\iremg\STM32CubeIDE\workspace_1.13.2\versuch_3_SPI\Core\Src\stm32f4xx_hal_msp.c_save
2023-11-16 16:56:21,655 [INFO] CodeEngine:279 - Generated code: C:\Users\iremg\STM32CubeIDE\workspace_1.13.2\versuch_3_SPI\Core\Src\stm32f4xx_hal_msp.c
2023-11-16 16:56:21,661 [INFO] CodeEngine:255 - oldGeneratedFile, C:\Users\iremg\STM32CubeIDE\workspace_1.13.2\versuch_3_SPI\MXTmpFiles\system.tmp_save
2023-11-16 16:56:21,713 [INFO] CodeEngine:279 - Generated code: C:\Users\iremg\STM32CubeIDE\workspace_1.13.2\versuch_3_SPI\MXTmpFiles\system.tmp
2023-11-16 16:56:21,730 [INFO] CodeEngine:311 - oldGeneratedFile, C:\Users\iremg\STM32CubeIDE\workspace_1.13.2\versuch_3_SPI\Core\Inc\stm32f4xx_hal_conf.h_save
2023-11-16 16:56:21,901 [INFO] CodeEngine:335 - Generated code: C:\Users\iremg\STM32CubeIDE\workspace_1.13.2\versuch_3_SPI\Core\Inc\stm32f4xx_hal_conf.h
2023-11-16 16:56:21,940 [WARN] IPConfigManager:3431 - IP not found : USB_OTG
2023-11-16 16:56:21,941 [WARN] CodeGenerator:3764 - IP not found : null
2023-11-16 16:56:21,961 [INFO] CodeEngine:255 - oldGeneratedFile, C:\Users\iremg\STM32CubeIDE\workspace_1.13.2\versuch_3_SPI\Core\Inc\main.h_save
2023-11-16 16:56:22,063 [INFO] CodeEngine:279 - Generated code: C:\Users\iremg\STM32CubeIDE\workspace_1.13.2\versuch_3_SPI\Core\Inc\main.h
2023-11-16 16:56:22,078 [INFO] CodeEngine:255 - oldGeneratedFile, C:\Users\iremg\STM32CubeIDE\workspace_1.13.2\versuch_3_SPI\Core\Src\main.c_save
2023-11-16 16:56:22,219 [INFO] CodeEngine:279 - Generated code: C:\Users\iremg\STM32CubeIDE\workspace_1.13.2\versuch_3_SPI\Core\Src\main.c
2023-11-16 16:56:23,017 [INFO] ProjectBuilder:3064 - Time for Copy HAL[1] : 378mS.
2023-11-16 16:56:23,022 [INFO] ProjectBuilder:4404 - Project Generator version: 4.1.0
2023-11-16 16:56:23,202 [INFO] ConfigFileManager:1457 - The Die is : DIE419
2023-11-16 16:56:23,204 [INFO] ApiDbMcu:507 - Load IP Config File for FATFS
2023-11-16 16:56:23,207 [INFO] ApiDbMcu:507 - Load IP Config File for FREERTOS
2023-11-16 16:56:23,209 [INFO] ApiDbMcu:507 - Load IP Config File for LIBJPEG
2023-11-16 16:56:23,214 [INFO] ApiDbMcu:507 - Load IP Config File for LWIP
2023-11-16 16:56:23,219 [INFO] ApiDbMcu:507 - Load IP Config File for MBEDTLS
2023-11-16 16:56:23,225 [INFO] ApiDbMcu:507 - Load IP Config File for USB_DEVICE
2023-11-16 16:56:23,227 [INFO] ApiDbMcu:507 - Load IP Config File for USB_HOST
2023-11-16 16:56:25,258 [INFO] ProjectBuilder:4626 - Time for Generating toolchain IDE Files: 2236mS.
2023-11-16 16:56:25,259 [INFO] ProjectBuilder:2935 - Time for Copy CMSIS : 1mS.
2023-11-16 16:56:25,265 [INFO] ProjectBuilder:2935 - Time for Copy CMSIS : 0mS.
