2023-10-26 23:19:53,688 [INFO] Activator:176 - 


2023-10-26 23:19:53,696 [INFO] Activator:177 - !SESSION log4j initialized
2023-10-26 23:20:01,991 [INFO] LogOutputStream:77 - [STDOUT_REDIRECT] 
2023-10-26 23:20:09,951 [INFO] ApplicationProperties:184 - Using Application install path: C:\ST\STM32CubeIDE_1.13.2\STM32CubeIDE\plugins\com.st.stm32cube.common.mx_6.9.2.202309101412
2023-10-26 23:20:09,971 [INFO] DbMcusXml:78 - Set database path to: C:\ST\STM32CubeIDE_1.13.2\STM32CubeIDE\plugins\com.st.stm32cube.common.mx_6.9.2.202309101412\\db\/mcu/
2023-10-26 23:20:09,972 [INFO] ApiDb:274 - Set plugin database path to: C:\ST\STM32CubeIDE_1.13.2\STM32CubeIDE\plugins\com.st.stm32cube.common.mx_6.9.2.202309101412\\db\/plugins/boardmanager/
2023-10-26 23:20:09,972 [WARN] ApiDb:259 - Overriding images path with different value:  => C:\ST\STM32CubeIDE_1.13.2\STM32CubeIDE\plugins\com.st.stm32cube.common.mx_6.9.2.202309101412\\db\/plugins/mcufinder/images/
2023-10-26 23:20:09,983 [INFO] ApiDb:250 - Set database path to: C:\Users\iremg\.stmcufinder\plugins\mcufinder//mcu/
2023-10-26 23:20:09,984 [INFO] DbMcusAds:125 - Set database path to: C:\Users\iremg\.stmcufinder\plugins\mcufinder//mcu/
2023-10-26 23:20:09,986 [INFO] CrossReferenceDbSqlite:203 - Set database path to: C:\Users\iremg\.stmcufinder\plugins\mcufinder//mcu/cs/
2023-10-26 23:20:10,111 [INFO] RulesReader:64 - Compatibility file has been processed (293 Rules)
2023-10-26 23:20:10,208 [INFO] DbMcusXml:78 - Set database path to: C:\ST\STM32CubeIDE_1.13.2\STM32CubeIDE\plugins\com.st.stm32cube.common.mx_6.9.2.202309101412\\db\/mcu/
2023-10-26 23:20:10,208 [INFO] ApiDb:274 - Set plugin database path to: C:\ST\STM32CubeIDE_1.13.2\STM32CubeIDE\plugins\com.st.stm32cube.common.mx_6.9.2.202309101412\\db\/plugins/boardmanager/
2023-10-26 23:20:10,208 [INFO] ApiDb:261 - Set plugin images path to: C:\ST\STM32CubeIDE_1.13.2\STM32CubeIDE\plugins\com.st.stm32cube.common.mx_6.9.2.202309101412\\db\/plugins/mcufinder/images/
2023-10-26 23:20:10,209 [WARN] DbFile:41 - Overriding database path with different value: C:\Users\iremg\.stmcufinder\plugins\mcufinder/ => C:\Users\iremg\.stmcufinder\plugins\mcufinder
2023-10-26 23:20:10,209 [INFO] ApiDb:250 - Set database path to: C:\Users\iremg\.stmcufinder\plugins\mcufinder//mcu/
2023-10-26 23:20:10,209 [WARN] DbFile:41 - Overriding database path with different value: C:\Users\iremg\.stmcufinder\plugins\mcufinder/ => C:\Users\iremg\.stmcufinder\plugins\mcufinder
2023-10-26 23:20:10,209 [INFO] DbMcusAds:125 - Set database path to: C:\Users\iremg\.stmcufinder\plugins\mcufinder//mcu/
2023-10-26 23:20:10,209 [WARN] DbFile:41 - Overriding database path with different value: C:\Users\iremg\.stmcufinder\plugins\mcufinder/ => C:\Users\iremg\.stmcufinder\plugins\mcufinder
2023-10-26 23:20:10,209 [WARN] DbFile:41 - Overriding database path with different value: C:\Users\iremg\.stmcufinder\plugins\mcufinder/ => C:\Users\iremg\.stmcufinder\plugins\mcufinder
2023-10-26 23:20:10,209 [INFO] CrossReferenceDbSqlite:203 - Set database path to: C:\Users\iremg\.stmcufinder\plugins\mcufinder//mcu/cs/
2023-10-26 23:20:10,286 [INFO] MainPanel:262 - HeapMemory: 268435456
2023-10-26 23:20:10,374 [INFO] DbMcusXml:78 - Set database path to: C:\ST\STM32CubeIDE_1.13.2\STM32CubeIDE\plugins\com.st.stm32cube.common.mx_6.9.2.202309101412\\db\/mcu/
2023-10-26 23:20:10,374 [INFO] ApiDb:274 - Set plugin database path to: C:\ST\STM32CubeIDE_1.13.2\STM32CubeIDE\plugins\com.st.stm32cube.common.mx_6.9.2.202309101412\\db\/plugins/boardmanager/
2023-10-26 23:20:10,374 [INFO] ApiDb:261 - Set plugin images path to: C:\ST\STM32CubeIDE_1.13.2\STM32CubeIDE\plugins\com.st.stm32cube.common.mx_6.9.2.202309101412\\db\/plugins/mcufinder/images/
2023-10-26 23:20:10,374 [WARN] DbFile:41 - Overriding database path with different value: C:\Users\iremg\.stmcufinder\plugins\mcufinder/ => C:\Users\iremg\.stmcufinder\plugins\mcufinder
2023-10-26 23:20:10,374 [INFO] ApiDb:250 - Set database path to: C:\Users\iremg\.stmcufinder\plugins\mcufinder//mcu/
2023-10-26 23:20:10,375 [WARN] DbFile:41 - Overriding database path with different value: C:\Users\iremg\.stmcufinder\plugins\mcufinder/ => C:\Users\iremg\.stmcufinder\plugins\mcufinder
2023-10-26 23:20:10,375 [INFO] DbMcusAds:125 - Set database path to: C:\Users\iremg\.stmcufinder\plugins\mcufinder//mcu/
2023-10-26 23:20:10,375 [WARN] DbFile:41 - Overriding database path with different value: C:\Users\iremg\.stmcufinder\plugins\mcufinder/ => C:\Users\iremg\.stmcufinder\plugins\mcufinder
2023-10-26 23:20:10,375 [WARN] DbFile:41 - Overriding database path with different value: C:\Users\iremg\.stmcufinder\plugins\mcufinder/ => C:\Users\iremg\.stmcufinder\plugins\mcufinder
2023-10-26 23:20:10,375 [INFO] CrossReferenceDbSqlite:203 - Set database path to: C:\Users\iremg\.stmcufinder\plugins\mcufinder//mcu/cs/
2023-10-26 23:20:10,394 [INFO] ApplicationProperties:184 - Using Application install path: C:\ST\STM32CubeIDE_1.13.2\STM32CubeIDE\plugins\com.st.stm32cube.common.mx_6.9.2.202309101412
2023-10-26 23:20:10,395 [INFO] PluginManage:196 - Search for loadable plugins [exclusion list=, ]
2023-10-26 23:20:10,396 [INFO] PluginManage:310 - Check plugin analytics
2023-10-26 23:20:15,116 [INFO] AnalyticsPlugin:253 - Accepted Software Licenses: 
2023-10-26 23:20:15,116 [INFO] AnalyticsPlugin:255 - Accepted CMSIS Pack Licenses: 
2023-10-26 23:20:15,116 [INFO] AnalyticsPlugin:257 - Accepted Firmware Licenses: FW.F4.1.27.0
2023-10-26 23:20:15,119 [INFO] PluginManage:359 - Loaded plugin analytics (category:tool,tabindex:-1)
2023-10-26 23:20:15,119 [INFO] PluginManage:310 - Check plugin cadmodel
2023-10-26 23:20:15,133 [INFO] CADModel:105 - Init CAD model plugin
2023-10-26 23:20:15,133 [INFO] PluginManage:359 - Loaded plugin cadmodel (category:power,tabindex:5)
2023-10-26 23:20:15,133 [INFO] PluginManage:310 - Check plugin clock
2023-10-26 23:20:15,152 [INFO] PluginManage:359 - Loaded plugin clock (category:base,tabindex:2)
2023-10-26 23:20:15,153 [INFO] PluginManage:310 - Check plugin ddr
2023-10-26 23:20:15,155 [INFO] PluginManage:359 - Loaded plugin ddr (category:tool,tabindex:6)
2023-10-26 23:20:15,155 [INFO] PluginManage:310 - Check plugin filemanager
2023-10-26 23:20:15,292 [INFO] PluginManage:359 - Loaded plugin filemanager (category:base,tabindex:10)
2023-10-26 23:20:15,292 [INFO] PluginManage:310 - Check plugin ipmanager
2023-10-26 23:20:15,300 [INFO] PluginManage:359 - Loaded plugin ipmanager (category:base,tabindex:5)
2023-10-26 23:20:15,300 [INFO] PluginManage:310 - Check plugin lpbam
2023-10-26 23:20:15,317 [INFO] PluginManage:359 - Loaded plugin lpbam (category:base,tabindex:0)
2023-10-26 23:20:15,317 [INFO] PluginManage:310 - Check plugin memorymap
2023-10-26 23:20:15,347 [INFO] PluginManage:359 - Loaded plugin memorymap (category:base,tabindex:4)
2023-10-26 23:20:15,347 [INFO] PluginManage:310 - Check plugin pinoutandconfiguration
2023-10-26 23:20:15,366 [INFO] PluginManage:359 - Loaded plugin pinoutandconfiguration (category:base,tabindex:1)
2023-10-26 23:20:15,366 [INFO] PluginManage:310 - Check plugin pinoutconfig
2023-10-26 23:20:15,475 [WARN] SupportedApi:132 - Cannot load RTOS API schema: s4s-elt-must-match.1: The content of 'definitions' must match (annotation?, (simpleType | complexType)?, (unique | key | keyref)*)). A problem was found starting at: attribute.
2023-10-26 23:20:15,628 [INFO] PluginManage:359 - Loaded plugin pinoutconfig (category:base,tabindex:0)
2023-10-26 23:20:15,628 [INFO] PluginManage:310 - Check plugin power
2023-10-26 23:20:15,647 [INFO] PluginManage:359 - Loaded plugin power (category:power,tabindex:4)
2023-10-26 23:20:15,647 [INFO] PluginManage:310 - Check plugin projectmanager
2023-10-26 23:20:15,663 [INFO] PluginManage:359 - Loaded plugin projectmanager (category:projectmanager,tabindex:3)
2023-10-26 23:20:15,663 [INFO] PluginManage:310 - Check plugin thirdparty
2023-10-26 23:20:15,935 [INFO] PluginManage:359 - Loaded plugin thirdparty (category:base,tabindex:-1)
2023-10-26 23:20:15,935 [WARN] IntegrityCheckThread:84 - waiting for thirdparty lock release [integrity check]
2023-10-26 23:20:15,935 [INFO] PluginManage:310 - Check plugin tools
2023-10-26 23:20:15,935 [INFO] IntegrityCheckThread:86 - entering critical section [integrity check]
2023-10-26 23:20:15,936 [INFO] ThirdPartyUpdaterWithRetryManager:70 - Updater plugin not ready yet. [1/15]
2023-10-26 23:20:15,972 [INFO] PluginManage:359 - Loaded plugin tools (category:base,tabindex:7)
2023-10-26 23:20:15,973 [INFO] PluginManage:310 - Check plugin tutovideos
2023-10-26 23:20:16,175 [INFO] PluginManage:359 - Loaded plugin tutovideos (category:base,tabindex:-1)
2023-10-26 23:20:16,175 [INFO] PluginManage:310 - Check plugin updater
2023-10-26 23:20:16,187 [INFO] PluginManage:359 - Loaded plugin updater (category:base,tabindex:12)
2023-10-26 23:20:16,188 [INFO] PluginManage:310 - Check plugin userauth
2023-10-26 23:20:16,193 [INFO] UserAuth:113 - Init User Auth plugin
2023-10-26 23:20:16,193 [INFO] PluginManage:359 - Loaded plugin userauth (category:base,tabindex:14)
2023-10-26 23:20:16,194 [INFO] PluginManage:283 - PluginManage : Loaded plugins [17]
2023-10-26 23:20:16,398 [INFO] PinOutPanel:1499 - setPackage(No Configuration,No Configuration)
2023-10-26 23:20:16,505 [INFO] CADModel:165 - CPN selected for project level
2023-10-26 23:20:16,505 [INFO] CADModel:114 - Register for checkConnection events
2023-10-26 23:20:16,531 [INFO] IPUIPlugin:80 - create IPUIPlugin
2023-10-26 23:20:16,531 [INFO] PluginManager:220 - loadIPPluginJar : add adc
2023-10-26 23:20:16,562 [INFO] IPUIPlugin:80 - create IPUIPlugin
2023-10-26 23:20:16,562 [INFO] PluginManager:220 - loadIPPluginJar : add aes
2023-10-26 23:20:16,597 [INFO] IPUIPlugin:80 - create IPUIPlugin
2023-10-26 23:20:16,597 [INFO] PluginManager:220 - loadIPPluginJar : add can
2023-10-26 23:20:16,618 [INFO] IPUIPlugin:80 - create IPUIPlugin
2023-10-26 23:20:16,618 [INFO] PluginManager:220 - loadIPPluginJar : add comp
2023-10-26 23:20:16,647 [INFO] IPUIPlugin:80 - create IPUIPlugin
2023-10-26 23:20:16,647 [INFO] PluginManager:220 - loadIPPluginJar : add cryp
2023-10-26 23:20:16,673 [INFO] IPUIPlugin:80 - create IPUIPlugin
2023-10-26 23:20:16,673 [INFO] PluginManager:220 - loadIPPluginJar : add dfsdm
2023-10-26 23:20:16,684 [INFO] IPUIPlugin:80 - create IPUIPlugin
2023-10-26 23:20:16,685 [INFO] PluginManager:220 - loadIPPluginJar : add dma
2023-10-26 23:20:16,724 [INFO] IPUIPlugin:80 - create IPUIPlugin
2023-10-26 23:20:16,724 [INFO] PluginManager:220 - loadIPPluginJar : add dma3
2023-10-26 23:20:16,741 [INFO] IPUIPlugin:80 - create IPUIPlugin
2023-10-26 23:20:16,741 [INFO] PluginManager:220 - loadIPPluginJar : add fatfs
2023-10-26 23:20:16,778 [INFO] IPUIPlugin:80 - create IPUIPlugin
2023-10-26 23:20:16,778 [INFO] PluginManager:220 - loadIPPluginJar : add fmc
2023-10-26 23:20:16,790 [INFO] IPUIPlugin:80 - create IPUIPlugin
2023-10-26 23:20:16,791 [INFO] PluginManager:220 - loadIPPluginJar : add freertos
2023-10-26 23:20:16,808 [INFO] IPUIPlugin:80 - create IPUIPlugin
2023-10-26 23:20:16,808 [INFO] PluginManager:220 - loadIPPluginJar : add genericplugin
2023-10-26 23:20:16,882 [INFO] IPUIPlugin:80 - create IPUIPlugin
2023-10-26 23:20:16,882 [INFO] PluginManager:220 - loadIPPluginJar : add gfxmmu
2023-10-26 23:20:16,999 [INFO] IPUIPlugin:80 - create IPUIPlugin
2023-10-26 23:20:16,999 [INFO] PluginManager:220 - loadIPPluginJar : add gic
2023-10-26 23:20:17,012 [INFO] IPUIPlugin:80 - create IPUIPlugin
2023-10-26 23:20:17,012 [INFO] PluginManager:220 - loadIPPluginJar : add gpio
2023-10-26 23:20:17,099 [INFO] IPUIPlugin:80 - create IPUIPlugin
2023-10-26 23:20:17,099 [INFO] PluginManager:220 - loadIPPluginJar : add gtzc
2023-10-26 23:20:17,131 [INFO] IPUIPlugin:80 - create IPUIPlugin
2023-10-26 23:20:17,131 [INFO] PluginManager:220 - loadIPPluginJar : add hash
2023-10-26 23:20:17,184 [INFO] IPUIPlugin:80 - create IPUIPlugin
2023-10-26 23:20:17,184 [INFO] PluginManager:220 - loadIPPluginJar : add i2c
2023-10-26 23:20:17,223 [INFO] IPUIPlugin:80 - create IPUIPlugin
2023-10-26 23:20:17,223 [INFO] PluginManager:220 - loadIPPluginJar : add i2s
2023-10-26 23:20:17,261 [INFO] IPUIPlugin:80 - create IPUIPlugin
2023-10-26 23:20:17,261 [INFO] PluginManager:220 - loadIPPluginJar : add i3c
2023-10-26 23:20:17,352 [INFO] IPUIPlugin:80 - create IPUIPlugin
2023-10-26 23:20:17,353 [INFO] PluginManager:220 - loadIPPluginJar : add ipddr
2023-10-26 23:20:17,429 [INFO] IPUIPlugin:80 - create IPUIPlugin
2023-10-26 23:20:17,429 [INFO] PluginManager:220 - loadIPPluginJar : add linkedlist
2023-10-26 23:20:17,459 [INFO] IPUIPlugin:80 - create IPUIPlugin
2023-10-26 23:20:17,460 [INFO] PluginManager:220 - loadIPPluginJar : add lorawan
2023-10-26 23:20:17,489 [INFO] IPUIPlugin:80 - create IPUIPlugin
2023-10-26 23:20:17,489 [INFO] PluginManager:220 - loadIPPluginJar : add ltdc
2023-10-26 23:20:17,502 [INFO] IPUIPlugin:80 - create IPUIPlugin
2023-10-26 23:20:17,502 [INFO] PluginManager:220 - loadIPPluginJar : add mdma
2023-10-26 23:20:17,513 [INFO] IPUIPlugin:80 - create IPUIPlugin
2023-10-26 23:20:17,513 [INFO] PluginManager:220 - loadIPPluginJar : add nvic
2023-10-26 23:20:17,544 [INFO] IPUIPlugin:80 - create IPUIPlugin
2023-10-26 23:20:17,544 [INFO] PluginManager:220 - loadIPPluginJar : add opamp
2023-10-26 23:20:17,610 [INFO] IPUIPlugin:80 - create IPUIPlugin
2023-10-26 23:20:17,611 [INFO] PluginManager:220 - loadIPPluginJar : add openamp
2023-10-26 23:20:17,658 [INFO] IPUIPlugin:80 - create IPUIPlugin
2023-10-26 23:20:17,659 [INFO] PluginManager:220 - loadIPPluginJar : add pdm2pcm
2023-10-26 23:20:17,672 [INFO] IPUIPlugin:80 - create IPUIPlugin
2023-10-26 23:20:17,674 [INFO] PluginManager:220 - loadIPPluginJar : add plateformsettings
2023-10-26 23:20:17,694 [INFO] IPUIPlugin:80 - create IPUIPlugin
2023-10-26 23:20:17,694 [INFO] PluginManager:220 - loadIPPluginJar : add quadspi
2023-10-26 23:20:17,706 [INFO] IPUIPlugin:80 - create IPUIPlugin
2023-10-26 23:20:17,706 [INFO] PluginManager:220 - loadIPPluginJar : add resmgrutility
2023-10-26 23:20:17,749 [INFO] IPUIPlugin:80 - create IPUIPlugin
2023-10-26 23:20:17,749 [INFO] PluginManager:220 - loadIPPluginJar : add sai
2023-10-26 23:20:17,779 [INFO] IPUIPlugin:80 - create IPUIPlugin
2023-10-26 23:20:17,779 [INFO] PluginManager:220 - loadIPPluginJar : add spi
2023-10-26 23:20:17,823 [INFO] IPUIPlugin:80 - create IPUIPlugin
2023-10-26 23:20:17,823 [INFO] PluginManager:220 - loadIPPluginJar : add stm32_wpan
2023-10-26 23:20:17,842 [INFO] IPUIPlugin:80 - create IPUIPlugin
2023-10-26 23:20:17,842 [INFO] PluginManager:220 - loadIPPluginJar : add tim
2023-10-26 23:20:17,885 [INFO] IPUIPlugin:80 - create IPUIPlugin
2023-10-26 23:20:17,885 [INFO] PluginManager:220 - loadIPPluginJar : add touchsensing
2023-10-26 23:20:17,903 [INFO] IPUIPlugin:80 - create IPUIPlugin
2023-10-26 23:20:17,903 [INFO] PluginManager:220 - loadIPPluginJar : add tracer_emb
2023-10-26 23:20:17,924 [INFO] IPUIPlugin:80 - create IPUIPlugin
2023-10-26 23:20:17,924 [INFO] PluginManager:220 - loadIPPluginJar : add ts
2023-10-26 23:20:17,942 [INFO] IPUIPlugin:80 - create IPUIPlugin
2023-10-26 23:20:17,942 [INFO] PluginManager:220 - loadIPPluginJar : add tsc
2023-10-26 23:20:17,963 [INFO] IPUIPlugin:80 - create IPUIPlugin
2023-10-26 23:20:17,963 [INFO] PluginManager:220 - loadIPPluginJar : add ucpd
2023-10-26 23:20:18,005 [INFO] IPUIPlugin:80 - create IPUIPlugin
2023-10-26 23:20:18,005 [INFO] PluginManager:220 - loadIPPluginJar : add usart
2023-10-26 23:20:18,046 [INFO] IPUIPlugin:80 - create IPUIPlugin
2023-10-26 23:20:18,046 [INFO] PluginManager:220 - loadIPPluginJar : add usbx
2023-10-26 23:20:18,178 [INFO] CADModel:165 - CPN selected for project level
2023-10-26 23:20:18,178 [INFO] CADModel:114 - Register for checkConnection events
2023-10-26 23:20:18,178 [FATAL] Updater:308 - Updater called before beeing initialized
2023-10-26 23:20:18,178 [ERROR] CADModel:125 - Updater not yet initialized, retry later 
2023-10-26 23:20:18,311 [INFO] CADModel:165 - CPN selected for project level
2023-10-26 23:20:18,311 [INFO] CADModel:114 - Register for checkConnection events
2023-10-26 23:20:18,311 [FATAL] Updater:308 - Updater called before beeing initialized
2023-10-26 23:20:18,311 [ERROR] CADModel:125 - Updater not yet initialized, retry later 
2023-10-26 23:20:18,316 [FATAL] Updater:308 - Updater called before beeing initialized
2023-10-26 23:20:18,434 [FATAL] Updater:308 - Updater called before beeing initialized
2023-10-26 23:20:18,444 [INFO] DbMcusAds:53 - JSON generation date=Tue Mar 07 09:50:55 CET 2023 (1678179055114)
2023-10-26 23:20:18,444 [FATAL] Updater:308 - Updater called before beeing initialized
2023-10-26 23:20:18,516 [WARN] DetailPanel:346 - Failed to get advertising image, set to default
2023-10-26 23:20:18,614 [FATAL] Updater:308 - Updater called before beeing initialized
2023-10-26 23:20:18,616 [FATAL] Updater:308 - Updater called before beeing initialized
2023-10-26 23:20:18,616 [FATAL] Updater:308 - Updater called before beeing initialized
2023-10-26 23:20:18,616 [WARN] DetailPanel:346 - Failed to get advertising image, set to default
2023-10-26 23:20:18,617 [FATAL] Updater:308 - Updater called before beeing initialized
2023-10-26 23:20:18,701 [ERROR] Updater:1120 - MainUpdater not yet initialized. External WinMGr cannot be set.
2023-10-26 23:20:18,720 [INFO] Updater:1056 - Updater Version found : 6.9.2
2023-10-26 23:20:18,735 [INFO] ApplicationProperties:184 - Using Application install path: C:\ST\STM32CubeIDE_1.13.2\STM32CubeIDE\plugins\com.st.stm32cube.common.mx_6.9.2.202309101412
2023-10-26 23:20:18,873 [INFO] MainUpdater:2868 - connection check result : 10
2023-10-26 23:20:18,874 [INFO] MainUpdater:285 - Updater Check For Update Now.
2023-10-26 23:20:18,874 [INFO] MicroXplorer:498 - Change Database Version : DB.6.0.92
2023-10-26 23:20:18,893 [INFO] McuFinderGlobals:63 - Set McuFinder mode to 2 (CubeIDE integrated)
2023-10-26 23:20:18,938 [WARN] MainUpdater:1189 - Updater busy. Cannot search thirdparties
2023-10-26 23:20:18,938 [INFO] ThirdPartyUpdaterWithRetryManager:96 - Updater plugin is busy. [1/15]
2023-10-26 23:20:19,100 [INFO] CheckServerUpdateThread:120 - End of CheckServer Thread
2023-10-26 23:20:22,216 [WARN] PackLoader:240 - Cannot read IP mode file for STMicroelectronics.X-CUBE-SMBUS.2.1.0
2023-10-26 23:20:22,267 [WARN] PackLoader:240 - Cannot read IP mode file for STMicroelectronics.X-CUBE-AZRTOS-F7.1.1.0
2023-10-26 23:20:22,286 [WARN] PackLoader:240 - Cannot read IP mode file for STMicroelectronics.FP-SNS-MOTENV1.4.3.2
2023-10-26 23:20:22,301 [WARN] PackLoader:240 - Cannot read IP mode file for STMicroelectronics.FP-SNS-FLIGHT1.5.0.2
2023-10-26 23:20:22,318 [WARN] PackLoader:240 - Cannot read IP mode file for STMicroelectronics.X-CUBE-DISPLAY.3.0.0
2023-10-26 23:20:22,337 [WARN] PackLoader:240 - Cannot read IP mode file for STMicroelectronics.X-CUBE-BLE1.7.0.0
2023-10-26 23:20:22,351 [WARN] PackLoader:240 - Cannot read IP mode file for emotas.I-CUBE-CANOPEN.1.3.0
2023-10-26 23:20:22,363 [WARN] PackLoader:240 - Cannot read IP mode file for STMicroelectronics.X-CUBE-TOUCHGFX.4.22.1
2023-10-26 23:20:22,375 [WARN] PackLoader:240 - Cannot read IP mode file for STMicroelectronics.FP-SNS-SMARTAG2.1.2.0
2023-10-26 23:20:22,396 [INFO] LogOutputStream:77 - [STDOUT_REDIRECT] 1 : Invalid condition id : UX_CORESTACK_Condition cause : null
2023-10-26 23:20:22,397 [INFO] LogOutputStream:77 - [STDOUT_REDIRECT] 1 : Invalid condition id : UX_CORESTACK_Condition cause : null
2023-10-26 23:20:22,398 [INFO] LogOutputStream:77 - [STDOUT_REDIRECT] 1 : Invalid condition id : UX_CORESTACK_Condition cause : null
2023-10-26 23:20:22,400 [INFO] LogOutputStream:77 - [STDOUT_REDIRECT] 1 : Invalid condition id : UX_CORESTACK_Condition cause : null
2023-10-26 23:20:22,401 [INFO] LogOutputStream:77 - [STDOUT_REDIRECT] 1 : Invalid condition id : UX_CORESTACK_Condition cause : null
2023-10-26 23:20:22,405 [WARN] PackLoader:240 - Cannot read IP mode file for STMicroelectronics.X-CUBE-AZRTOS-WL.2.0.0
2023-10-26 23:20:22,420 [WARN] PackLoader:240 - Cannot read IP mode file for WES.I-CUBE-Cesium.1.3.0
2023-10-26 23:20:22,432 [WARN] PackLoader:240 - Cannot read IP mode file for STMicroelectronics.X-CUBE-BLE2.3.3.0
2023-10-26 23:20:22,446 [WARN] PackLoader:240 - Cannot read IP mode file for STMicroelectronics.X-CUBE-ALGOBUILD.1.3.0
2023-10-26 23:20:22,473 [WARN] PackLoader:240 - Cannot read IP mode file for STMicroelectronics.X-CUBE-AZRTOS-G0.1.1.0
2023-10-26 23:20:22,488 [WARN] PackLoader:240 - Cannot read IP mode file for STMicroelectronics.X-CUBE-NFC4.3.0.0
2023-10-26 23:20:22,501 [WARN] PackLoader:240 - Cannot read IP mode file for STMicroelectronics.FP-ATR-SIGFOX1.3.2.0
2023-10-26 23:20:22,543 [WARN] PackLoader:240 - Cannot read IP mode file for SEGGER.I-CUBE-embOS.1.3.1
2023-10-26 23:20:22,597 [WARN] PackLoader:240 - Cannot read IP mode file for STMicroelectronics.X-CUBE-GNSS1.6.0.0
2023-10-26 23:20:22,625 [WARN] PackLoader:240 - Cannot read IP mode file for STMicroelectronics.X-CUBE-AZRTOS-F4.1.1.0
2023-10-26 23:20:22,638 [WARN] PackLoader:240 - Cannot read IP mode file for wolfSSL.I-CUBE-wolfSSL.5.6.3
2023-10-26 23:20:22,666 [WARN] PackLoader:240 - Cannot read IP mode file for STMicroelectronics.X-CUBE-AZRTOS-L5.2.0.0
2023-10-26 23:20:22,680 [WARN] PackLoader:240 - Cannot read IP mode file for STMicroelectronics.X-CUBE-EEPRMA1.4.2.0
2023-10-26 23:20:22,693 [WARN] PackLoader:240 - Cannot read IP mode file for ITTIA_DB.I-CUBE-ITTIADB.8.8.0
2023-10-26 23:20:22,708 [WARN] PackLoader:240 - Cannot read IP mode file for STMicroelectronics.X-CUBE-BLEMGR.2.0.0
2023-10-26 23:20:22,739 [WARN] ConditionMgr:438 - getConditionDescription Invalid condition id : UX DEVICE CLASS RTOS Condition cause : null
2023-10-26 23:20:22,739 [WARN] ConditionMgr:438 - getConditionDescription Invalid condition id : UX DEVICE CLASS RTOS Condition cause : null
2023-10-26 23:20:22,742 [WARN] PackLoader:240 - Cannot read IP mode file for STMicroelectronics.X-CUBE-AZRTOS-H7.3.1.0
2023-10-26 23:20:22,743 [WARN] ConditionMgr:1039 - genDependencies : Invalid condition id : UX DEVICE CLASS RTOS Condition cause : null
2023-10-26 23:20:22,743 [WARN] ConditionMgr:1039 - genDependencies : Invalid condition id : UX DEVICE CLASS RTOS Condition cause : null
2023-10-26 23:20:22,744 [WARN] ConditionMgr:1039 - genDependencies : Invalid condition id : UX DEVICE CLASS RTOS Condition cause : null
2023-10-26 23:20:22,744 [WARN] ConditionMgr:1039 - genDependencies : Invalid condition id : UX DEVICE CLASS RTOS Condition cause : null
2023-10-26 23:20:22,744 [WARN] ConditionMgr:1039 - genDependencies : Invalid condition id : UX DEVICE CLASS RTOS Condition cause : null
2023-10-26 23:20:22,757 [WARN] PackLoader:240 - Cannot read IP mode file for STMicroelectronics.X-CUBE-NFC7.1.0.1
2023-10-26 23:20:22,772 [WARN] PackLoader:240 - Cannot read IP mode file for STMicroelectronics.X-CUBE-NFC6.3.0.0
2023-10-26 23:20:22,785 [WARN] PackLoader:240 - Cannot read IP mode file for STMicroelectronics.X-CUBE-EEPRMA1.4.1.0
2023-10-26 23:20:22,797 [WARN] PackLoader:240 - Cannot read IP mode file for STMicroelectronics.X-CUBE-AI.8.1.0
2023-10-26 23:20:22,824 [WARN] ConditionMgr:438 - getConditionDescription Invalid condition id : LAN8742 Phy interface Condition cause : null
2023-10-26 23:20:22,825 [WARN] PackLoader:240 - Cannot read IP mode file for STMicroelectronics.X-CUBE-AZRTOS-L4.2.0.0
2023-10-26 23:20:22,826 [WARN] ConditionMgr:1039 - genDependencies : Invalid condition id : LAN8742 Phy interface Condition cause : null
2023-10-26 23:20:22,826 [WARN] ConditionMgr:1039 - genDependencies : Invalid condition id : LAN8742 Phy interface Condition cause : null
2023-10-26 23:20:22,826 [WARN] ConditionMgr:1039 - genDependencies : Invalid condition id : LAN8742 Phy interface Condition cause : null
2023-10-26 23:20:22,839 [WARN] PackLoader:240 - Cannot read IP mode file for STMicroelectronics.X-CUBE-SFXS2LP1.4.0.0
2023-10-26 23:20:22,851 [WARN] PackLoader:240 - Cannot read IP mode file for STMicroelectronics.X-CUBE-ISPU.1.1.0
2023-10-26 23:20:22,874 [WARN] ConditionMgr:438 - getConditionDescription Invalid condition id : UX DEVICE CLASS RTOS Condition cause : null
2023-10-26 23:20:22,874 [WARN] ConditionMgr:438 - getConditionDescription Invalid condition id : UX DEVICE CLASS RTOS Condition cause : null
2023-10-26 23:20:22,876 [WARN] PackLoader:240 - Cannot read IP mode file for STMicroelectronics.X-CUBE-AZRTOS-WB.2.0.0
2023-10-26 23:20:22,876 [WARN] ConditionMgr:1039 - genDependencies : Invalid condition id : UX DEVICE CLASS RTOS Condition cause : null
2023-10-26 23:20:22,877 [WARN] ConditionMgr:1039 - genDependencies : Invalid condition id : UX DEVICE CLASS RTOS Condition cause : null
2023-10-26 23:20:22,877 [WARN] ConditionMgr:1039 - genDependencies : Invalid condition id : UX DEVICE CLASS RTOS Condition cause : null
2023-10-26 23:20:22,877 [WARN] ConditionMgr:1039 - genDependencies : Invalid condition id : UX DEVICE CLASS RTOS Condition cause : null
2023-10-26 23:20:22,877 [WARN] ConditionMgr:1039 - genDependencies : Invalid condition id : UX DEVICE CLASS RTOS Condition cause : null
2023-10-26 23:20:22,900 [WARN] PackLoader:240 - Cannot read IP mode file for STMicroelectronics.X-CUBE-SUBG2.5.0.0
2023-10-26 23:20:22,926 [WARN] PackLoader:240 - Cannot read IP mode file for STMicroelectronics.X-CUBE-TOF1.3.3.1
2023-10-26 23:20:22,967 [WARN] PackLoader:240 - Cannot read IP mode file for STMicroelectronics.X-CUBE-AZRTOS-G4.2.0.0
2023-10-26 23:20:23,008 [WARN] PackLoader:240 - Cannot read IP mode file for Infineon.AIROC-Wi-Fi-Bluetooth-STM32.1.5.1
2023-10-26 23:20:23,065 [WARN] PackLoader:240 - Cannot read IP mode file for STMicroelectronics.X-CUBE-MEMS1.10.0.0
2023-10-26 23:20:23,194 [WARN] PackLoader:240 - Cannot read IP mode file for STMicroelectronics.X-CUBE-FREERTOS.1.1.0
2023-10-26 23:20:23,208 [WARN] PackLoader:240 - Cannot read IP mode file for portGmbH.I-Cube-SoM-uGOAL.1.1.0
2023-10-26 23:20:23,219 [WARN] PackLoader:240 - Cannot read IP mode file for STMicroelectronics.X-CUBE-ALS.1.0.1
2023-10-26 23:20:23,232 [WARN] PackLoader:240 - Cannot read IP mode file for STMicroelectronics.FP-ATR-ASTRA1.2.0.0
2023-10-26 23:20:23,233 [INFO] ThirdParty:978 - Integrity check success = true
2023-10-26 23:20:23,233 [INFO] IntegrityCheckThread:100 - exiting critical section [integrity check]
2023-10-26 23:20:23,233 [INFO] IntegrityCheckThread:103 - End integrity checks thread
2023-10-26 23:20:40,437 [ERROR] LogOutputStream:75 - [STDERR_REDIRECT] SLF4J: Failed to load class "org.slf4j.impl.StaticLoggerBinder".
2023-10-26 23:20:40,437 [ERROR] LogOutputStream:75 - [STDERR_REDIRECT] SLF4J: Defaulting to no-operation (NOP) logger implementation
2023-10-26 23:20:40,438 [ERROR] LogOutputStream:75 - [STDERR_REDIRECT] SLF4J: See http://www.slf4j.org/codes.html#StaticLoggerBinder for further details.
