2023-10-19 20:39:19,352 [INFO] Activator:176 - 


2023-10-19 20:39:19,361 [INFO] Activator:177 - !SESSION log4j initialized
2023-10-19 20:39:27,595 [INFO] LogOutputStream:77 - [STDOUT_REDIRECT] 
2023-10-19 20:39:35,116 [INFO] ApplicationProperties:184 - Using Application install path: C:\ST\STM32CubeIDE_1.13.2\STM32CubeIDE\plugins\com.st.stm32cube.common.mx_6.9.2.202309101412
2023-10-19 20:39:35,137 [INFO] DbMcusXml:78 - Set database path to: C:\ST\STM32CubeIDE_1.13.2\STM32CubeIDE\plugins\com.st.stm32cube.common.mx_6.9.2.202309101412\\db\/mcu/
2023-10-19 20:39:35,137 [INFO] ApiDb:274 - Set plugin database path to: C:\ST\STM32CubeIDE_1.13.2\STM32CubeIDE\plugins\com.st.stm32cube.common.mx_6.9.2.202309101412\\db\/plugins/boardmanager/
2023-10-19 20:39:35,138 [WARN] ApiDb:259 - Overriding images path with different value:  => C:\ST\STM32CubeIDE_1.13.2\STM32CubeIDE\plugins\com.st.stm32cube.common.mx_6.9.2.202309101412\\db\/plugins/mcufinder/images/
2023-10-19 20:39:35,152 [INFO] ApiDb:250 - Set database path to: C:\Users\iremg\.stmcufinder\plugins\mcufinder//mcu/
2023-10-19 20:39:35,153 [INFO] DbMcusAds:125 - Set database path to: C:\Users\iremg\.stmcufinder\plugins\mcufinder//mcu/
2023-10-19 20:39:35,155 [INFO] CrossReferenceDbSqlite:203 - Set database path to: C:\Users\iremg\.stmcufinder\plugins\mcufinder//mcu/cs/
2023-10-19 20:39:35,309 [INFO] RulesReader:64 - Compatibility file has been processed (293 Rules)
2023-10-19 20:39:35,424 [INFO] DbMcusXml:78 - Set database path to: C:\ST\STM32CubeIDE_1.13.2\STM32CubeIDE\plugins\com.st.stm32cube.common.mx_6.9.2.202309101412\\db\/mcu/
2023-10-19 20:39:35,424 [INFO] ApiDb:274 - Set plugin database path to: C:\ST\STM32CubeIDE_1.13.2\STM32CubeIDE\plugins\com.st.stm32cube.common.mx_6.9.2.202309101412\\db\/plugins/boardmanager/
2023-10-19 20:39:35,425 [INFO] ApiDb:261 - Set plugin images path to: C:\ST\STM32CubeIDE_1.13.2\STM32CubeIDE\plugins\com.st.stm32cube.common.mx_6.9.2.202309101412\\db\/plugins/mcufinder/images/
2023-10-19 20:39:35,425 [WARN] DbFile:41 - Overriding database path with different value: C:\Users\iremg\.stmcufinder\plugins\mcufinder/ => C:\Users\iremg\.stmcufinder\plugins\mcufinder
2023-10-19 20:39:35,425 [INFO] ApiDb:250 - Set database path to: C:\Users\iremg\.stmcufinder\plugins\mcufinder//mcu/
2023-10-19 20:39:35,425 [WARN] DbFile:41 - Overriding database path with different value: C:\Users\iremg\.stmcufinder\plugins\mcufinder/ => C:\Users\iremg\.stmcufinder\plugins\mcufinder
2023-10-19 20:39:35,426 [INFO] DbMcusAds:125 - Set database path to: C:\Users\iremg\.stmcufinder\plugins\mcufinder//mcu/
2023-10-19 20:39:35,426 [WARN] DbFile:41 - Overriding database path with different value: C:\Users\iremg\.stmcufinder\plugins\mcufinder/ => C:\Users\iremg\.stmcufinder\plugins\mcufinder
2023-10-19 20:39:35,426 [WARN] DbFile:41 - Overriding database path with different value: C:\Users\iremg\.stmcufinder\plugins\mcufinder/ => C:\Users\iremg\.stmcufinder\plugins\mcufinder
2023-10-19 20:39:35,426 [INFO] CrossReferenceDbSqlite:203 - Set database path to: C:\Users\iremg\.stmcufinder\plugins\mcufinder//mcu/cs/
2023-10-19 20:39:35,520 [INFO] MainPanel:262 - HeapMemory: 268435456
2023-10-19 20:39:35,631 [INFO] DbMcusXml:78 - Set database path to: C:\ST\STM32CubeIDE_1.13.2\STM32CubeIDE\plugins\com.st.stm32cube.common.mx_6.9.2.202309101412\\db\/mcu/
2023-10-19 20:39:35,631 [INFO] ApiDb:274 - Set plugin database path to: C:\ST\STM32CubeIDE_1.13.2\STM32CubeIDE\plugins\com.st.stm32cube.common.mx_6.9.2.202309101412\\db\/plugins/boardmanager/
2023-10-19 20:39:35,631 [INFO] ApiDb:261 - Set plugin images path to: C:\ST\STM32CubeIDE_1.13.2\STM32CubeIDE\plugins\com.st.stm32cube.common.mx_6.9.2.202309101412\\db\/plugins/mcufinder/images/
2023-10-19 20:39:35,632 [WARN] DbFile:41 - Overriding database path with different value: C:\Users\iremg\.stmcufinder\plugins\mcufinder/ => C:\Users\iremg\.stmcufinder\plugins\mcufinder
2023-10-19 20:39:35,632 [INFO] ApiDb:250 - Set database path to: C:\Users\iremg\.stmcufinder\plugins\mcufinder//mcu/
2023-10-19 20:39:35,632 [WARN] DbFile:41 - Overriding database path with different value: C:\Users\iremg\.stmcufinder\plugins\mcufinder/ => C:\Users\iremg\.stmcufinder\plugins\mcufinder
2023-10-19 20:39:35,632 [INFO] DbMcusAds:125 - Set database path to: C:\Users\iremg\.stmcufinder\plugins\mcufinder//mcu/
2023-10-19 20:39:35,633 [WARN] DbFile:41 - Overriding database path with different value: C:\Users\iremg\.stmcufinder\plugins\mcufinder/ => C:\Users\iremg\.stmcufinder\plugins\mcufinder
2023-10-19 20:39:35,633 [WARN] DbFile:41 - Overriding database path with different value: C:\Users\iremg\.stmcufinder\plugins\mcufinder/ => C:\Users\iremg\.stmcufinder\plugins\mcufinder
2023-10-19 20:39:35,633 [INFO] CrossReferenceDbSqlite:203 - Set database path to: C:\Users\iremg\.stmcufinder\plugins\mcufinder//mcu/cs/
2023-10-19 20:39:35,657 [INFO] ApplicationProperties:184 - Using Application install path: C:\ST\STM32CubeIDE_1.13.2\STM32CubeIDE\plugins\com.st.stm32cube.common.mx_6.9.2.202309101412
2023-10-19 20:39:35,658 [INFO] PluginManage:196 - Search for loadable plugins [exclusion list=, ]
2023-10-19 20:39:35,660 [INFO] PluginManage:310 - Check plugin analytics
2023-10-19 20:39:40,417 [INFO] AnalyticsPlugin:253 - Accepted Software Licenses: 
2023-10-19 20:39:40,417 [INFO] AnalyticsPlugin:255 - Accepted CMSIS Pack Licenses: 
2023-10-19 20:39:40,418 [INFO] AnalyticsPlugin:257 - Accepted Firmware Licenses: FW.F4.1.27.0
2023-10-19 20:39:40,420 [INFO] PluginManage:359 - Loaded plugin analytics (category:tool,tabindex:-1)
2023-10-19 20:39:40,421 [INFO] PluginManage:310 - Check plugin cadmodel
2023-10-19 20:39:40,436 [INFO] CADModel:105 - Init CAD model plugin
2023-10-19 20:39:40,437 [INFO] PluginManage:359 - Loaded plugin cadmodel (category:power,tabindex:5)
2023-10-19 20:39:40,437 [INFO] PluginManage:310 - Check plugin clock
2023-10-19 20:39:40,460 [INFO] PluginManage:359 - Loaded plugin clock (category:base,tabindex:2)
2023-10-19 20:39:40,460 [INFO] PluginManage:310 - Check plugin ddr
2023-10-19 20:39:40,463 [INFO] PluginManage:359 - Loaded plugin ddr (category:tool,tabindex:6)
2023-10-19 20:39:40,463 [INFO] PluginManage:310 - Check plugin filemanager
2023-10-19 20:39:40,617 [INFO] PluginManage:359 - Loaded plugin filemanager (category:base,tabindex:10)
2023-10-19 20:39:40,618 [INFO] PluginManage:310 - Check plugin ipmanager
2023-10-19 20:39:40,625 [INFO] PluginManage:359 - Loaded plugin ipmanager (category:base,tabindex:5)
2023-10-19 20:39:40,625 [INFO] PluginManage:310 - Check plugin lpbam
2023-10-19 20:39:40,644 [INFO] PluginManage:359 - Loaded plugin lpbam (category:base,tabindex:0)
2023-10-19 20:39:40,644 [INFO] PluginManage:310 - Check plugin memorymap
2023-10-19 20:39:40,667 [INFO] PluginManage:359 - Loaded plugin memorymap (category:base,tabindex:4)
2023-10-19 20:39:40,667 [INFO] PluginManage:310 - Check plugin pinoutandconfiguration
2023-10-19 20:39:40,685 [INFO] PluginManage:359 - Loaded plugin pinoutandconfiguration (category:base,tabindex:1)
2023-10-19 20:39:40,685 [INFO] PluginManage:310 - Check plugin pinoutconfig
2023-10-19 20:39:40,847 [WARN] SupportedApi:132 - Cannot load RTOS API schema: s4s-elt-must-match.1: The content of 'definitions' must match (annotation?, (simpleType | complexType)?, (unique | key | keyref)*)). A problem was found starting at: attribute.
2023-10-19 20:39:40,992 [INFO] PluginManage:359 - Loaded plugin pinoutconfig (category:base,tabindex:0)
2023-10-19 20:39:40,992 [INFO] PluginManage:310 - Check plugin power
2023-10-19 20:39:41,018 [INFO] PluginManage:359 - Loaded plugin power (category:power,tabindex:4)
2023-10-19 20:39:41,018 [INFO] PluginManage:310 - Check plugin projectmanager
2023-10-19 20:39:41,034 [INFO] PluginManage:359 - Loaded plugin projectmanager (category:projectmanager,tabindex:3)
2023-10-19 20:39:41,034 [INFO] PluginManage:310 - Check plugin thirdparty
2023-10-19 20:39:41,382 [INFO] PluginManage:359 - Loaded plugin thirdparty (category:base,tabindex:-1)
2023-10-19 20:39:41,382 [WARN] IntegrityCheckThread:84 - waiting for thirdparty lock release [integrity check]
2023-10-19 20:39:41,382 [INFO] PluginManage:310 - Check plugin tools
2023-10-19 20:39:41,382 [INFO] IntegrityCheckThread:86 - entering critical section [integrity check]
2023-10-19 20:39:41,383 [INFO] ThirdPartyUpdaterWithRetryManager:70 - Updater plugin not ready yet. [1/15]
2023-10-19 20:39:41,447 [INFO] PluginManage:359 - Loaded plugin tools (category:base,tabindex:7)
2023-10-19 20:39:41,447 [INFO] PluginManage:310 - Check plugin tutovideos
2023-10-19 20:39:41,766 [INFO] PluginManage:359 - Loaded plugin tutovideos (category:base,tabindex:-1)
2023-10-19 20:39:41,766 [INFO] PluginManage:310 - Check plugin updater
2023-10-19 20:39:41,783 [INFO] PluginManage:359 - Loaded plugin updater (category:base,tabindex:12)
2023-10-19 20:39:41,783 [INFO] PluginManage:310 - Check plugin userauth
2023-10-19 20:39:41,792 [INFO] UserAuth:113 - Init User Auth plugin
2023-10-19 20:39:41,792 [INFO] PluginManage:359 - Loaded plugin userauth (category:base,tabindex:14)
2023-10-19 20:39:41,793 [INFO] PluginManage:283 - PluginManage : Loaded plugins [17]
2023-10-19 20:39:42,147 [INFO] PinOutPanel:1499 - setPackage(No Configuration,No Configuration)
2023-10-19 20:39:42,360 [INFO] CADModel:165 - CPN selected for project level
2023-10-19 20:39:42,361 [INFO] CADModel:114 - Register for checkConnection events
2023-10-19 20:39:42,406 [INFO] IPUIPlugin:80 - create IPUIPlugin
2023-10-19 20:39:42,407 [INFO] PluginManager:220 - loadIPPluginJar : add adc
2023-10-19 20:39:42,477 [INFO] IPUIPlugin:80 - create IPUIPlugin
2023-10-19 20:39:42,478 [INFO] PluginManager:220 - loadIPPluginJar : add aes
2023-10-19 20:39:42,556 [INFO] IPUIPlugin:80 - create IPUIPlugin
2023-10-19 20:39:42,556 [INFO] PluginManager:220 - loadIPPluginJar : add can
2023-10-19 20:39:42,598 [INFO] IPUIPlugin:80 - create IPUIPlugin
2023-10-19 20:39:42,598 [INFO] PluginManager:220 - loadIPPluginJar : add comp
2023-10-19 20:39:42,665 [INFO] IPUIPlugin:80 - create IPUIPlugin
2023-10-19 20:39:42,665 [INFO] PluginManager:220 - loadIPPluginJar : add cryp
2023-10-19 20:39:42,725 [INFO] IPUIPlugin:80 - create IPUIPlugin
2023-10-19 20:39:42,725 [INFO] PluginManager:220 - loadIPPluginJar : add dfsdm
2023-10-19 20:39:42,751 [INFO] IPUIPlugin:80 - create IPUIPlugin
2023-10-19 20:39:42,751 [INFO] PluginManager:220 - loadIPPluginJar : add dma
2023-10-19 20:39:42,833 [INFO] IPUIPlugin:80 - create IPUIPlugin
2023-10-19 20:39:42,833 [INFO] PluginManager:220 - loadIPPluginJar : add dma3
2023-10-19 20:39:42,870 [INFO] IPUIPlugin:80 - create IPUIPlugin
2023-10-19 20:39:42,870 [INFO] PluginManager:220 - loadIPPluginJar : add fatfs
2023-10-19 20:39:42,959 [INFO] IPUIPlugin:80 - create IPUIPlugin
2023-10-19 20:39:42,960 [INFO] PluginManager:220 - loadIPPluginJar : add fmc
2023-10-19 20:39:42,986 [INFO] IPUIPlugin:80 - create IPUIPlugin
2023-10-19 20:39:42,987 [INFO] PluginManager:220 - loadIPPluginJar : add freertos
2023-10-19 20:39:43,026 [INFO] IPUIPlugin:80 - create IPUIPlugin
2023-10-19 20:39:43,026 [INFO] PluginManager:220 - loadIPPluginJar : add genericplugin
2023-10-19 20:39:43,217 [INFO] IPUIPlugin:80 - create IPUIPlugin
2023-10-19 20:39:43,217 [INFO] PluginManager:220 - loadIPPluginJar : add gfxmmu
2023-10-19 20:39:43,472 [INFO] IPUIPlugin:80 - create IPUIPlugin
2023-10-19 20:39:43,472 [INFO] PluginManager:220 - loadIPPluginJar : add gic
2023-10-19 20:39:43,503 [INFO] IPUIPlugin:80 - create IPUIPlugin
2023-10-19 20:39:43,503 [INFO] PluginManager:220 - loadIPPluginJar : add gpio
2023-10-19 20:39:43,689 [INFO] IPUIPlugin:80 - create IPUIPlugin
2023-10-19 20:39:43,689 [INFO] PluginManager:220 - loadIPPluginJar : add gtzc
2023-10-19 20:39:43,751 [INFO] IPUIPlugin:80 - create IPUIPlugin
2023-10-19 20:39:43,752 [INFO] PluginManager:220 - loadIPPluginJar : add hash
2023-10-19 20:39:43,849 [INFO] IPUIPlugin:80 - create IPUIPlugin
2023-10-19 20:39:43,849 [INFO] PluginManager:220 - loadIPPluginJar : add i2c
2023-10-19 20:39:43,921 [INFO] IPUIPlugin:80 - create IPUIPlugin
2023-10-19 20:39:43,921 [INFO] PluginManager:220 - loadIPPluginJar : add i2s
2023-10-19 20:39:43,996 [INFO] IPUIPlugin:80 - create IPUIPlugin
2023-10-19 20:39:43,996 [INFO] PluginManager:220 - loadIPPluginJar : add i3c
2023-10-19 20:39:44,216 [INFO] IPUIPlugin:80 - create IPUIPlugin
2023-10-19 20:39:44,216 [INFO] PluginManager:220 - loadIPPluginJar : add ipddr
2023-10-19 20:39:44,384 [INFO] ThirdPartyUpdaterWithRetryManager:70 - Updater plugin not ready yet. [2/15]
2023-10-19 20:39:44,384 [INFO] IPUIPlugin:80 - create IPUIPlugin
2023-10-19 20:39:44,385 [INFO] PluginManager:220 - loadIPPluginJar : add linkedlist
2023-10-19 20:39:44,448 [INFO] IPUIPlugin:80 - create IPUIPlugin
2023-10-19 20:39:44,448 [INFO] PluginManager:220 - loadIPPluginJar : add lorawan
2023-10-19 20:39:44,512 [INFO] IPUIPlugin:80 - create IPUIPlugin
2023-10-19 20:39:44,513 [INFO] PluginManager:220 - loadIPPluginJar : add ltdc
2023-10-19 20:39:44,539 [INFO] IPUIPlugin:80 - create IPUIPlugin
2023-10-19 20:39:44,539 [INFO] PluginManager:220 - loadIPPluginJar : add mdma
2023-10-19 20:39:44,560 [INFO] IPUIPlugin:80 - create IPUIPlugin
2023-10-19 20:39:44,560 [INFO] PluginManager:220 - loadIPPluginJar : add nvic
2023-10-19 20:39:44,626 [INFO] IPUIPlugin:80 - create IPUIPlugin
2023-10-19 20:39:44,626 [INFO] PluginManager:220 - loadIPPluginJar : add opamp
2023-10-19 20:39:44,738 [INFO] IPUIPlugin:80 - create IPUIPlugin
2023-10-19 20:39:44,738 [INFO] PluginManager:220 - loadIPPluginJar : add openamp
2023-10-19 20:39:44,814 [INFO] IPUIPlugin:80 - create IPUIPlugin
2023-10-19 20:39:44,814 [INFO] PluginManager:220 - loadIPPluginJar : add pdm2pcm
2023-10-19 20:39:44,839 [INFO] IPUIPlugin:80 - create IPUIPlugin
2023-10-19 20:39:44,843 [INFO] PluginManager:220 - loadIPPluginJar : add plateformsettings
2023-10-19 20:39:44,880 [INFO] IPUIPlugin:80 - create IPUIPlugin
2023-10-19 20:39:44,880 [INFO] PluginManager:220 - loadIPPluginJar : add quadspi
2023-10-19 20:39:44,902 [INFO] IPUIPlugin:80 - create IPUIPlugin
2023-10-19 20:39:44,902 [INFO] PluginManager:220 - loadIPPluginJar : add resmgrutility
2023-10-19 20:39:44,995 [INFO] IPUIPlugin:80 - create IPUIPlugin
2023-10-19 20:39:44,995 [INFO] PluginManager:220 - loadIPPluginJar : add sai
2023-10-19 20:39:45,060 [INFO] IPUIPlugin:80 - create IPUIPlugin
2023-10-19 20:39:45,060 [INFO] PluginManager:220 - loadIPPluginJar : add spi
2023-10-19 20:39:45,167 [INFO] IPUIPlugin:80 - create IPUIPlugin
2023-10-19 20:39:45,168 [INFO] PluginManager:220 - loadIPPluginJar : add stm32_wpan
2023-10-19 20:39:45,206 [INFO] IPUIPlugin:80 - create IPUIPlugin
2023-10-19 20:39:45,206 [INFO] PluginManager:220 - loadIPPluginJar : add tim
2023-10-19 20:39:45,305 [INFO] IPUIPlugin:80 - create IPUIPlugin
2023-10-19 20:39:45,306 [INFO] PluginManager:220 - loadIPPluginJar : add touchsensing
2023-10-19 20:39:45,347 [INFO] IPUIPlugin:80 - create IPUIPlugin
2023-10-19 20:39:45,347 [INFO] PluginManager:220 - loadIPPluginJar : add tracer_emb
2023-10-19 20:39:45,387 [INFO] IPUIPlugin:80 - create IPUIPlugin
2023-10-19 20:39:45,387 [INFO] PluginManager:220 - loadIPPluginJar : add ts
2023-10-19 20:39:45,427 [INFO] IPUIPlugin:80 - create IPUIPlugin
2023-10-19 20:39:45,427 [INFO] PluginManager:220 - loadIPPluginJar : add tsc
2023-10-19 20:39:45,465 [INFO] IPUIPlugin:80 - create IPUIPlugin
2023-10-19 20:39:45,466 [INFO] PluginManager:220 - loadIPPluginJar : add ucpd
2023-10-19 20:39:45,544 [INFO] IPUIPlugin:80 - create IPUIPlugin
2023-10-19 20:39:45,545 [INFO] PluginManager:220 - loadIPPluginJar : add usart
2023-10-19 20:39:45,623 [INFO] IPUIPlugin:80 - create IPUIPlugin
2023-10-19 20:39:45,624 [INFO] PluginManager:220 - loadIPPluginJar : add usbx
2023-10-19 20:39:45,784 [INFO] CADModel:165 - CPN selected for project level
2023-10-19 20:39:45,784 [INFO] CADModel:114 - Register for checkConnection events
2023-10-19 20:39:45,784 [FATAL] Updater:308 - Updater called before beeing initialized
2023-10-19 20:39:45,784 [ERROR] CADModel:125 - Updater not yet initialized, retry later 
2023-10-19 20:39:45,990 [INFO] CADModel:165 - CPN selected for project level
2023-10-19 20:39:45,990 [INFO] CADModel:114 - Register for checkConnection events
2023-10-19 20:39:45,990 [FATAL] Updater:308 - Updater called before beeing initialized
2023-10-19 20:39:45,990 [ERROR] CADModel:125 - Updater not yet initialized, retry later 
2023-10-19 20:39:45,996 [FATAL] Updater:308 - Updater called before beeing initialized
2023-10-19 20:39:46,161 [FATAL] Updater:308 - Updater called before beeing initialized
2023-10-19 20:39:46,180 [INFO] DbMcusAds:53 - JSON generation date=Tue Mar 07 09:50:55 CET 2023 (1678179055114)
2023-10-19 20:39:46,180 [FATAL] Updater:308 - Updater called before beeing initialized
2023-10-19 20:39:46,319 [WARN] DetailPanel:346 - Failed to get advertising image, set to default
2023-10-19 20:39:46,507 [FATAL] Updater:308 - Updater called before beeing initialized
2023-10-19 20:39:46,510 [FATAL] Updater:308 - Updater called before beeing initialized
2023-10-19 20:39:46,510 [FATAL] Updater:308 - Updater called before beeing initialized
2023-10-19 20:39:46,511 [WARN] DetailPanel:346 - Failed to get advertising image, set to default
2023-10-19 20:39:46,512 [FATAL] Updater:308 - Updater called before beeing initialized
2023-10-19 20:39:46,609 [ERROR] Updater:1120 - MainUpdater not yet initialized. External WinMGr cannot be set.
2023-10-19 20:39:46,629 [INFO] Updater:1056 - Updater Version found : 6.9.2
2023-10-19 20:39:46,654 [INFO] ApplicationProperties:184 - Using Application install path: C:\ST\STM32CubeIDE_1.13.2\STM32CubeIDE\plugins\com.st.stm32cube.common.mx_6.9.2.202309101412
2023-10-19 20:39:46,939 [INFO] MainUpdater:2868 - connection check result : 10
2023-10-19 20:39:46,940 [INFO] MainUpdater:285 - Updater Check For Update Now.
2023-10-19 20:39:46,941 [INFO] MicroXplorer:498 - Change Database Version : DB.6.0.92
2023-10-19 20:39:46,966 [INFO] McuFinderGlobals:63 - Set McuFinder mode to 2 (CubeIDE integrated)
2023-10-19 20:39:47,219 [INFO] CheckServerUpdateThread:120 - End of CheckServer Thread
2023-10-19 20:39:47,791 [WARN] PackLoader:240 - Cannot read IP mode file for STMicroelectronics.X-CUBE-SMBUS.2.1.0
2023-10-19 20:39:47,888 [WARN] PackLoader:240 - Cannot read IP mode file for STMicroelectronics.X-CUBE-AZRTOS-F7.1.1.0
2023-10-19 20:39:47,927 [WARN] PackLoader:240 - Cannot read IP mode file for STMicroelectronics.FP-SNS-MOTENV1.4.3.2
2023-10-19 20:39:47,957 [WARN] PackLoader:240 - Cannot read IP mode file for STMicroelectronics.FP-SNS-FLIGHT1.5.0.2
2023-10-19 20:39:47,991 [WARN] PackLoader:240 - Cannot read IP mode file for STMicroelectronics.X-CUBE-DISPLAY.3.0.0
2023-10-19 20:39:48,032 [WARN] PackLoader:240 - Cannot read IP mode file for STMicroelectronics.X-CUBE-BLE1.7.0.0
2023-10-19 20:39:48,060 [WARN] PackLoader:240 - Cannot read IP mode file for emotas.I-CUBE-CANOPEN.1.3.0
2023-10-19 20:39:48,085 [WARN] PackLoader:240 - Cannot read IP mode file for STMicroelectronics.X-CUBE-TOUCHGFX.4.22.1
2023-10-19 20:39:48,110 [WARN] PackLoader:240 - Cannot read IP mode file for STMicroelectronics.FP-SNS-SMARTAG2.1.2.0
2023-10-19 20:39:48,151 [INFO] LogOutputStream:77 - [STDOUT_REDIRECT] 1 : Invalid condition id : UX_CORESTACK_Condition cause : null
2023-10-19 20:39:48,152 [INFO] LogOutputStream:77 - [STDOUT_REDIRECT] 1 : Invalid condition id : UX_CORESTACK_Condition cause : null
2023-10-19 20:39:48,154 [INFO] LogOutputStream:77 - [STDOUT_REDIRECT] 1 : Invalid condition id : UX_CORESTACK_Condition cause : null
2023-10-19 20:39:48,156 [INFO] LogOutputStream:77 - [STDOUT_REDIRECT] 1 : Invalid condition id : UX_CORESTACK_Condition cause : null
2023-10-19 20:39:48,159 [INFO] LogOutputStream:77 - [STDOUT_REDIRECT] 1 : Invalid condition id : UX_CORESTACK_Condition cause : null
2023-10-19 20:39:48,170 [WARN] PackLoader:240 - Cannot read IP mode file for STMicroelectronics.X-CUBE-AZRTOS-WL.2.0.0
2023-10-19 20:39:48,203 [WARN] PackLoader:240 - Cannot read IP mode file for WES.I-CUBE-Cesium.1.3.0
2023-10-19 20:39:48,226 [WARN] PackLoader:240 - Cannot read IP mode file for STMicroelectronics.X-CUBE-BLE2.3.3.0
2023-10-19 20:39:48,253 [WARN] PackLoader:240 - Cannot read IP mode file for STMicroelectronics.X-CUBE-ALGOBUILD.1.3.0
2023-10-19 20:39:48,311 [WARN] PackLoader:240 - Cannot read IP mode file for STMicroelectronics.X-CUBE-AZRTOS-G0.1.1.0
2023-10-19 20:39:48,341 [WARN] PackLoader:240 - Cannot read IP mode file for STMicroelectronics.X-CUBE-NFC4.3.0.0
2023-10-19 20:39:48,363 [WARN] PackLoader:240 - Cannot read IP mode file for STMicroelectronics.FP-ATR-SIGFOX1.3.2.0
2023-10-19 20:39:48,445 [WARN] PackLoader:240 - Cannot read IP mode file for SEGGER.I-CUBE-embOS.1.3.1
2023-10-19 20:39:48,555 [WARN] PackLoader:240 - Cannot read IP mode file for STMicroelectronics.X-CUBE-GNSS1.6.0.0
2023-10-19 20:39:48,615 [WARN] PackLoader:240 - Cannot read IP mode file for STMicroelectronics.X-CUBE-AZRTOS-F4.1.1.0
2023-10-19 20:39:48,643 [WARN] PackLoader:240 - Cannot read IP mode file for wolfSSL.I-CUBE-wolfSSL.5.6.3
2023-10-19 20:39:48,701 [WARN] PackLoader:240 - Cannot read IP mode file for STMicroelectronics.X-CUBE-AZRTOS-L5.2.0.0
2023-10-19 20:39:48,731 [WARN] PackLoader:240 - Cannot read IP mode file for ITTIA_DB.I-CUBE-ITTIADB.8.8.0
2023-10-19 20:39:48,761 [WARN] PackLoader:240 - Cannot read IP mode file for STMicroelectronics.X-CUBE-BLEMGR.2.0.0
2023-10-19 20:39:48,823 [WARN] ConditionMgr:438 - getConditionDescription Invalid condition id : UX DEVICE CLASS RTOS Condition cause : null
2023-10-19 20:39:48,823 [WARN] ConditionMgr:438 - getConditionDescription Invalid condition id : UX DEVICE CLASS RTOS Condition cause : null
2023-10-19 20:39:48,832 [WARN] PackLoader:240 - Cannot read IP mode file for STMicroelectronics.X-CUBE-AZRTOS-H7.3.1.0
2023-10-19 20:39:48,834 [WARN] ConditionMgr:1039 - genDependencies : Invalid condition id : UX DEVICE CLASS RTOS Condition cause : null
2023-10-19 20:39:48,834 [WARN] ConditionMgr:1039 - genDependencies : Invalid condition id : UX DEVICE CLASS RTOS Condition cause : null
2023-10-19 20:39:48,835 [WARN] ConditionMgr:1039 - genDependencies : Invalid condition id : UX DEVICE CLASS RTOS Condition cause : null
2023-10-19 20:39:48,836 [WARN] ConditionMgr:1039 - genDependencies : Invalid condition id : UX DEVICE CLASS RTOS Condition cause : null
2023-10-19 20:39:48,837 [WARN] ConditionMgr:1039 - genDependencies : Invalid condition id : UX DEVICE CLASS RTOS Condition cause : null
2023-10-19 20:39:48,863 [WARN] PackLoader:240 - Cannot read IP mode file for STMicroelectronics.X-CUBE-NFC7.1.0.1
2023-10-19 20:39:48,892 [WARN] PackLoader:240 - Cannot read IP mode file for STMicroelectronics.X-CUBE-NFC6.3.0.0
2023-10-19 20:39:48,921 [WARN] PackLoader:240 - Cannot read IP mode file for STMicroelectronics.X-CUBE-EEPRMA1.4.1.0
2023-10-19 20:39:48,942 [WARN] PackLoader:240 - Cannot read IP mode file for STMicroelectronics.X-CUBE-AI.8.1.0
2023-10-19 20:39:48,997 [WARN] ConditionMgr:438 - getConditionDescription Invalid condition id : LAN8742 Phy interface Condition cause : null
2023-10-19 20:39:48,998 [WARN] PackLoader:240 - Cannot read IP mode file for STMicroelectronics.X-CUBE-AZRTOS-L4.2.0.0
2023-10-19 20:39:49,001 [WARN] ConditionMgr:1039 - genDependencies : Invalid condition id : LAN8742 Phy interface Condition cause : null
2023-10-19 20:39:49,001 [WARN] ConditionMgr:1039 - genDependencies : Invalid condition id : LAN8742 Phy interface Condition cause : null
2023-10-19 20:39:49,002 [WARN] ConditionMgr:1039 - genDependencies : Invalid condition id : LAN8742 Phy interface Condition cause : null
2023-10-19 20:39:49,029 [WARN] PackLoader:240 - Cannot read IP mode file for STMicroelectronics.X-CUBE-SFXS2LP1.4.0.0
2023-10-19 20:39:49,050 [WARN] PackLoader:240 - Cannot read IP mode file for STMicroelectronics.X-CUBE-ISPU.1.1.0
2023-10-19 20:39:49,095 [WARN] ConditionMgr:438 - getConditionDescription Invalid condition id : UX DEVICE CLASS RTOS Condition cause : null
2023-10-19 20:39:49,095 [WARN] ConditionMgr:438 - getConditionDescription Invalid condition id : UX DEVICE CLASS RTOS Condition cause : null
2023-10-19 20:39:49,100 [WARN] PackLoader:240 - Cannot read IP mode file for STMicroelectronics.X-CUBE-AZRTOS-WB.2.0.0
2023-10-19 20:39:49,101 [WARN] ConditionMgr:1039 - genDependencies : Invalid condition id : UX DEVICE CLASS RTOS Condition cause : null
2023-10-19 20:39:49,101 [WARN] ConditionMgr:1039 - genDependencies : Invalid condition id : UX DEVICE CLASS RTOS Condition cause : null
2023-10-19 20:39:49,103 [WARN] ConditionMgr:1039 - genDependencies : Invalid condition id : UX DEVICE CLASS RTOS Condition cause : null
2023-10-19 20:39:49,103 [WARN] ConditionMgr:1039 - genDependencies : Invalid condition id : UX DEVICE CLASS RTOS Condition cause : null
2023-10-19 20:39:49,103 [WARN] ConditionMgr:1039 - genDependencies : Invalid condition id : UX DEVICE CLASS RTOS Condition cause : null
2023-10-19 20:39:49,139 [WARN] PackLoader:240 - Cannot read IP mode file for STMicroelectronics.X-CUBE-SUBG2.5.0.0
2023-10-19 20:39:49,183 [WARN] PackLoader:240 - Cannot read IP mode file for STMicroelectronics.X-CUBE-TOF1.3.3.1
2023-10-19 20:39:49,249 [WARN] PackLoader:240 - Cannot read IP mode file for STMicroelectronics.X-CUBE-AZRTOS-G4.2.0.0
2023-10-19 20:39:49,297 [WARN] PackLoader:240 - Cannot read IP mode file for Infineon.AIROC-Wi-Fi-Bluetooth-STM32.1.5.1
2023-10-19 20:39:49,417 [WARN] PackLoader:240 - Cannot read IP mode file for STMicroelectronics.X-CUBE-MEMS1.10.0.0
2023-10-19 20:39:49,671 [WARN] PackLoader:240 - Cannot read IP mode file for STMicroelectronics.X-CUBE-FREERTOS.1.1.0
2023-10-19 20:39:49,697 [WARN] PackLoader:240 - Cannot read IP mode file for portGmbH.I-Cube-SoM-uGOAL.1.1.0
2023-10-19 20:39:49,718 [WARN] PackLoader:240 - Cannot read IP mode file for STMicroelectronics.X-CUBE-ALS.1.0.1
2023-10-19 20:39:49,739 [WARN] PackLoader:240 - Cannot read IP mode file for STMicroelectronics.FP-ATR-ASTRA1.2.0.0
2023-10-19 20:39:49,741 [INFO] ThirdParty:978 - Integrity check success = true
2023-10-19 20:39:49,741 [INFO] IntegrityCheckThread:100 - exiting critical section [integrity check]
2023-10-19 20:39:49,741 [INFO] IntegrityCheckThread:103 - End integrity checks thread
2023-10-19 20:40:08,200 [ERROR] LogOutputStream:75 - [STDERR_REDIRECT] SLF4J: Failed to load class "org.slf4j.impl.StaticLoggerBinder".
2023-10-19 20:40:08,201 [ERROR] LogOutputStream:75 - [STDERR_REDIRECT] SLF4J: Defaulting to no-operation (NOP) logger implementation
2023-10-19 20:40:08,203 [ERROR] LogOutputStream:75 - [STDERR_REDIRECT] SLF4J: See http://www.slf4j.org/codes.html#StaticLoggerBinder for further details.
