2023-11-02 16:27:29,610 [INFO] Activator:176 - 


2023-11-02 16:27:29,621 [INFO] Activator:177 - !SESSION log4j initialized
2023-11-02 16:27:36,704 [INFO] LogOutputStream:77 - [STDOUT_REDIRECT] 
2023-11-02 16:27:45,226 [INFO] ApplicationProperties:184 - Using Application install path: C:\ST\STM32CubeIDE_1.13.2\STM32CubeIDE\plugins\com.st.stm32cube.common.mx_6.9.2.202309101412
2023-11-02 16:27:45,247 [INFO] DbMcusXml:78 - Set database path to: C:\ST\STM32CubeIDE_1.13.2\STM32CubeIDE\plugins\com.st.stm32cube.common.mx_6.9.2.202309101412\\db\/mcu/
2023-11-02 16:27:45,247 [INFO] ApiDb:274 - Set plugin database path to: C:\ST\STM32CubeIDE_1.13.2\STM32CubeIDE\plugins\com.st.stm32cube.common.mx_6.9.2.202309101412\\db\/plugins/boardmanager/
2023-11-02 16:27:45,248 [WARN] ApiDb:259 - Overriding images path with different value:  => C:\ST\STM32CubeIDE_1.13.2\STM32CubeIDE\plugins\com.st.stm32cube.common.mx_6.9.2.202309101412\\db\/plugins/mcufinder/images/
2023-11-02 16:27:45,260 [INFO] ApiDb:250 - Set database path to: C:\Users\iremg\.stmcufinder\plugins\mcufinder//mcu/
2023-11-02 16:27:45,261 [INFO] DbMcusAds:125 - Set database path to: C:\Users\iremg\.stmcufinder\plugins\mcufinder//mcu/
2023-11-02 16:27:45,264 [INFO] CrossReferenceDbSqlite:203 - Set database path to: C:\Users\iremg\.stmcufinder\plugins\mcufinder//mcu/cs/
2023-11-02 16:27:45,415 [INFO] RulesReader:64 - Compatibility file has been processed (293 Rules)
2023-11-02 16:27:45,518 [INFO] DbMcusXml:78 - Set database path to: C:\ST\STM32CubeIDE_1.13.2\STM32CubeIDE\plugins\com.st.stm32cube.common.mx_6.9.2.202309101412\\db\/mcu/
2023-11-02 16:27:45,518 [INFO] ApiDb:274 - Set plugin database path to: C:\ST\STM32CubeIDE_1.13.2\STM32CubeIDE\plugins\com.st.stm32cube.common.mx_6.9.2.202309101412\\db\/plugins/boardmanager/
2023-11-02 16:27:45,518 [INFO] ApiDb:261 - Set plugin images path to: C:\ST\STM32CubeIDE_1.13.2\STM32CubeIDE\plugins\com.st.stm32cube.common.mx_6.9.2.202309101412\\db\/plugins/mcufinder/images/
2023-11-02 16:27:45,518 [WARN] DbFile:41 - Overriding database path with different value: C:\Users\iremg\.stmcufinder\plugins\mcufinder/ => C:\Users\iremg\.stmcufinder\plugins\mcufinder
2023-11-02 16:27:45,518 [INFO] ApiDb:250 - Set database path to: C:\Users\iremg\.stmcufinder\plugins\mcufinder//mcu/
2023-11-02 16:27:45,519 [WARN] DbFile:41 - Overriding database path with different value: C:\Users\iremg\.stmcufinder\plugins\mcufinder/ => C:\Users\iremg\.stmcufinder\plugins\mcufinder
2023-11-02 16:27:45,519 [INFO] DbMcusAds:125 - Set database path to: C:\Users\iremg\.stmcufinder\plugins\mcufinder//mcu/
2023-11-02 16:27:45,519 [WARN] DbFile:41 - Overriding database path with different value: C:\Users\iremg\.stmcufinder\plugins\mcufinder/ => C:\Users\iremg\.stmcufinder\plugins\mcufinder
2023-11-02 16:27:45,519 [WARN] DbFile:41 - Overriding database path with different value: C:\Users\iremg\.stmcufinder\plugins\mcufinder/ => C:\Users\iremg\.stmcufinder\plugins\mcufinder
2023-11-02 16:27:45,519 [INFO] CrossReferenceDbSqlite:203 - Set database path to: C:\Users\iremg\.stmcufinder\plugins\mcufinder//mcu/cs/
2023-11-02 16:27:45,608 [INFO] MainPanel:262 - HeapMemory: 268435456
2023-11-02 16:27:45,725 [INFO] DbMcusXml:78 - Set database path to: C:\ST\STM32CubeIDE_1.13.2\STM32CubeIDE\plugins\com.st.stm32cube.common.mx_6.9.2.202309101412\\db\/mcu/
2023-11-02 16:27:45,725 [INFO] ApiDb:274 - Set plugin database path to: C:\ST\STM32CubeIDE_1.13.2\STM32CubeIDE\plugins\com.st.stm32cube.common.mx_6.9.2.202309101412\\db\/plugins/boardmanager/
2023-11-02 16:27:45,725 [INFO] ApiDb:261 - Set plugin images path to: C:\ST\STM32CubeIDE_1.13.2\STM32CubeIDE\plugins\com.st.stm32cube.common.mx_6.9.2.202309101412\\db\/plugins/mcufinder/images/
2023-11-02 16:27:45,726 [WARN] DbFile:41 - Overriding database path with different value: C:\Users\iremg\.stmcufinder\plugins\mcufinder/ => C:\Users\iremg\.stmcufinder\plugins\mcufinder
2023-11-02 16:27:45,726 [INFO] ApiDb:250 - Set database path to: C:\Users\iremg\.stmcufinder\plugins\mcufinder//mcu/
2023-11-02 16:27:45,726 [WARN] DbFile:41 - Overriding database path with different value: C:\Users\iremg\.stmcufinder\plugins\mcufinder/ => C:\Users\iremg\.stmcufinder\plugins\mcufinder
2023-11-02 16:27:45,726 [INFO] DbMcusAds:125 - Set database path to: C:\Users\iremg\.stmcufinder\plugins\mcufinder//mcu/
2023-11-02 16:27:45,726 [WARN] DbFile:41 - Overriding database path with different value: C:\Users\iremg\.stmcufinder\plugins\mcufinder/ => C:\Users\iremg\.stmcufinder\plugins\mcufinder
2023-11-02 16:27:45,727 [WARN] DbFile:41 - Overriding database path with different value: C:\Users\iremg\.stmcufinder\plugins\mcufinder/ => C:\Users\iremg\.stmcufinder\plugins\mcufinder
2023-11-02 16:27:45,727 [INFO] CrossReferenceDbSqlite:203 - Set database path to: C:\Users\iremg\.stmcufinder\plugins\mcufinder//mcu/cs/
2023-11-02 16:27:45,760 [INFO] ApplicationProperties:184 - Using Application install path: C:\ST\STM32CubeIDE_1.13.2\STM32CubeIDE\plugins\com.st.stm32cube.common.mx_6.9.2.202309101412
2023-11-02 16:27:45,762 [INFO] PluginManage:196 - Search for loadable plugins [exclusion list=, ]
2023-11-02 16:27:45,764 [INFO] PluginManage:310 - Check plugin analytics
2023-11-02 16:27:50,499 [INFO] AnalyticsPlugin:253 - Accepted Software Licenses: 
2023-11-02 16:27:50,499 [INFO] AnalyticsPlugin:255 - Accepted CMSIS Pack Licenses: 
2023-11-02 16:27:50,499 [INFO] AnalyticsPlugin:257 - Accepted Firmware Licenses: FW.F4.1.27.0
2023-11-02 16:27:50,501 [INFO] PluginManage:359 - Loaded plugin analytics (category:tool,tabindex:-1)
2023-11-02 16:27:50,501 [INFO] PluginManage:310 - Check plugin cadmodel
2023-11-02 16:27:50,516 [INFO] CADModel:105 - Init CAD model plugin
2023-11-02 16:27:50,516 [INFO] PluginManage:359 - Loaded plugin cadmodel (category:power,tabindex:5)
2023-11-02 16:27:50,516 [INFO] PluginManage:310 - Check plugin clock
2023-11-02 16:27:50,534 [INFO] PluginManage:359 - Loaded plugin clock (category:base,tabindex:2)
2023-11-02 16:27:50,535 [INFO] PluginManage:310 - Check plugin ddr
2023-11-02 16:27:50,537 [INFO] PluginManage:359 - Loaded plugin ddr (category:tool,tabindex:6)
2023-11-02 16:27:50,537 [INFO] PluginManage:310 - Check plugin filemanager
2023-11-02 16:27:50,670 [INFO] PluginManage:359 - Loaded plugin filemanager (category:base,tabindex:10)
2023-11-02 16:27:50,671 [INFO] PluginManage:310 - Check plugin ipmanager
2023-11-02 16:27:50,680 [INFO] PluginManage:359 - Loaded plugin ipmanager (category:base,tabindex:5)
2023-11-02 16:27:50,680 [INFO] PluginManage:310 - Check plugin lpbam
2023-11-02 16:27:50,702 [INFO] PluginManage:359 - Loaded plugin lpbam (category:base,tabindex:0)
2023-11-02 16:27:50,703 [INFO] PluginManage:310 - Check plugin memorymap
2023-11-02 16:27:50,729 [INFO] PluginManage:359 - Loaded plugin memorymap (category:base,tabindex:4)
2023-11-02 16:27:50,729 [INFO] PluginManage:310 - Check plugin pinoutandconfiguration
2023-11-02 16:27:50,747 [INFO] PluginManage:359 - Loaded plugin pinoutandconfiguration (category:base,tabindex:1)
2023-11-02 16:27:50,747 [INFO] PluginManage:310 - Check plugin pinoutconfig
2023-11-02 16:27:50,863 [WARN] SupportedApi:132 - Cannot load RTOS API schema: s4s-elt-must-match.1: The content of 'definitions' must match (annotation?, (simpleType | complexType)?, (unique | key | keyref)*)). A problem was found starting at: attribute.
2023-11-02 16:27:51,019 [INFO] PluginManage:359 - Loaded plugin pinoutconfig (category:base,tabindex:0)
2023-11-02 16:27:51,020 [INFO] PluginManage:310 - Check plugin power
2023-11-02 16:27:51,044 [INFO] PluginManage:359 - Loaded plugin power (category:power,tabindex:4)
2023-11-02 16:27:51,045 [INFO] PluginManage:310 - Check plugin projectmanager
2023-11-02 16:27:51,061 [INFO] PluginManage:359 - Loaded plugin projectmanager (category:projectmanager,tabindex:3)
2023-11-02 16:27:51,061 [INFO] PluginManage:310 - Check plugin thirdparty
2023-11-02 16:27:51,450 [INFO] PluginManage:359 - Loaded plugin thirdparty (category:base,tabindex:-1)
2023-11-02 16:27:51,450 [INFO] PluginManage:310 - Check plugin tools
2023-11-02 16:27:51,450 [WARN] IntegrityCheckThread:84 - waiting for thirdparty lock release [integrity check]
2023-11-02 16:27:51,451 [INFO] IntegrityCheckThread:86 - entering critical section [integrity check]
2023-11-02 16:27:51,451 [INFO] ThirdPartyUpdaterWithRetryManager:70 - Updater plugin not ready yet. [1/15]
2023-11-02 16:27:51,495 [INFO] PluginManage:359 - Loaded plugin tools (category:base,tabindex:7)
2023-11-02 16:27:51,495 [INFO] PluginManage:310 - Check plugin tutovideos
2023-11-02 16:27:51,725 [INFO] PluginManage:359 - Loaded plugin tutovideos (category:base,tabindex:-1)
2023-11-02 16:27:51,725 [INFO] PluginManage:310 - Check plugin updater
2023-11-02 16:27:51,737 [INFO] PluginManage:359 - Loaded plugin updater (category:base,tabindex:12)
2023-11-02 16:27:51,737 [INFO] PluginManage:310 - Check plugin userauth
2023-11-02 16:27:51,743 [INFO] UserAuth:113 - Init User Auth plugin
2023-11-02 16:27:51,744 [INFO] PluginManage:359 - Loaded plugin userauth (category:base,tabindex:14)
2023-11-02 16:27:51,744 [INFO] PluginManage:283 - PluginManage : Loaded plugins [17]
2023-11-02 16:27:51,995 [INFO] PinOutPanel:1499 - setPackage(No Configuration,No Configuration)
2023-11-02 16:27:52,114 [INFO] CADModel:165 - CPN selected for project level
2023-11-02 16:27:52,114 [INFO] CADModel:114 - Register for checkConnection events
2023-11-02 16:27:52,143 [INFO] IPUIPlugin:80 - create IPUIPlugin
2023-11-02 16:27:52,143 [INFO] PluginManager:220 - loadIPPluginJar : add adc
2023-11-02 16:27:52,181 [INFO] IPUIPlugin:80 - create IPUIPlugin
2023-11-02 16:27:52,181 [INFO] PluginManager:220 - loadIPPluginJar : add aes
2023-11-02 16:27:52,225 [INFO] IPUIPlugin:80 - create IPUIPlugin
2023-11-02 16:27:52,225 [INFO] PluginManager:220 - loadIPPluginJar : add can
2023-11-02 16:27:52,249 [INFO] IPUIPlugin:80 - create IPUIPlugin
2023-11-02 16:27:52,249 [INFO] PluginManager:220 - loadIPPluginJar : add comp
2023-11-02 16:27:52,284 [INFO] IPUIPlugin:80 - create IPUIPlugin
2023-11-02 16:27:52,284 [INFO] PluginManager:220 - loadIPPluginJar : add cryp
2023-11-02 16:27:52,315 [INFO] IPUIPlugin:80 - create IPUIPlugin
2023-11-02 16:27:52,315 [INFO] PluginManager:220 - loadIPPluginJar : add dfsdm
2023-11-02 16:27:52,329 [INFO] IPUIPlugin:80 - create IPUIPlugin
2023-11-02 16:27:52,330 [INFO] PluginManager:220 - loadIPPluginJar : add dma
2023-11-02 16:27:52,373 [INFO] IPUIPlugin:80 - create IPUIPlugin
2023-11-02 16:27:52,374 [INFO] PluginManager:220 - loadIPPluginJar : add dma3
2023-11-02 16:27:52,394 [INFO] IPUIPlugin:80 - create IPUIPlugin
2023-11-02 16:27:52,394 [INFO] PluginManager:220 - loadIPPluginJar : add fatfs
2023-11-02 16:27:52,443 [INFO] IPUIPlugin:80 - create IPUIPlugin
2023-11-02 16:27:52,443 [INFO] PluginManager:220 - loadIPPluginJar : add fmc
2023-11-02 16:27:52,459 [INFO] IPUIPlugin:80 - create IPUIPlugin
2023-11-02 16:27:52,459 [INFO] PluginManager:220 - loadIPPluginJar : add freertos
2023-11-02 16:27:52,483 [INFO] IPUIPlugin:80 - create IPUIPlugin
2023-11-02 16:27:52,483 [INFO] PluginManager:220 - loadIPPluginJar : add genericplugin
2023-11-02 16:27:52,591 [INFO] IPUIPlugin:80 - create IPUIPlugin
2023-11-02 16:27:52,591 [INFO] PluginManager:220 - loadIPPluginJar : add gfxmmu
2023-11-02 16:27:52,726 [INFO] IPUIPlugin:80 - create IPUIPlugin
2023-11-02 16:27:52,726 [INFO] PluginManager:220 - loadIPPluginJar : add gic
2023-11-02 16:27:52,741 [INFO] IPUIPlugin:80 - create IPUIPlugin
2023-11-02 16:27:52,741 [INFO] PluginManager:220 - loadIPPluginJar : add gpio
2023-11-02 16:27:52,833 [INFO] IPUIPlugin:80 - create IPUIPlugin
2023-11-02 16:27:52,833 [INFO] PluginManager:220 - loadIPPluginJar : add gtzc
2023-11-02 16:27:52,866 [INFO] IPUIPlugin:80 - create IPUIPlugin
2023-11-02 16:27:52,866 [INFO] PluginManager:220 - loadIPPluginJar : add hash
2023-11-02 16:27:52,920 [INFO] IPUIPlugin:80 - create IPUIPlugin
2023-11-02 16:27:52,920 [INFO] PluginManager:220 - loadIPPluginJar : add i2c
2023-11-02 16:27:52,969 [INFO] IPUIPlugin:80 - create IPUIPlugin
2023-11-02 16:27:52,969 [INFO] PluginManager:220 - loadIPPluginJar : add i2s
2023-11-02 16:27:53,011 [INFO] IPUIPlugin:80 - create IPUIPlugin
2023-11-02 16:27:53,012 [INFO] PluginManager:220 - loadIPPluginJar : add i3c
2023-11-02 16:27:53,122 [INFO] IPUIPlugin:80 - create IPUIPlugin
2023-11-02 16:27:53,123 [INFO] PluginManager:220 - loadIPPluginJar : add ipddr
2023-11-02 16:27:53,222 [INFO] IPUIPlugin:80 - create IPUIPlugin
2023-11-02 16:27:53,222 [INFO] PluginManager:220 - loadIPPluginJar : add linkedlist
2023-11-02 16:27:53,258 [INFO] IPUIPlugin:80 - create IPUIPlugin
2023-11-02 16:27:53,259 [INFO] PluginManager:220 - loadIPPluginJar : add lorawan
2023-11-02 16:27:53,299 [INFO] IPUIPlugin:80 - create IPUIPlugin
2023-11-02 16:27:53,300 [INFO] PluginManager:220 - loadIPPluginJar : add ltdc
2023-11-02 16:27:53,315 [INFO] IPUIPlugin:80 - create IPUIPlugin
2023-11-02 16:27:53,315 [INFO] PluginManager:220 - loadIPPluginJar : add mdma
2023-11-02 16:27:53,328 [INFO] IPUIPlugin:80 - create IPUIPlugin
2023-11-02 16:27:53,328 [INFO] PluginManager:220 - loadIPPluginJar : add nvic
2023-11-02 16:27:53,366 [INFO] IPUIPlugin:80 - create IPUIPlugin
2023-11-02 16:27:53,366 [INFO] PluginManager:220 - loadIPPluginJar : add opamp
2023-11-02 16:27:53,436 [INFO] IPUIPlugin:80 - create IPUIPlugin
2023-11-02 16:27:53,436 [INFO] PluginManager:220 - loadIPPluginJar : add openamp
2023-11-02 16:27:53,487 [INFO] IPUIPlugin:80 - create IPUIPlugin
2023-11-02 16:27:53,487 [INFO] PluginManager:220 - loadIPPluginJar : add pdm2pcm
2023-11-02 16:27:53,502 [INFO] IPUIPlugin:80 - create IPUIPlugin
2023-11-02 16:27:53,504 [INFO] PluginManager:220 - loadIPPluginJar : add plateformsettings
2023-11-02 16:27:53,528 [INFO] IPUIPlugin:80 - create IPUIPlugin
2023-11-02 16:27:53,528 [INFO] PluginManager:220 - loadIPPluginJar : add quadspi
2023-11-02 16:27:53,541 [INFO] IPUIPlugin:80 - create IPUIPlugin
2023-11-02 16:27:53,541 [INFO] PluginManager:220 - loadIPPluginJar : add resmgrutility
2023-11-02 16:27:53,590 [INFO] IPUIPlugin:80 - create IPUIPlugin
2023-11-02 16:27:53,591 [INFO] PluginManager:220 - loadIPPluginJar : add sai
2023-11-02 16:27:53,628 [INFO] IPUIPlugin:80 - create IPUIPlugin
2023-11-02 16:27:53,628 [INFO] PluginManager:220 - loadIPPluginJar : add spi
2023-11-02 16:27:53,687 [INFO] IPUIPlugin:80 - create IPUIPlugin
2023-11-02 16:27:53,687 [INFO] PluginManager:220 - loadIPPluginJar : add stm32_wpan
2023-11-02 16:27:53,710 [INFO] IPUIPlugin:80 - create IPUIPlugin
2023-11-02 16:27:53,710 [INFO] PluginManager:220 - loadIPPluginJar : add tim
2023-11-02 16:27:53,767 [INFO] IPUIPlugin:80 - create IPUIPlugin
2023-11-02 16:27:53,767 [INFO] PluginManager:220 - loadIPPluginJar : add touchsensing
2023-11-02 16:27:53,792 [INFO] IPUIPlugin:80 - create IPUIPlugin
2023-11-02 16:27:53,792 [INFO] PluginManager:220 - loadIPPluginJar : add tracer_emb
2023-11-02 16:27:53,818 [INFO] IPUIPlugin:80 - create IPUIPlugin
2023-11-02 16:27:53,818 [INFO] PluginManager:220 - loadIPPluginJar : add ts
2023-11-02 16:27:53,843 [INFO] IPUIPlugin:80 - create IPUIPlugin
2023-11-02 16:27:53,843 [INFO] PluginManager:220 - loadIPPluginJar : add tsc
2023-11-02 16:27:53,866 [INFO] IPUIPlugin:80 - create IPUIPlugin
2023-11-02 16:27:53,866 [INFO] PluginManager:220 - loadIPPluginJar : add ucpd
2023-11-02 16:27:53,910 [INFO] IPUIPlugin:80 - create IPUIPlugin
2023-11-02 16:27:53,910 [INFO] PluginManager:220 - loadIPPluginJar : add usart
2023-11-02 16:27:53,962 [INFO] IPUIPlugin:80 - create IPUIPlugin
2023-11-02 16:27:53,962 [INFO] PluginManager:220 - loadIPPluginJar : add usbx
2023-11-02 16:27:54,088 [INFO] CADModel:165 - CPN selected for project level
2023-11-02 16:27:54,088 [INFO] CADModel:114 - Register for checkConnection events
2023-11-02 16:27:54,088 [FATAL] Updater:308 - Updater called before beeing initialized
2023-11-02 16:27:54,088 [ERROR] CADModel:125 - Updater not yet initialized, retry later 
2023-11-02 16:27:54,225 [INFO] CADModel:165 - CPN selected for project level
2023-11-02 16:27:54,225 [INFO] CADModel:114 - Register for checkConnection events
2023-11-02 16:27:54,226 [FATAL] Updater:308 - Updater called before beeing initialized
2023-11-02 16:27:54,226 [ERROR] CADModel:125 - Updater not yet initialized, retry later 
2023-11-02 16:27:54,229 [FATAL] Updater:308 - Updater called before beeing initialized
2023-11-02 16:27:54,355 [FATAL] Updater:308 - Updater called before beeing initialized
2023-11-02 16:27:54,370 [INFO] DbMcusAds:53 - JSON generation date=Tue Mar 07 09:50:55 CET 2023 (1678179055114)
2023-11-02 16:27:54,371 [FATAL] Updater:308 - Updater called before beeing initialized
2023-11-02 16:27:54,453 [INFO] ThirdPartyUpdaterWithRetryManager:70 - Updater plugin not ready yet. [2/15]
2023-11-02 16:27:54,464 [WARN] DetailPanel:346 - Failed to get advertising image, set to default
2023-11-02 16:27:54,585 [FATAL] Updater:308 - Updater called before beeing initialized
2023-11-02 16:27:54,587 [FATAL] Updater:308 - Updater called before beeing initialized
2023-11-02 16:27:54,587 [FATAL] Updater:308 - Updater called before beeing initialized
2023-11-02 16:27:54,587 [WARN] DetailPanel:346 - Failed to get advertising image, set to default
2023-11-02 16:27:54,588 [FATAL] Updater:308 - Updater called before beeing initialized
2023-11-02 16:27:54,656 [ERROR] Updater:1120 - MainUpdater not yet initialized. External WinMGr cannot be set.
2023-11-02 16:27:54,668 [INFO] Updater:1056 - Updater Version found : 6.9.2
2023-11-02 16:27:54,690 [INFO] ApplicationProperties:184 - Using Application install path: C:\ST\STM32CubeIDE_1.13.2\STM32CubeIDE\plugins\com.st.stm32cube.common.mx_6.9.2.202309101412
2023-11-02 16:27:54,981 [INFO] MainUpdater:2868 - connection check result : 10
2023-11-02 16:27:54,981 [INFO] MainUpdater:3562 - Updater definition file requires update
2023-11-02 16:27:54,983 [INFO] MainUpdater:285 - Updater Check For Update Now.
2023-11-02 16:27:54,983 [INFO] MicroXplorer:498 - Change Database Version : DB.6.0.92
2023-11-02 16:27:55,001 [INFO] McuFinderGlobals:63 - Set McuFinder mode to 2 (CubeIDE integrated)
2023-11-02 16:27:55,069 [INFO] ServerAccessManage:473 - Download File updaters.zip
2023-11-02 16:27:55,258 [INFO] FileExtend:240 - Unzip File : updaters.zip
2023-11-02 16:27:55,258 [INFO] FileExtend:255 - Standard Zip Deflate
2023-11-02 16:27:55,866 [INFO] ServerAccessManage:473 - Download File PacksControlFlags.xml
2023-11-02 16:27:56,009 [INFO] ServerAccessManage:473 - Download File cubemx.pidx
2023-11-02 16:27:56,919 [INFO] ServerAccessManage:473 - Download File STMicroelectronics.X-CUBE-BLEMGR.pdsc
2023-11-02 16:27:57,455 [WARN] MainUpdater:1189 - Updater busy. Cannot search thirdparties
2023-11-02 16:27:57,455 [INFO] ThirdPartyUpdaterWithRetryManager:96 - Updater plugin is busy. [1/15]
2023-11-02 16:27:59,125 [ERROR] ServerAccessManage:1096 - Problem, Http access forbiden
2023-11-02 16:27:59,126 [ERROR] ServerAccessManage:651 - Problem, Http access forbiden : RoweBots.I-CUBE-UNISONRTOS.pdsc.
2023-11-02 16:27:59,415 [WARN] PackLoader:240 - Cannot read IP mode file for STMicroelectronics.X-CUBE-BLEMGR.3.0.0
2023-11-02 16:27:59,426 [INFO] PopulateThirdPartyThread:66 - Ending populate Thread
2023-11-02 16:27:59,428 [INFO] ThirdParty:1030 - CMSIS Pack Vendor :STMicroelectronics X-CUBE-BLEMGR 3.0.0
2023-11-02 16:27:59,428 [INFO] LoadServerUpdatesThread:373 - End of LoadServerUpdate Thread
2023-11-02 16:27:59,573 [INFO] CheckServerUpdateThread:120 - End of CheckServer Thread
2023-11-02 16:28:00,710 [WARN] PackLoader:240 - Cannot read IP mode file for STMicroelectronics.X-CUBE-SMBUS.2.1.0
2023-11-02 16:28:00,766 [WARN] PackLoader:240 - Cannot read IP mode file for STMicroelectronics.X-CUBE-AZRTOS-F7.1.1.0
2023-11-02 16:28:00,797 [WARN] PackLoader:240 - Cannot read IP mode file for STMicroelectronics.FP-SNS-MOTENV1.4.3.2
2023-11-02 16:28:00,810 [WARN] PackLoader:240 - Cannot read IP mode file for STMicroelectronics.FP-SNS-FLIGHT1.5.0.2
2023-11-02 16:28:00,840 [WARN] PackLoader:240 - Cannot read IP mode file for STMicroelectronics.X-CUBE-DISPLAY.3.0.0
2023-11-02 16:28:00,874 [WARN] PackLoader:240 - Cannot read IP mode file for STMicroelectronics.X-CUBE-BLE1.7.0.0
2023-11-02 16:28:00,894 [WARN] PackLoader:240 - Cannot read IP mode file for emotas.I-CUBE-CANOPEN.1.3.0
2023-11-02 16:28:00,915 [WARN] PackLoader:240 - Cannot read IP mode file for STMicroelectronics.X-CUBE-TOUCHGFX.4.22.1
2023-11-02 16:28:00,931 [WARN] PackLoader:240 - Cannot read IP mode file for STMicroelectronics.FP-SNS-SMARTAG2.1.2.0
2023-11-02 16:28:00,956 [INFO] LogOutputStream:77 - [STDOUT_REDIRECT] 1 : Invalid condition id : UX_CORESTACK_Condition cause : null
2023-11-02 16:28:00,957 [INFO] LogOutputStream:77 - [STDOUT_REDIRECT] 1 : Invalid condition id : UX_CORESTACK_Condition cause : null
2023-11-02 16:28:00,958 [INFO] LogOutputStream:77 - [STDOUT_REDIRECT] 1 : Invalid condition id : UX_CORESTACK_Condition cause : null
2023-11-02 16:28:00,959 [INFO] LogOutputStream:77 - [STDOUT_REDIRECT] 1 : Invalid condition id : UX_CORESTACK_Condition cause : null
2023-11-02 16:28:00,961 [INFO] LogOutputStream:77 - [STDOUT_REDIRECT] 1 : Invalid condition id : UX_CORESTACK_Condition cause : null
2023-11-02 16:28:00,965 [WARN] PackLoader:240 - Cannot read IP mode file for STMicroelectronics.X-CUBE-AZRTOS-WL.2.0.0
2023-11-02 16:28:00,989 [WARN] PackLoader:240 - Cannot read IP mode file for WES.I-CUBE-Cesium.1.3.0
2023-11-02 16:28:01,006 [WARN] PackLoader:240 - Cannot read IP mode file for STMicroelectronics.X-CUBE-BLE2.3.3.0
2023-11-02 16:28:01,022 [WARN] PackLoader:240 - Cannot read IP mode file for STMicroelectronics.X-CUBE-ALGOBUILD.1.3.0
2023-11-02 16:28:01,065 [WARN] PackLoader:240 - Cannot read IP mode file for STMicroelectronics.X-CUBE-AZRTOS-G0.1.1.0
2023-11-02 16:28:01,085 [WARN] PackLoader:240 - Cannot read IP mode file for STMicroelectronics.X-CUBE-NFC4.3.0.0
2023-11-02 16:28:01,098 [WARN] PackLoader:240 - Cannot read IP mode file for STMicroelectronics.X-CUBE-BLEMGR.3.0.0
2023-11-02 16:28:01,107 [WARN] PackLoader:240 - Cannot read IP mode file for STMicroelectronics.FP-ATR-SIGFOX1.3.2.0
2023-11-02 16:28:01,165 [WARN] PackLoader:240 - Cannot read IP mode file for SEGGER.I-CUBE-embOS.1.3.1
2023-11-02 16:28:01,250 [WARN] PackLoader:240 - Cannot read IP mode file for STMicroelectronics.X-CUBE-GNSS1.6.0.0
2023-11-02 16:28:01,296 [WARN] PackLoader:240 - Cannot read IP mode file for STMicroelectronics.X-CUBE-AZRTOS-F4.1.1.0
2023-11-02 16:28:01,319 [WARN] PackLoader:240 - Cannot read IP mode file for wolfSSL.I-CUBE-wolfSSL.5.6.3
2023-11-02 16:28:01,366 [WARN] PackLoader:240 - Cannot read IP mode file for STMicroelectronics.X-CUBE-AZRTOS-L5.2.0.0
2023-11-02 16:28:01,387 [WARN] PackLoader:240 - Cannot read IP mode file for STMicroelectronics.X-CUBE-EEPRMA1.4.2.0
2023-11-02 16:28:01,405 [WARN] PackLoader:240 - Cannot read IP mode file for ITTIA_DB.I-CUBE-ITTIADB.8.8.0
2023-11-02 16:28:01,427 [WARN] PackLoader:240 - Cannot read IP mode file for STMicroelectronics.X-CUBE-BLEMGR.2.0.0
2023-11-02 16:28:01,469 [WARN] ConditionMgr:438 - getConditionDescription Invalid condition id : UX DEVICE CLASS RTOS Condition cause : null
2023-11-02 16:28:01,469 [WARN] ConditionMgr:438 - getConditionDescription Invalid condition id : UX DEVICE CLASS RTOS Condition cause : null
2023-11-02 16:28:01,473 [WARN] PackLoader:240 - Cannot read IP mode file for STMicroelectronics.X-CUBE-AZRTOS-H7.3.1.0
2023-11-02 16:28:01,474 [WARN] ConditionMgr:1039 - genDependencies : Invalid condition id : UX DEVICE CLASS RTOS Condition cause : null
2023-11-02 16:28:01,474 [WARN] ConditionMgr:1039 - genDependencies : Invalid condition id : UX DEVICE CLASS RTOS Condition cause : null
2023-11-02 16:28:01,475 [WARN] ConditionMgr:1039 - genDependencies : Invalid condition id : UX DEVICE CLASS RTOS Condition cause : null
2023-11-02 16:28:01,476 [WARN] ConditionMgr:1039 - genDependencies : Invalid condition id : UX DEVICE CLASS RTOS Condition cause : null
2023-11-02 16:28:01,476 [WARN] ConditionMgr:1039 - genDependencies : Invalid condition id : UX DEVICE CLASS RTOS Condition cause : null
2023-11-02 16:28:01,497 [WARN] PackLoader:240 - Cannot read IP mode file for STMicroelectronics.X-CUBE-NFC7.1.0.1
2023-11-02 16:28:01,521 [WARN] PackLoader:240 - Cannot read IP mode file for STMicroelectronics.X-CUBE-NFC6.3.0.0
2023-11-02 16:28:01,544 [WARN] PackLoader:240 - Cannot read IP mode file for STMicroelectronics.X-CUBE-EEPRMA1.4.1.0
2023-11-02 16:28:01,565 [WARN] PackLoader:240 - Cannot read IP mode file for STMicroelectronics.X-CUBE-AI.8.1.0
2023-11-02 16:28:01,618 [WARN] ConditionMgr:438 - getConditionDescription Invalid condition id : LAN8742 Phy interface Condition cause : null
2023-11-02 16:28:01,619 [WARN] PackLoader:240 - Cannot read IP mode file for STMicroelectronics.X-CUBE-AZRTOS-L4.2.0.0
2023-11-02 16:28:01,621 [WARN] ConditionMgr:1039 - genDependencies : Invalid condition id : LAN8742 Phy interface Condition cause : null
2023-11-02 16:28:01,622 [WARN] ConditionMgr:1039 - genDependencies : Invalid condition id : LAN8742 Phy interface Condition cause : null
2023-11-02 16:28:01,623 [WARN] ConditionMgr:1039 - genDependencies : Invalid condition id : LAN8742 Phy interface Condition cause : null
2023-11-02 16:28:01,651 [WARN] PackLoader:240 - Cannot read IP mode file for STMicroelectronics.X-CUBE-SFXS2LP1.4.0.0
2023-11-02 16:28:01,670 [WARN] PackLoader:240 - Cannot read IP mode file for STMicroelectronics.X-CUBE-ISPU.1.1.0
2023-11-02 16:28:01,714 [WARN] ConditionMgr:438 - getConditionDescription Invalid condition id : UX DEVICE CLASS RTOS Condition cause : null
2023-11-02 16:28:01,714 [WARN] ConditionMgr:438 - getConditionDescription Invalid condition id : UX DEVICE CLASS RTOS Condition cause : null
2023-11-02 16:28:01,718 [WARN] PackLoader:240 - Cannot read IP mode file for STMicroelectronics.X-CUBE-AZRTOS-WB.2.0.0
2023-11-02 16:28:01,719 [WARN] ConditionMgr:1039 - genDependencies : Invalid condition id : UX DEVICE CLASS RTOS Condition cause : null
2023-11-02 16:28:01,719 [WARN] ConditionMgr:1039 - genDependencies : Invalid condition id : UX DEVICE CLASS RTOS Condition cause : null
2023-11-02 16:28:01,720 [WARN] ConditionMgr:1039 - genDependencies : Invalid condition id : UX DEVICE CLASS RTOS Condition cause : null
2023-11-02 16:28:01,721 [WARN] ConditionMgr:1039 - genDependencies : Invalid condition id : UX DEVICE CLASS RTOS Condition cause : null
2023-11-02 16:28:01,721 [WARN] ConditionMgr:1039 - genDependencies : Invalid condition id : UX DEVICE CLASS RTOS Condition cause : null
2023-11-02 16:28:01,754 [WARN] PackLoader:240 - Cannot read IP mode file for STMicroelectronics.X-CUBE-SUBG2.5.0.0
2023-11-02 16:28:01,796 [WARN] PackLoader:240 - Cannot read IP mode file for STMicroelectronics.X-CUBE-TOF1.3.3.1
2023-11-02 16:28:01,858 [WARN] PackLoader:240 - Cannot read IP mode file for STMicroelectronics.X-CUBE-AZRTOS-G4.2.0.0
2023-11-02 16:28:01,899 [WARN] PackLoader:240 - Cannot read IP mode file for Infineon.AIROC-Wi-Fi-Bluetooth-STM32.1.5.1
2023-11-02 16:28:02,004 [WARN] PackLoader:240 - Cannot read IP mode file for STMicroelectronics.X-CUBE-MEMS1.10.0.0
2023-11-02 16:28:02,209 [WARN] PackLoader:240 - Cannot read IP mode file for STMicroelectronics.X-CUBE-FREERTOS.1.1.0
2023-11-02 16:28:02,228 [WARN] PackLoader:240 - Cannot read IP mode file for portGmbH.I-Cube-SoM-uGOAL.1.1.0
2023-11-02 16:28:02,248 [WARN] PackLoader:240 - Cannot read IP mode file for STMicroelectronics.X-CUBE-ALS.1.0.1
2023-11-02 16:28:02,255 [WARN] PackLoader:240 - Cannot read IP mode file for STMicroelectronics.FP-ATR-ASTRA1.2.0.0
2023-11-02 16:28:02,256 [INFO] ThirdParty:978 - Integrity check success = true
2023-11-02 16:28:02,257 [INFO] IntegrityCheckThread:100 - exiting critical section [integrity check]
2023-11-02 16:28:02,257 [INFO] IntegrityCheckThread:103 - End integrity checks thread
2023-11-02 16:28:16,286 [ERROR] LogOutputStream:75 - [STDERR_REDIRECT] SLF4J: Failed to load class "org.slf4j.impl.StaticLoggerBinder".
2023-11-02 16:28:16,287 [ERROR] LogOutputStream:75 - [STDERR_REDIRECT] SLF4J: Defaulting to no-operation (NOP) logger implementation
2023-11-02 16:28:16,289 [ERROR] LogOutputStream:75 - [STDERR_REDIRECT] SLF4J: See http://www.slf4j.org/codes.html#StaticLoggerBinder for further details.
2023-11-02 17:30:31,298 [INFO] Activator:176 - 


2023-11-02 17:30:31,302 [INFO] Activator:177 - !SESSION log4j initialized
2023-11-02 17:30:39,240 [INFO] LogOutputStream:77 - [STDOUT_REDIRECT] 
2023-11-02 17:30:46,460 [INFO] ApplicationProperties:184 - Using Application install path: C:\ST\STM32CubeIDE_1.13.2\STM32CubeIDE\plugins\com.st.stm32cube.common.mx_6.9.2.202309101412
2023-11-02 17:30:46,482 [INFO] DbMcusXml:78 - Set database path to: C:\ST\STM32CubeIDE_1.13.2\STM32CubeIDE\plugins\com.st.stm32cube.common.mx_6.9.2.202309101412\\db\/mcu/
2023-11-02 17:30:46,482 [INFO] ApiDb:274 - Set plugin database path to: C:\ST\STM32CubeIDE_1.13.2\STM32CubeIDE\plugins\com.st.stm32cube.common.mx_6.9.2.202309101412\\db\/plugins/boardmanager/
2023-11-02 17:30:46,482 [WARN] ApiDb:259 - Overriding images path with different value:  => C:\ST\STM32CubeIDE_1.13.2\STM32CubeIDE\plugins\com.st.stm32cube.common.mx_6.9.2.202309101412\\db\/plugins/mcufinder/images/
2023-11-02 17:30:46,495 [INFO] ApiDb:250 - Set database path to: C:\Users\iremg\.stmcufinder\plugins\mcufinder//mcu/
2023-11-02 17:30:46,496 [INFO] DbMcusAds:125 - Set database path to: C:\Users\iremg\.stmcufinder\plugins\mcufinder//mcu/
2023-11-02 17:30:46,499 [INFO] CrossReferenceDbSqlite:203 - Set database path to: C:\Users\iremg\.stmcufinder\plugins\mcufinder//mcu/cs/
2023-11-02 17:30:46,642 [INFO] RulesReader:64 - Compatibility file has been processed (293 Rules)
2023-11-02 17:30:46,738 [INFO] DbMcusXml:78 - Set database path to: C:\ST\STM32CubeIDE_1.13.2\STM32CubeIDE\plugins\com.st.stm32cube.common.mx_6.9.2.202309101412\\db\/mcu/
2023-11-02 17:30:46,738 [INFO] ApiDb:274 - Set plugin database path to: C:\ST\STM32CubeIDE_1.13.2\STM32CubeIDE\plugins\com.st.stm32cube.common.mx_6.9.2.202309101412\\db\/plugins/boardmanager/
2023-11-02 17:30:46,739 [INFO] ApiDb:261 - Set plugin images path to: C:\ST\STM32CubeIDE_1.13.2\STM32CubeIDE\plugins\com.st.stm32cube.common.mx_6.9.2.202309101412\\db\/plugins/mcufinder/images/
2023-11-02 17:30:46,739 [WARN] DbFile:41 - Overriding database path with different value: C:\Users\iremg\.stmcufinder\plugins\mcufinder/ => C:\Users\iremg\.stmcufinder\plugins\mcufinder
2023-11-02 17:30:46,739 [INFO] ApiDb:250 - Set database path to: C:\Users\iremg\.stmcufinder\plugins\mcufinder//mcu/
2023-11-02 17:30:46,739 [WARN] DbFile:41 - Overriding database path with different value: C:\Users\iremg\.stmcufinder\plugins\mcufinder/ => C:\Users\iremg\.stmcufinder\plugins\mcufinder
2023-11-02 17:30:46,739 [INFO] DbMcusAds:125 - Set database path to: C:\Users\iremg\.stmcufinder\plugins\mcufinder//mcu/
2023-11-02 17:30:46,739 [WARN] DbFile:41 - Overriding database path with different value: C:\Users\iremg\.stmcufinder\plugins\mcufinder/ => C:\Users\iremg\.stmcufinder\plugins\mcufinder
2023-11-02 17:30:46,739 [WARN] DbFile:41 - Overriding database path with different value: C:\Users\iremg\.stmcufinder\plugins\mcufinder/ => C:\Users\iremg\.stmcufinder\plugins\mcufinder
2023-11-02 17:30:46,740 [INFO] CrossReferenceDbSqlite:203 - Set database path to: C:\Users\iremg\.stmcufinder\plugins\mcufinder//mcu/cs/
2023-11-02 17:30:46,825 [INFO] MainPanel:262 - HeapMemory: 268435456
2023-11-02 17:30:46,936 [INFO] DbMcusXml:78 - Set database path to: C:\ST\STM32CubeIDE_1.13.2\STM32CubeIDE\plugins\com.st.stm32cube.common.mx_6.9.2.202309101412\\db\/mcu/
2023-11-02 17:30:46,936 [INFO] ApiDb:274 - Set plugin database path to: C:\ST\STM32CubeIDE_1.13.2\STM32CubeIDE\plugins\com.st.stm32cube.common.mx_6.9.2.202309101412\\db\/plugins/boardmanager/
2023-11-02 17:30:46,937 [INFO] ApiDb:261 - Set plugin images path to: C:\ST\STM32CubeIDE_1.13.2\STM32CubeIDE\plugins\com.st.stm32cube.common.mx_6.9.2.202309101412\\db\/plugins/mcufinder/images/
2023-11-02 17:30:46,937 [WARN] DbFile:41 - Overriding database path with different value: C:\Users\iremg\.stmcufinder\plugins\mcufinder/ => C:\Users\iremg\.stmcufinder\plugins\mcufinder
2023-11-02 17:30:46,937 [INFO] ApiDb:250 - Set database path to: C:\Users\iremg\.stmcufinder\plugins\mcufinder//mcu/
2023-11-02 17:30:46,937 [WARN] DbFile:41 - Overriding database path with different value: C:\Users\iremg\.stmcufinder\plugins\mcufinder/ => C:\Users\iremg\.stmcufinder\plugins\mcufinder
2023-11-02 17:30:46,937 [INFO] DbMcusAds:125 - Set database path to: C:\Users\iremg\.stmcufinder\plugins\mcufinder//mcu/
2023-11-02 17:30:46,937 [WARN] DbFile:41 - Overriding database path with different value: C:\Users\iremg\.stmcufinder\plugins\mcufinder/ => C:\Users\iremg\.stmcufinder\plugins\mcufinder
2023-11-02 17:30:46,938 [WARN] DbFile:41 - Overriding database path with different value: C:\Users\iremg\.stmcufinder\plugins\mcufinder/ => C:\Users\iremg\.stmcufinder\plugins\mcufinder
2023-11-02 17:30:46,938 [INFO] CrossReferenceDbSqlite:203 - Set database path to: C:\Users\iremg\.stmcufinder\plugins\mcufinder//mcu/cs/
2023-11-02 17:30:46,962 [INFO] ApplicationProperties:184 - Using Application install path: C:\ST\STM32CubeIDE_1.13.2\STM32CubeIDE\plugins\com.st.stm32cube.common.mx_6.9.2.202309101412
2023-11-02 17:30:46,963 [INFO] PluginManage:196 - Search for loadable plugins [exclusion list=, ]
2023-11-02 17:30:46,965 [INFO] PluginManage:310 - Check plugin analytics
2023-11-02 17:30:51,683 [INFO] AnalyticsPlugin:253 - Accepted Software Licenses: 
2023-11-02 17:30:51,684 [INFO] AnalyticsPlugin:255 - Accepted CMSIS Pack Licenses: 
2023-11-02 17:30:51,684 [INFO] AnalyticsPlugin:257 - Accepted Firmware Licenses: FW.F4.1.27.0
2023-11-02 17:30:51,687 [INFO] PluginManage:359 - Loaded plugin analytics (category:tool,tabindex:-1)
2023-11-02 17:30:51,688 [INFO] PluginManage:310 - Check plugin cadmodel
2023-11-02 17:30:51,695 [INFO] CADModel:105 - Init CAD model plugin
2023-11-02 17:30:51,695 [INFO] PluginManage:359 - Loaded plugin cadmodel (category:power,tabindex:5)
2023-11-02 17:30:51,696 [INFO] PluginManage:310 - Check plugin clock
2023-11-02 17:30:51,704 [INFO] PluginManage:359 - Loaded plugin clock (category:base,tabindex:2)
2023-11-02 17:30:51,704 [INFO] PluginManage:310 - Check plugin ddr
2023-11-02 17:30:51,708 [INFO] PluginManage:359 - Loaded plugin ddr (category:tool,tabindex:6)
2023-11-02 17:30:51,708 [INFO] PluginManage:310 - Check plugin filemanager
2023-11-02 17:30:51,840 [INFO] PluginManage:359 - Loaded plugin filemanager (category:base,tabindex:10)
2023-11-02 17:30:51,840 [INFO] PluginManage:310 - Check plugin ipmanager
2023-11-02 17:30:51,847 [INFO] PluginManage:359 - Loaded plugin ipmanager (category:base,tabindex:5)
2023-11-02 17:30:51,847 [INFO] PluginManage:310 - Check plugin lpbam
2023-11-02 17:30:51,854 [INFO] PluginManage:359 - Loaded plugin lpbam (category:base,tabindex:0)
2023-11-02 17:30:51,854 [INFO] PluginManage:310 - Check plugin memorymap
2023-11-02 17:30:51,868 [INFO] PluginManage:359 - Loaded plugin memorymap (category:base,tabindex:4)
2023-11-02 17:30:51,868 [INFO] PluginManage:310 - Check plugin pinoutandconfiguration
2023-11-02 17:30:51,874 [INFO] PluginManage:359 - Loaded plugin pinoutandconfiguration (category:base,tabindex:1)
2023-11-02 17:30:51,874 [INFO] PluginManage:310 - Check plugin pinoutconfig
2023-11-02 17:30:51,969 [WARN] SupportedApi:132 - Cannot load RTOS API schema: s4s-elt-must-match.1: The content of 'definitions' must match (annotation?, (simpleType | complexType)?, (unique | key | keyref)*)). A problem was found starting at: attribute.
2023-11-02 17:30:52,113 [INFO] PluginManage:359 - Loaded plugin pinoutconfig (category:base,tabindex:0)
2023-11-02 17:30:52,114 [INFO] PluginManage:310 - Check plugin power
2023-11-02 17:30:52,124 [INFO] PluginManage:359 - Loaded plugin power (category:power,tabindex:4)
2023-11-02 17:30:52,124 [INFO] PluginManage:310 - Check plugin projectmanager
2023-11-02 17:30:52,140 [INFO] PluginManage:359 - Loaded plugin projectmanager (category:projectmanager,tabindex:3)
2023-11-02 17:30:52,140 [INFO] PluginManage:310 - Check plugin thirdparty
2023-11-02 17:30:52,448 [INFO] PluginManage:359 - Loaded plugin thirdparty (category:base,tabindex:-1)
2023-11-02 17:30:52,449 [INFO] PluginManage:310 - Check plugin tools
2023-11-02 17:30:52,448 [WARN] IntegrityCheckThread:84 - waiting for thirdparty lock release [integrity check]
2023-11-02 17:30:52,449 [INFO] IntegrityCheckThread:86 - entering critical section [integrity check]
2023-11-02 17:30:52,449 [INFO] ThirdPartyUpdaterWithRetryManager:70 - Updater plugin not ready yet. [1/15]
2023-11-02 17:30:52,452 [INFO] PluginManage:359 - Loaded plugin tools (category:base,tabindex:7)
2023-11-02 17:30:52,452 [INFO] PluginManage:310 - Check plugin tutovideos
2023-11-02 17:30:52,661 [INFO] PluginManage:359 - Loaded plugin tutovideos (category:base,tabindex:-1)
2023-11-02 17:30:52,661 [INFO] PluginManage:310 - Check plugin updater
2023-11-02 17:30:52,669 [INFO] PluginManage:359 - Loaded plugin updater (category:base,tabindex:12)
2023-11-02 17:30:52,669 [INFO] PluginManage:310 - Check plugin userauth
2023-11-02 17:30:52,675 [INFO] UserAuth:113 - Init User Auth plugin
2023-11-02 17:30:52,675 [INFO] PluginManage:359 - Loaded plugin userauth (category:base,tabindex:14)
2023-11-02 17:30:52,676 [INFO] PluginManage:283 - PluginManage : Loaded plugins [17]
2023-11-02 17:30:52,945 [INFO] PinOutPanel:1499 - setPackage(No Configuration,No Configuration)
2023-11-02 17:30:53,096 [INFO] CADModel:165 - CPN selected for project level
2023-11-02 17:30:53,096 [INFO] CADModel:114 - Register for checkConnection events
2023-11-02 17:30:53,119 [INFO] IPUIPlugin:80 - create IPUIPlugin
2023-11-02 17:30:53,119 [INFO] PluginManager:220 - loadIPPluginJar : add adc
2023-11-02 17:30:53,122 [INFO] IPUIPlugin:80 - create IPUIPlugin
2023-11-02 17:30:53,122 [INFO] PluginManager:220 - loadIPPluginJar : add aes
2023-11-02 17:30:53,125 [INFO] IPUIPlugin:80 - create IPUIPlugin
2023-11-02 17:30:53,125 [INFO] PluginManager:220 - loadIPPluginJar : add can
2023-11-02 17:30:53,127 [INFO] IPUIPlugin:80 - create IPUIPlugin
2023-11-02 17:30:53,127 [INFO] PluginManager:220 - loadIPPluginJar : add comp
2023-11-02 17:30:53,130 [INFO] IPUIPlugin:80 - create IPUIPlugin
2023-11-02 17:30:53,130 [INFO] PluginManager:220 - loadIPPluginJar : add cryp
2023-11-02 17:30:53,133 [INFO] IPUIPlugin:80 - create IPUIPlugin
2023-11-02 17:30:53,133 [INFO] PluginManager:220 - loadIPPluginJar : add dfsdm
2023-11-02 17:30:53,140 [INFO] IPUIPlugin:80 - create IPUIPlugin
2023-11-02 17:30:53,140 [INFO] PluginManager:220 - loadIPPluginJar : add dma
2023-11-02 17:30:53,143 [INFO] IPUIPlugin:80 - create IPUIPlugin
2023-11-02 17:30:53,143 [INFO] PluginManager:220 - loadIPPluginJar : add dma3
2023-11-02 17:30:53,144 [INFO] IPUIPlugin:80 - create IPUIPlugin
2023-11-02 17:30:53,145 [INFO] PluginManager:220 - loadIPPluginJar : add fatfs
2023-11-02 17:30:53,150 [INFO] IPUIPlugin:80 - create IPUIPlugin
2023-11-02 17:30:53,150 [INFO] PluginManager:220 - loadIPPluginJar : add fmc
2023-11-02 17:30:53,155 [INFO] IPUIPlugin:80 - create IPUIPlugin
2023-11-02 17:30:53,155 [INFO] PluginManager:220 - loadIPPluginJar : add freertos
2023-11-02 17:30:53,157 [INFO] IPUIPlugin:80 - create IPUIPlugin
2023-11-02 17:30:53,157 [INFO] PluginManager:220 - loadIPPluginJar : add genericplugin
2023-11-02 17:30:53,159 [INFO] IPUIPlugin:80 - create IPUIPlugin
2023-11-02 17:30:53,160 [INFO] PluginManager:220 - loadIPPluginJar : add gfxmmu
2023-11-02 17:30:53,165 [INFO] IPUIPlugin:80 - create IPUIPlugin
2023-11-02 17:30:53,165 [INFO] PluginManager:220 - loadIPPluginJar : add gic
2023-11-02 17:30:53,169 [INFO] IPUIPlugin:80 - create IPUIPlugin
2023-11-02 17:30:53,169 [INFO] PluginManager:220 - loadIPPluginJar : add gpio
2023-11-02 17:30:53,172 [INFO] IPUIPlugin:80 - create IPUIPlugin
2023-11-02 17:30:53,172 [INFO] PluginManager:220 - loadIPPluginJar : add gtzc
2023-11-02 17:30:53,175 [INFO] IPUIPlugin:80 - create IPUIPlugin
2023-11-02 17:30:53,175 [INFO] PluginManager:220 - loadIPPluginJar : add hash
2023-11-02 17:30:53,178 [INFO] IPUIPlugin:80 - create IPUIPlugin
2023-11-02 17:30:53,178 [INFO] PluginManager:220 - loadIPPluginJar : add i2c
2023-11-02 17:30:53,181 [INFO] IPUIPlugin:80 - create IPUIPlugin
2023-11-02 17:30:53,182 [INFO] PluginManager:220 - loadIPPluginJar : add i2s
2023-11-02 17:30:53,185 [INFO] IPUIPlugin:80 - create IPUIPlugin
2023-11-02 17:30:53,185 [INFO] PluginManager:220 - loadIPPluginJar : add i3c
2023-11-02 17:30:53,305 [INFO] IPUIPlugin:80 - create IPUIPlugin
2023-11-02 17:30:53,305 [INFO] PluginManager:220 - loadIPPluginJar : add ipddr
2023-11-02 17:30:53,315 [INFO] IPUIPlugin:80 - create IPUIPlugin
2023-11-02 17:30:53,315 [INFO] PluginManager:220 - loadIPPluginJar : add linkedlist
2023-11-02 17:30:53,318 [INFO] IPUIPlugin:80 - create IPUIPlugin
2023-11-02 17:30:53,318 [INFO] PluginManager:220 - loadIPPluginJar : add lorawan
2023-11-02 17:30:53,319 [INFO] IPUIPlugin:80 - create IPUIPlugin
2023-11-02 17:30:53,319 [INFO] PluginManager:220 - loadIPPluginJar : add ltdc
2023-11-02 17:30:53,325 [INFO] IPUIPlugin:80 - create IPUIPlugin
2023-11-02 17:30:53,325 [INFO] PluginManager:220 - loadIPPluginJar : add mdma
2023-11-02 17:30:53,328 [INFO] IPUIPlugin:80 - create IPUIPlugin
2023-11-02 17:30:53,329 [INFO] PluginManager:220 - loadIPPluginJar : add nvic
2023-11-02 17:30:53,331 [INFO] IPUIPlugin:80 - create IPUIPlugin
2023-11-02 17:30:53,332 [INFO] PluginManager:220 - loadIPPluginJar : add opamp
2023-11-02 17:30:53,334 [INFO] IPUIPlugin:80 - create IPUIPlugin
2023-11-02 17:30:53,334 [INFO] PluginManager:220 - loadIPPluginJar : add openamp
2023-11-02 17:30:53,338 [INFO] IPUIPlugin:80 - create IPUIPlugin
2023-11-02 17:30:53,338 [INFO] PluginManager:220 - loadIPPluginJar : add pdm2pcm
2023-11-02 17:30:53,344 [INFO] IPUIPlugin:80 - create IPUIPlugin
2023-11-02 17:30:53,347 [INFO] PluginManager:220 - loadIPPluginJar : add plateformsettings
2023-11-02 17:30:53,349 [INFO] IPUIPlugin:80 - create IPUIPlugin
2023-11-02 17:30:53,349 [INFO] PluginManager:220 - loadIPPluginJar : add quadspi
2023-11-02 17:30:53,353 [INFO] IPUIPlugin:80 - create IPUIPlugin
2023-11-02 17:30:53,353 [INFO] PluginManager:220 - loadIPPluginJar : add resmgrutility
2023-11-02 17:30:53,356 [INFO] IPUIPlugin:80 - create IPUIPlugin
2023-11-02 17:30:53,356 [INFO] PluginManager:220 - loadIPPluginJar : add sai
2023-11-02 17:30:53,359 [INFO] IPUIPlugin:80 - create IPUIPlugin
2023-11-02 17:30:53,359 [INFO] PluginManager:220 - loadIPPluginJar : add spi
2023-11-02 17:30:53,363 [INFO] IPUIPlugin:80 - create IPUIPlugin
2023-11-02 17:30:53,364 [INFO] PluginManager:220 - loadIPPluginJar : add stm32_wpan
2023-11-02 17:30:53,365 [INFO] IPUIPlugin:80 - create IPUIPlugin
2023-11-02 17:30:53,365 [INFO] PluginManager:220 - loadIPPluginJar : add tim
2023-11-02 17:30:53,369 [INFO] IPUIPlugin:80 - create IPUIPlugin
2023-11-02 17:30:53,369 [INFO] PluginManager:220 - loadIPPluginJar : add touchsensing
2023-11-02 17:30:53,371 [INFO] IPUIPlugin:80 - create IPUIPlugin
2023-11-02 17:30:53,372 [INFO] PluginManager:220 - loadIPPluginJar : add tracer_emb
2023-11-02 17:30:53,374 [INFO] IPUIPlugin:80 - create IPUIPlugin
2023-11-02 17:30:53,374 [INFO] PluginManager:220 - loadIPPluginJar : add ts
2023-11-02 17:30:53,375 [INFO] IPUIPlugin:80 - create IPUIPlugin
2023-11-02 17:30:53,376 [INFO] PluginManager:220 - loadIPPluginJar : add tsc
2023-11-02 17:30:53,377 [INFO] IPUIPlugin:80 - create IPUIPlugin
2023-11-02 17:30:53,378 [INFO] PluginManager:220 - loadIPPluginJar : add ucpd
2023-11-02 17:30:53,380 [INFO] IPUIPlugin:80 - create IPUIPlugin
2023-11-02 17:30:53,380 [INFO] PluginManager:220 - loadIPPluginJar : add usart
2023-11-02 17:30:53,383 [INFO] IPUIPlugin:80 - create IPUIPlugin
2023-11-02 17:30:53,383 [INFO] PluginManager:220 - loadIPPluginJar : add usbx
2023-11-02 17:30:53,540 [INFO] CADModel:165 - CPN selected for project level
2023-11-02 17:30:53,540 [INFO] CADModel:114 - Register for checkConnection events
2023-11-02 17:30:53,540 [FATAL] Updater:308 - Updater called before beeing initialized
2023-11-02 17:30:53,540 [ERROR] CADModel:125 - Updater not yet initialized, retry later 
2023-11-02 17:30:53,714 [INFO] CADModel:165 - CPN selected for project level
2023-11-02 17:30:53,714 [INFO] CADModel:114 - Register for checkConnection events
2023-11-02 17:30:53,714 [FATAL] Updater:308 - Updater called before beeing initialized
2023-11-02 17:30:53,714 [ERROR] CADModel:125 - Updater not yet initialized, retry later 
2023-11-02 17:30:53,718 [FATAL] Updater:308 - Updater called before beeing initialized
2023-11-02 17:30:53,848 [FATAL] Updater:308 - Updater called before beeing initialized
2023-11-02 17:30:53,866 [INFO] DbMcusAds:53 - JSON generation date=Tue Mar 07 09:50:55 CET 2023 (1678179055114)
2023-11-02 17:30:53,866 [FATAL] Updater:308 - Updater called before beeing initialized
2023-11-02 17:30:53,914 [WARN] DetailPanel:346 - Failed to get advertising image, set to default
2023-11-02 17:30:54,036 [FATAL] Updater:308 - Updater called before beeing initialized
2023-11-02 17:30:54,038 [FATAL] Updater:308 - Updater called before beeing initialized
2023-11-02 17:30:54,038 [FATAL] Updater:308 - Updater called before beeing initialized
2023-11-02 17:30:54,039 [WARN] DetailPanel:346 - Failed to get advertising image, set to default
2023-11-02 17:30:54,039 [FATAL] Updater:308 - Updater called before beeing initialized
2023-11-02 17:30:54,104 [ERROR] Updater:1120 - MainUpdater not yet initialized. External WinMGr cannot be set.
2023-11-02 17:30:54,116 [INFO] Updater:1056 - Updater Version found : 6.9.2
2023-11-02 17:30:54,134 [INFO] ApplicationProperties:184 - Using Application install path: C:\ST\STM32CubeIDE_1.13.2\STM32CubeIDE\plugins\com.st.stm32cube.common.mx_6.9.2.202309101412
2023-11-02 17:30:54,379 [INFO] MainUpdater:2868 - connection check result : 10
2023-11-02 17:30:54,380 [INFO] MainUpdater:285 - Updater Check For Update Now.
2023-11-02 17:30:54,380 [INFO] MicroXplorer:498 - Change Database Version : DB.6.0.92
2023-11-02 17:30:54,403 [INFO] McuFinderGlobals:63 - Set McuFinder mode to 2 (CubeIDE integrated)
2023-11-02 17:30:54,631 [INFO] CheckServerUpdateThread:120 - End of CheckServer Thread
2023-11-02 17:30:55,704 [WARN] PackLoader:240 - Cannot read IP mode file for STMicroelectronics.X-CUBE-SMBUS.2.1.0
2023-11-02 17:30:55,768 [WARN] PackLoader:240 - Cannot read IP mode file for STMicroelectronics.X-CUBE-AZRTOS-F7.1.1.0
2023-11-02 17:30:55,798 [WARN] PackLoader:240 - Cannot read IP mode file for STMicroelectronics.FP-SNS-MOTENV1.4.3.2
2023-11-02 17:30:55,823 [WARN] PackLoader:240 - Cannot read IP mode file for STMicroelectronics.FP-SNS-FLIGHT1.5.0.2
2023-11-02 17:30:55,846 [WARN] PackLoader:240 - Cannot read IP mode file for STMicroelectronics.X-CUBE-DISPLAY.3.0.0
2023-11-02 17:30:55,878 [WARN] PackLoader:240 - Cannot read IP mode file for STMicroelectronics.X-CUBE-BLE1.7.0.0
2023-11-02 17:30:55,897 [WARN] PackLoader:240 - Cannot read IP mode file for emotas.I-CUBE-CANOPEN.1.3.0
2023-11-02 17:30:55,913 [WARN] PackLoader:240 - Cannot read IP mode file for STMicroelectronics.X-CUBE-TOUCHGFX.4.22.1
2023-11-02 17:30:55,933 [WARN] PackLoader:240 - Cannot read IP mode file for STMicroelectronics.FP-SNS-SMARTAG2.1.2.0
2023-11-02 17:30:55,965 [INFO] LogOutputStream:77 - [STDOUT_REDIRECT] 1 : Invalid condition id : UX_CORESTACK_Condition cause : null
2023-11-02 17:30:55,965 [INFO] LogOutputStream:77 - [STDOUT_REDIRECT] 1 : Invalid condition id : UX_CORESTACK_Condition cause : null
2023-11-02 17:30:55,967 [INFO] LogOutputStream:77 - [STDOUT_REDIRECT] 1 : Invalid condition id : UX_CORESTACK_Condition cause : null
2023-11-02 17:30:55,969 [INFO] LogOutputStream:77 - [STDOUT_REDIRECT] 1 : Invalid condition id : UX_CORESTACK_Condition cause : null
2023-11-02 17:30:55,971 [INFO] LogOutputStream:77 - [STDOUT_REDIRECT] 1 : Invalid condition id : UX_CORESTACK_Condition cause : null
2023-11-02 17:30:55,978 [WARN] PackLoader:240 - Cannot read IP mode file for STMicroelectronics.X-CUBE-AZRTOS-WL.2.0.0
2023-11-02 17:30:56,005 [WARN] PackLoader:240 - Cannot read IP mode file for WES.I-CUBE-Cesium.1.3.0
2023-11-02 17:30:56,024 [WARN] PackLoader:240 - Cannot read IP mode file for STMicroelectronics.X-CUBE-BLE2.3.3.0
2023-11-02 17:30:56,049 [WARN] PackLoader:240 - Cannot read IP mode file for STMicroelectronics.X-CUBE-ALGOBUILD.1.3.0
2023-11-02 17:30:56,096 [WARN] PackLoader:240 - Cannot read IP mode file for STMicroelectronics.X-CUBE-AZRTOS-G0.1.1.0
2023-11-02 17:30:56,124 [WARN] PackLoader:240 - Cannot read IP mode file for STMicroelectronics.X-CUBE-NFC4.3.0.0
2023-11-02 17:30:56,150 [WARN] PackLoader:240 - Cannot read IP mode file for STMicroelectronics.X-CUBE-BLEMGR.3.0.0
2023-11-02 17:30:56,173 [WARN] PackLoader:240 - Cannot read IP mode file for STMicroelectronics.FP-ATR-SIGFOX1.3.2.0
2023-11-02 17:30:56,253 [WARN] PackLoader:240 - Cannot read IP mode file for SEGGER.I-CUBE-embOS.1.3.1
2023-11-02 17:30:56,338 [WARN] PackLoader:240 - Cannot read IP mode file for STMicroelectronics.X-CUBE-GNSS1.6.0.0
2023-11-02 17:30:56,385 [WARN] PackLoader:240 - Cannot read IP mode file for STMicroelectronics.X-CUBE-AZRTOS-F4.1.1.0
2023-11-02 17:30:56,409 [WARN] PackLoader:240 - Cannot read IP mode file for wolfSSL.I-CUBE-wolfSSL.5.6.3
2023-11-02 17:30:56,446 [WARN] PackLoader:240 - Cannot read IP mode file for STMicroelectronics.X-CUBE-AZRTOS-L5.2.0.0
2023-11-02 17:30:56,468 [WARN] PackLoader:240 - Cannot read IP mode file for STMicroelectronics.X-CUBE-EEPRMA1.4.2.0
2023-11-02 17:30:56,486 [WARN] PackLoader:240 - Cannot read IP mode file for ITTIA_DB.I-CUBE-ITTIADB.8.8.0
2023-11-02 17:30:56,506 [WARN] PackLoader:240 - Cannot read IP mode file for STMicroelectronics.X-CUBE-BLEMGR.2.0.0
2023-11-02 17:30:56,556 [WARN] ConditionMgr:438 - getConditionDescription Invalid condition id : UX DEVICE CLASS RTOS Condition cause : null
2023-11-02 17:30:56,557 [WARN] ConditionMgr:438 - getConditionDescription Invalid condition id : UX DEVICE CLASS RTOS Condition cause : null
2023-11-02 17:30:56,560 [WARN] PackLoader:240 - Cannot read IP mode file for STMicroelectronics.X-CUBE-AZRTOS-H7.3.1.0
2023-11-02 17:30:56,561 [WARN] ConditionMgr:1039 - genDependencies : Invalid condition id : UX DEVICE CLASS RTOS Condition cause : null
2023-11-02 17:30:56,562 [WARN] ConditionMgr:1039 - genDependencies : Invalid condition id : UX DEVICE CLASS RTOS Condition cause : null
2023-11-02 17:30:56,562 [WARN] ConditionMgr:1039 - genDependencies : Invalid condition id : UX DEVICE CLASS RTOS Condition cause : null
2023-11-02 17:30:56,563 [WARN] ConditionMgr:1039 - genDependencies : Invalid condition id : UX DEVICE CLASS RTOS Condition cause : null
2023-11-02 17:30:56,563 [WARN] ConditionMgr:1039 - genDependencies : Invalid condition id : UX DEVICE CLASS RTOS Condition cause : null
2023-11-02 17:30:56,583 [WARN] PackLoader:240 - Cannot read IP mode file for STMicroelectronics.X-CUBE-NFC7.1.0.1
2023-11-02 17:30:56,610 [WARN] PackLoader:240 - Cannot read IP mode file for STMicroelectronics.X-CUBE-NFC6.3.0.0
2023-11-02 17:30:56,633 [WARN] PackLoader:240 - Cannot read IP mode file for STMicroelectronics.X-CUBE-EEPRMA1.4.1.0
2023-11-02 17:30:56,655 [WARN] PackLoader:240 - Cannot read IP mode file for STMicroelectronics.X-CUBE-AI.8.1.0
2023-11-02 17:30:56,697 [WARN] ConditionMgr:438 - getConditionDescription Invalid condition id : LAN8742 Phy interface Condition cause : null
2023-11-02 17:30:56,697 [WARN] PackLoader:240 - Cannot read IP mode file for STMicroelectronics.X-CUBE-AZRTOS-L4.2.0.0
2023-11-02 17:30:56,699 [WARN] ConditionMgr:1039 - genDependencies : Invalid condition id : LAN8742 Phy interface Condition cause : null
2023-11-02 17:30:56,699 [WARN] ConditionMgr:1039 - genDependencies : Invalid condition id : LAN8742 Phy interface Condition cause : null
2023-11-02 17:30:56,700 [WARN] ConditionMgr:1039 - genDependencies : Invalid condition id : LAN8742 Phy interface Condition cause : null
2023-11-02 17:30:56,724 [WARN] PackLoader:240 - Cannot read IP mode file for STMicroelectronics.X-CUBE-SFXS2LP1.4.0.0
2023-11-02 17:30:56,743 [WARN] PackLoader:240 - Cannot read IP mode file for STMicroelectronics.X-CUBE-ISPU.1.1.0
2023-11-02 17:30:56,792 [WARN] ConditionMgr:438 - getConditionDescription Invalid condition id : UX DEVICE CLASS RTOS Condition cause : null
2023-11-02 17:30:56,793 [WARN] ConditionMgr:438 - getConditionDescription Invalid condition id : UX DEVICE CLASS RTOS Condition cause : null
2023-11-02 17:30:56,797 [WARN] PackLoader:240 - Cannot read IP mode file for STMicroelectronics.X-CUBE-AZRTOS-WB.2.0.0
2023-11-02 17:30:56,798 [WARN] ConditionMgr:1039 - genDependencies : Invalid condition id : UX DEVICE CLASS RTOS Condition cause : null
2023-11-02 17:30:56,798 [WARN] ConditionMgr:1039 - genDependencies : Invalid condition id : UX DEVICE CLASS RTOS Condition cause : null
2023-11-02 17:30:56,799 [WARN] ConditionMgr:1039 - genDependencies : Invalid condition id : UX DEVICE CLASS RTOS Condition cause : null
2023-11-02 17:30:56,800 [WARN] ConditionMgr:1039 - genDependencies : Invalid condition id : UX DEVICE CLASS RTOS Condition cause : null
2023-11-02 17:30:56,800 [WARN] ConditionMgr:1039 - genDependencies : Invalid condition id : UX DEVICE CLASS RTOS Condition cause : null
2023-11-02 17:30:56,833 [WARN] PackLoader:240 - Cannot read IP mode file for STMicroelectronics.X-CUBE-SUBG2.5.0.0
2023-11-02 17:30:56,872 [WARN] PackLoader:240 - Cannot read IP mode file for STMicroelectronics.X-CUBE-TOF1.3.3.1
2023-11-02 17:30:56,937 [WARN] PackLoader:240 - Cannot read IP mode file for STMicroelectronics.X-CUBE-AZRTOS-G4.2.0.0
2023-11-02 17:30:56,982 [WARN] PackLoader:240 - Cannot read IP mode file for Infineon.AIROC-Wi-Fi-Bluetooth-STM32.1.5.1
2023-11-02 17:30:57,058 [WARN] PackLoader:240 - Cannot read IP mode file for STMicroelectronics.X-CUBE-MEMS1.10.0.0
2023-11-02 17:30:57,262 [WARN] PackLoader:240 - Cannot read IP mode file for STMicroelectronics.X-CUBE-FREERTOS.1.1.0
2023-11-02 17:30:57,282 [WARN] PackLoader:240 - Cannot read IP mode file for portGmbH.I-Cube-SoM-uGOAL.1.1.0
2023-11-02 17:30:57,300 [WARN] PackLoader:240 - Cannot read IP mode file for STMicroelectronics.X-CUBE-ALS.1.0.1
2023-11-02 17:30:57,319 [WARN] PackLoader:240 - Cannot read IP mode file for STMicroelectronics.FP-ATR-ASTRA1.2.0.0
2023-11-02 17:30:57,320 [INFO] ThirdParty:978 - Integrity check success = true
2023-11-02 17:30:57,320 [INFO] IntegrityCheckThread:100 - exiting critical section [integrity check]
2023-11-02 17:30:57,320 [INFO] IntegrityCheckThread:103 - End integrity checks thread
2023-11-02 17:31:15,451 [ERROR] LogOutputStream:75 - [STDERR_REDIRECT] SLF4J: Failed to load class "org.slf4j.impl.StaticLoggerBinder".
2023-11-02 17:31:15,452 [ERROR] LogOutputStream:75 - [STDERR_REDIRECT] SLF4J: Defaulting to no-operation (NOP) logger implementation
2023-11-02 17:31:15,454 [ERROR] LogOutputStream:75 - [STDERR_REDIRECT] SLF4J: See http://www.slf4j.org/codes.html#StaticLoggerBinder for further details.
2023-11-02 18:11:03,682 [ERROR] ConfigurationRetriever:142 - IOException on connection: Read timed out
2023-11-02 18:11:05,822 [ERROR] ConfigurationRetriever:142 - IOException on connection: Read timed out
2023-11-02 20:37:37,090 [ERROR] ConfigurationRetriever:142 - IOException on connection: Read timed out
2023-11-02 20:37:39,140 [ERROR] ConfigurationRetriever:142 - IOException on connection: Read timed out
2023-11-02 20:37:41,196 [ERROR] ConfigurationRetriever:142 - IOException on connection: Read timed out
2023-11-02 23:07:47,996 [INFO] Activator:176 - 


2023-11-02 23:07:47,999 [INFO] Activator:177 - !SESSION log4j initialized
2023-11-02 23:07:55,887 [INFO] LogOutputStream:77 - [STDOUT_REDIRECT] 
2023-11-02 23:08:03,902 [INFO] ApplicationProperties:184 - Using Application install path: C:\ST\STM32CubeIDE_1.13.2\STM32CubeIDE\plugins\com.st.stm32cube.common.mx_6.9.2.202309101412
2023-11-02 23:08:03,924 [INFO] DbMcusXml:78 - Set database path to: C:\ST\STM32CubeIDE_1.13.2\STM32CubeIDE\plugins\com.st.stm32cube.common.mx_6.9.2.202309101412\\db\/mcu/
2023-11-02 23:08:03,924 [INFO] ApiDb:274 - Set plugin database path to: C:\ST\STM32CubeIDE_1.13.2\STM32CubeIDE\plugins\com.st.stm32cube.common.mx_6.9.2.202309101412\\db\/plugins/boardmanager/
2023-11-02 23:08:03,925 [WARN] ApiDb:259 - Overriding images path with different value:  => C:\ST\STM32CubeIDE_1.13.2\STM32CubeIDE\plugins\com.st.stm32cube.common.mx_6.9.2.202309101412\\db\/plugins/mcufinder/images/
2023-11-02 23:08:03,938 [INFO] ApiDb:250 - Set database path to: C:\Users\iremg\.stmcufinder\plugins\mcufinder//mcu/
2023-11-02 23:08:03,940 [INFO] DbMcusAds:125 - Set database path to: C:\Users\iremg\.stmcufinder\plugins\mcufinder//mcu/
2023-11-02 23:08:03,943 [INFO] CrossReferenceDbSqlite:203 - Set database path to: C:\Users\iremg\.stmcufinder\plugins\mcufinder//mcu/cs/
2023-11-02 23:08:04,134 [INFO] RulesReader:64 - Compatibility file has been processed (293 Rules)
2023-11-02 23:08:04,238 [INFO] DbMcusXml:78 - Set database path to: C:\ST\STM32CubeIDE_1.13.2\STM32CubeIDE\plugins\com.st.stm32cube.common.mx_6.9.2.202309101412\\db\/mcu/
2023-11-02 23:08:04,239 [INFO] ApiDb:274 - Set plugin database path to: C:\ST\STM32CubeIDE_1.13.2\STM32CubeIDE\plugins\com.st.stm32cube.common.mx_6.9.2.202309101412\\db\/plugins/boardmanager/
2023-11-02 23:08:04,239 [INFO] ApiDb:261 - Set plugin images path to: C:\ST\STM32CubeIDE_1.13.2\STM32CubeIDE\plugins\com.st.stm32cube.common.mx_6.9.2.202309101412\\db\/plugins/mcufinder/images/
2023-11-02 23:08:04,240 [WARN] DbFile:41 - Overriding database path with different value: C:\Users\iremg\.stmcufinder\plugins\mcufinder/ => C:\Users\iremg\.stmcufinder\plugins\mcufinder
2023-11-02 23:08:04,240 [INFO] ApiDb:250 - Set database path to: C:\Users\iremg\.stmcufinder\plugins\mcufinder//mcu/
2023-11-02 23:08:04,240 [WARN] DbFile:41 - Overriding database path with different value: C:\Users\iremg\.stmcufinder\plugins\mcufinder/ => C:\Users\iremg\.stmcufinder\plugins\mcufinder
2023-11-02 23:08:04,240 [INFO] DbMcusAds:125 - Set database path to: C:\Users\iremg\.stmcufinder\plugins\mcufinder//mcu/
2023-11-02 23:08:04,240 [WARN] DbFile:41 - Overriding database path with different value: C:\Users\iremg\.stmcufinder\plugins\mcufinder/ => C:\Users\iremg\.stmcufinder\plugins\mcufinder
2023-11-02 23:08:04,240 [WARN] DbFile:41 - Overriding database path with different value: C:\Users\iremg\.stmcufinder\plugins\mcufinder/ => C:\Users\iremg\.stmcufinder\plugins\mcufinder
2023-11-02 23:08:04,241 [INFO] CrossReferenceDbSqlite:203 - Set database path to: C:\Users\iremg\.stmcufinder\plugins\mcufinder//mcu/cs/
2023-11-02 23:08:04,335 [INFO] MainPanel:262 - HeapMemory: 268435456
2023-11-02 23:08:04,447 [INFO] DbMcusXml:78 - Set database path to: C:\ST\STM32CubeIDE_1.13.2\STM32CubeIDE\plugins\com.st.stm32cube.common.mx_6.9.2.202309101412\\db\/mcu/
2023-11-02 23:08:04,447 [INFO] ApiDb:274 - Set plugin database path to: C:\ST\STM32CubeIDE_1.13.2\STM32CubeIDE\plugins\com.st.stm32cube.common.mx_6.9.2.202309101412\\db\/plugins/boardmanager/
2023-11-02 23:08:04,447 [INFO] ApiDb:261 - Set plugin images path to: C:\ST\STM32CubeIDE_1.13.2\STM32CubeIDE\plugins\com.st.stm32cube.common.mx_6.9.2.202309101412\\db\/plugins/mcufinder/images/
2023-11-02 23:08:04,447 [WARN] DbFile:41 - Overriding database path with different value: C:\Users\iremg\.stmcufinder\plugins\mcufinder/ => C:\Users\iremg\.stmcufinder\plugins\mcufinder
2023-11-02 23:08:04,448 [INFO] ApiDb:250 - Set database path to: C:\Users\iremg\.stmcufinder\plugins\mcufinder//mcu/
2023-11-02 23:08:04,448 [WARN] DbFile:41 - Overriding database path with different value: C:\Users\iremg\.stmcufinder\plugins\mcufinder/ => C:\Users\iremg\.stmcufinder\plugins\mcufinder
2023-11-02 23:08:04,448 [INFO] DbMcusAds:125 - Set database path to: C:\Users\iremg\.stmcufinder\plugins\mcufinder//mcu/
2023-11-02 23:08:04,448 [WARN] DbFile:41 - Overriding database path with different value: C:\Users\iremg\.stmcufinder\plugins\mcufinder/ => C:\Users\iremg\.stmcufinder\plugins\mcufinder
2023-11-02 23:08:04,448 [WARN] DbFile:41 - Overriding database path with different value: C:\Users\iremg\.stmcufinder\plugins\mcufinder/ => C:\Users\iremg\.stmcufinder\plugins\mcufinder
2023-11-02 23:08:04,448 [INFO] CrossReferenceDbSqlite:203 - Set database path to: C:\Users\iremg\.stmcufinder\plugins\mcufinder//mcu/cs/
2023-11-02 23:08:04,471 [INFO] ApplicationProperties:184 - Using Application install path: C:\ST\STM32CubeIDE_1.13.2\STM32CubeIDE\plugins\com.st.stm32cube.common.mx_6.9.2.202309101412
2023-11-02 23:08:04,473 [INFO] PluginManage:196 - Search for loadable plugins [exclusion list=, ]
2023-11-02 23:08:04,474 [INFO] PluginManage:310 - Check plugin analytics
2023-11-02 23:08:09,406 [INFO] AnalyticsPlugin:253 - Accepted Software Licenses: 
2023-11-02 23:08:09,406 [INFO] AnalyticsPlugin:255 - Accepted CMSIS Pack Licenses: 
2023-11-02 23:08:09,407 [INFO] AnalyticsPlugin:257 - Accepted Firmware Licenses: FW.F4.1.27.0
2023-11-02 23:08:09,411 [INFO] PluginManage:359 - Loaded plugin analytics (category:tool,tabindex:-1)
2023-11-02 23:08:09,411 [INFO] PluginManage:310 - Check plugin cadmodel
2023-11-02 23:08:09,446 [INFO] CADModel:105 - Init CAD model plugin
2023-11-02 23:08:09,446 [INFO] PluginManage:359 - Loaded plugin cadmodel (category:power,tabindex:5)
2023-11-02 23:08:09,446 [INFO] PluginManage:310 - Check plugin clock
2023-11-02 23:08:09,485 [INFO] PluginManage:359 - Loaded plugin clock (category:base,tabindex:2)
2023-11-02 23:08:09,485 [INFO] PluginManage:310 - Check plugin ddr
2023-11-02 23:08:09,488 [INFO] PluginManage:359 - Loaded plugin ddr (category:tool,tabindex:6)
2023-11-02 23:08:09,489 [INFO] PluginManage:310 - Check plugin filemanager
2023-11-02 23:08:09,715 [INFO] PluginManage:359 - Loaded plugin filemanager (category:base,tabindex:10)
2023-11-02 23:08:09,715 [INFO] PluginManage:310 - Check plugin ipmanager
2023-11-02 23:08:09,725 [INFO] PluginManage:359 - Loaded plugin ipmanager (category:base,tabindex:5)
2023-11-02 23:08:09,726 [INFO] PluginManage:310 - Check plugin lpbam
2023-11-02 23:08:09,759 [INFO] PluginManage:359 - Loaded plugin lpbam (category:base,tabindex:0)
2023-11-02 23:08:09,759 [INFO] PluginManage:310 - Check plugin memorymap
2023-11-02 23:08:09,786 [INFO] PluginManage:359 - Loaded plugin memorymap (category:base,tabindex:4)
2023-11-02 23:08:09,787 [INFO] PluginManage:310 - Check plugin pinoutandconfiguration
2023-11-02 23:08:09,805 [INFO] PluginManage:359 - Loaded plugin pinoutandconfiguration (category:base,tabindex:1)
2023-11-02 23:08:09,806 [INFO] PluginManage:310 - Check plugin pinoutconfig
2023-11-02 23:08:09,935 [WARN] SupportedApi:132 - Cannot load RTOS API schema: s4s-elt-must-match.1: The content of 'definitions' must match (annotation?, (simpleType | complexType)?, (unique | key | keyref)*)). A problem was found starting at: attribute.
2023-11-02 23:08:10,099 [INFO] PluginManage:359 - Loaded plugin pinoutconfig (category:base,tabindex:0)
2023-11-02 23:08:10,099 [INFO] PluginManage:310 - Check plugin power
2023-11-02 23:08:10,123 [INFO] PluginManage:359 - Loaded plugin power (category:power,tabindex:4)
2023-11-02 23:08:10,124 [INFO] PluginManage:310 - Check plugin projectmanager
2023-11-02 23:08:10,142 [INFO] PluginManage:359 - Loaded plugin projectmanager (category:projectmanager,tabindex:3)
2023-11-02 23:08:10,142 [INFO] PluginManage:310 - Check plugin thirdparty
2023-11-02 23:08:10,477 [INFO] PluginManage:359 - Loaded plugin thirdparty (category:base,tabindex:-1)
2023-11-02 23:08:10,477 [WARN] IntegrityCheckThread:84 - waiting for thirdparty lock release [integrity check]
2023-11-02 23:08:10,478 [INFO] PluginManage:310 - Check plugin tools
2023-11-02 23:08:10,478 [INFO] IntegrityCheckThread:86 - entering critical section [integrity check]
2023-11-02 23:08:10,478 [INFO] ThirdPartyUpdaterWithRetryManager:70 - Updater plugin not ready yet. [1/15]
2023-11-02 23:08:10,525 [INFO] PluginManage:359 - Loaded plugin tools (category:base,tabindex:7)
2023-11-02 23:08:10,525 [INFO] PluginManage:310 - Check plugin tutovideos
2023-11-02 23:08:10,765 [INFO] PluginManage:359 - Loaded plugin tutovideos (category:base,tabindex:-1)
2023-11-02 23:08:10,765 [INFO] PluginManage:310 - Check plugin updater
2023-11-02 23:08:10,778 [INFO] PluginManage:359 - Loaded plugin updater (category:base,tabindex:12)
2023-11-02 23:08:10,778 [INFO] PluginManage:310 - Check plugin userauth
2023-11-02 23:08:10,785 [INFO] UserAuth:113 - Init User Auth plugin
2023-11-02 23:08:10,785 [INFO] PluginManage:359 - Loaded plugin userauth (category:base,tabindex:14)
2023-11-02 23:08:10,785 [INFO] PluginManage:283 - PluginManage : Loaded plugins [17]
2023-11-02 23:08:11,023 [INFO] PinOutPanel:1499 - setPackage(No Configuration,No Configuration)
2023-11-02 23:08:11,148 [INFO] CADModel:165 - CPN selected for project level
2023-11-02 23:08:11,149 [INFO] CADModel:114 - Register for checkConnection events
2023-11-02 23:08:11,175 [INFO] IPUIPlugin:80 - create IPUIPlugin
2023-11-02 23:08:11,175 [INFO] PluginManager:220 - loadIPPluginJar : add adc
2023-11-02 23:08:11,218 [INFO] IPUIPlugin:80 - create IPUIPlugin
2023-11-02 23:08:11,219 [INFO] PluginManager:220 - loadIPPluginJar : add aes
2023-11-02 23:08:11,270 [INFO] IPUIPlugin:80 - create IPUIPlugin
2023-11-02 23:08:11,270 [INFO] PluginManager:220 - loadIPPluginJar : add can
2023-11-02 23:08:11,297 [INFO] IPUIPlugin:80 - create IPUIPlugin
2023-11-02 23:08:11,298 [INFO] PluginManager:220 - loadIPPluginJar : add comp
2023-11-02 23:08:11,339 [INFO] IPUIPlugin:80 - create IPUIPlugin
2023-11-02 23:08:11,339 [INFO] PluginManager:220 - loadIPPluginJar : add cryp
2023-11-02 23:08:11,386 [INFO] IPUIPlugin:80 - create IPUIPlugin
2023-11-02 23:08:11,386 [INFO] PluginManager:220 - loadIPPluginJar : add dfsdm
2023-11-02 23:08:11,408 [INFO] IPUIPlugin:80 - create IPUIPlugin
2023-11-02 23:08:11,408 [INFO] PluginManager:220 - loadIPPluginJar : add dma
2023-11-02 23:08:11,498 [INFO] IPUIPlugin:80 - create IPUIPlugin
2023-11-02 23:08:11,498 [INFO] PluginManager:220 - loadIPPluginJar : add dma3
2023-11-02 23:08:11,544 [INFO] IPUIPlugin:80 - create IPUIPlugin
2023-11-02 23:08:11,545 [INFO] PluginManager:220 - loadIPPluginJar : add fatfs
2023-11-02 23:08:11,627 [INFO] IPUIPlugin:80 - create IPUIPlugin
2023-11-02 23:08:11,628 [INFO] PluginManager:220 - loadIPPluginJar : add fmc
2023-11-02 23:08:11,650 [INFO] IPUIPlugin:80 - create IPUIPlugin
2023-11-02 23:08:11,650 [INFO] PluginManager:220 - loadIPPluginJar : add freertos
2023-11-02 23:08:11,676 [INFO] IPUIPlugin:80 - create IPUIPlugin
2023-11-02 23:08:11,676 [INFO] PluginManager:220 - loadIPPluginJar : add genericplugin
2023-11-02 23:08:11,797 [INFO] IPUIPlugin:80 - create IPUIPlugin
2023-11-02 23:08:11,797 [INFO] PluginManager:220 - loadIPPluginJar : add gfxmmu
2023-11-02 23:08:11,961 [INFO] IPUIPlugin:80 - create IPUIPlugin
2023-11-02 23:08:11,961 [INFO] PluginManager:220 - loadIPPluginJar : add gic
2023-11-02 23:08:11,981 [INFO] IPUIPlugin:80 - create IPUIPlugin
2023-11-02 23:08:11,981 [INFO] PluginManager:220 - loadIPPluginJar : add gpio
2023-11-02 23:08:12,096 [INFO] IPUIPlugin:80 - create IPUIPlugin
2023-11-02 23:08:12,097 [INFO] PluginManager:220 - loadIPPluginJar : add gtzc
2023-11-02 23:08:12,143 [INFO] IPUIPlugin:80 - create IPUIPlugin
2023-11-02 23:08:12,143 [INFO] PluginManager:220 - loadIPPluginJar : add hash
2023-11-02 23:08:12,210 [INFO] IPUIPlugin:80 - create IPUIPlugin
2023-11-02 23:08:12,211 [INFO] PluginManager:220 - loadIPPluginJar : add i2c
2023-11-02 23:08:12,259 [INFO] IPUIPlugin:80 - create IPUIPlugin
2023-11-02 23:08:12,259 [INFO] PluginManager:220 - loadIPPluginJar : add i2s
2023-11-02 23:08:12,309 [INFO] IPUIPlugin:80 - create IPUIPlugin
2023-11-02 23:08:12,309 [INFO] PluginManager:220 - loadIPPluginJar : add i3c
2023-11-02 23:08:12,441 [INFO] IPUIPlugin:80 - create IPUIPlugin
2023-11-02 23:08:12,441 [INFO] PluginManager:220 - loadIPPluginJar : add ipddr
2023-11-02 23:08:12,621 [INFO] IPUIPlugin:80 - create IPUIPlugin
2023-11-02 23:08:12,622 [INFO] PluginManager:220 - loadIPPluginJar : add linkedlist
2023-11-02 23:08:12,681 [INFO] IPUIPlugin:80 - create IPUIPlugin
2023-11-02 23:08:12,681 [INFO] PluginManager:220 - loadIPPluginJar : add lorawan
2023-11-02 23:08:12,736 [INFO] IPUIPlugin:80 - create IPUIPlugin
2023-11-02 23:08:12,736 [INFO] PluginManager:220 - loadIPPluginJar : add ltdc
2023-11-02 23:08:12,755 [INFO] IPUIPlugin:80 - create IPUIPlugin
2023-11-02 23:08:12,756 [INFO] PluginManager:220 - loadIPPluginJar : add mdma
2023-11-02 23:08:12,775 [INFO] IPUIPlugin:80 - create IPUIPlugin
2023-11-02 23:08:12,775 [INFO] PluginManager:220 - loadIPPluginJar : add nvic
2023-11-02 23:08:12,829 [INFO] IPUIPlugin:80 - create IPUIPlugin
2023-11-02 23:08:12,829 [INFO] PluginManager:220 - loadIPPluginJar : add opamp
2023-11-02 23:08:12,909 [INFO] IPUIPlugin:80 - create IPUIPlugin
2023-11-02 23:08:12,910 [INFO] PluginManager:220 - loadIPPluginJar : add openamp
2023-11-02 23:08:13,032 [INFO] IPUIPlugin:80 - create IPUIPlugin
2023-11-02 23:08:13,032 [INFO] PluginManager:220 - loadIPPluginJar : add pdm2pcm
2023-11-02 23:08:13,082 [INFO] IPUIPlugin:80 - create IPUIPlugin
2023-11-02 23:08:13,089 [INFO] PluginManager:220 - loadIPPluginJar : add plateformsettings
2023-11-02 23:08:13,158 [INFO] IPUIPlugin:80 - create IPUIPlugin
2023-11-02 23:08:13,159 [INFO] PluginManager:220 - loadIPPluginJar : add quadspi
2023-11-02 23:08:13,196 [INFO] IPUIPlugin:80 - create IPUIPlugin
2023-11-02 23:08:13,196 [INFO] PluginManager:220 - loadIPPluginJar : add resmgrutility
2023-11-02 23:08:13,294 [INFO] IPUIPlugin:80 - create IPUIPlugin
2023-11-02 23:08:13,294 [INFO] PluginManager:220 - loadIPPluginJar : add sai
2023-11-02 23:08:13,351 [INFO] IPUIPlugin:80 - create IPUIPlugin
2023-11-02 23:08:13,351 [INFO] PluginManager:220 - loadIPPluginJar : add spi
2023-11-02 23:08:13,441 [INFO] IPUIPlugin:80 - create IPUIPlugin
2023-11-02 23:08:13,441 [INFO] PluginManager:220 - loadIPPluginJar : add stm32_wpan
2023-11-02 23:08:13,471 [INFO] IPUIPlugin:80 - create IPUIPlugin
2023-11-02 23:08:13,471 [INFO] PluginManager:220 - loadIPPluginJar : add tim
2023-11-02 23:08:13,481 [INFO] ThirdPartyUpdaterWithRetryManager:70 - Updater plugin not ready yet. [2/15]
2023-11-02 23:08:13,565 [INFO] IPUIPlugin:80 - create IPUIPlugin
2023-11-02 23:08:13,566 [INFO] PluginManager:220 - loadIPPluginJar : add touchsensing
2023-11-02 23:08:13,594 [INFO] IPUIPlugin:80 - create IPUIPlugin
2023-11-02 23:08:13,594 [INFO] PluginManager:220 - loadIPPluginJar : add tracer_emb
2023-11-02 23:08:13,624 [INFO] IPUIPlugin:80 - create IPUIPlugin
2023-11-02 23:08:13,625 [INFO] PluginManager:220 - loadIPPluginJar : add ts
2023-11-02 23:08:13,652 [INFO] IPUIPlugin:80 - create IPUIPlugin
2023-11-02 23:08:13,652 [INFO] PluginManager:220 - loadIPPluginJar : add tsc
2023-11-02 23:08:13,685 [INFO] IPUIPlugin:80 - create IPUIPlugin
2023-11-02 23:08:13,685 [INFO] PluginManager:220 - loadIPPluginJar : add ucpd
2023-11-02 23:08:13,742 [INFO] IPUIPlugin:80 - create IPUIPlugin
2023-11-02 23:08:13,742 [INFO] PluginManager:220 - loadIPPluginJar : add usart
2023-11-02 23:08:13,796 [INFO] IPUIPlugin:80 - create IPUIPlugin
2023-11-02 23:08:13,796 [INFO] PluginManager:220 - loadIPPluginJar : add usbx
2023-11-02 23:08:13,941 [INFO] CADModel:165 - CPN selected for project level
2023-11-02 23:08:13,941 [INFO] CADModel:114 - Register for checkConnection events
2023-11-02 23:08:13,942 [FATAL] Updater:308 - Updater called before beeing initialized
2023-11-02 23:08:13,942 [ERROR] CADModel:125 - Updater not yet initialized, retry later 
2023-11-02 23:08:14,114 [INFO] CADModel:165 - CPN selected for project level
2023-11-02 23:08:14,114 [INFO] CADModel:114 - Register for checkConnection events
2023-11-02 23:08:14,114 [FATAL] Updater:308 - Updater called before beeing initialized
2023-11-02 23:08:14,114 [ERROR] CADModel:125 - Updater not yet initialized, retry later 
2023-11-02 23:08:14,117 [FATAL] Updater:308 - Updater called before beeing initialized
2023-11-02 23:08:14,251 [FATAL] Updater:308 - Updater called before beeing initialized
2023-11-02 23:08:14,271 [INFO] DbMcusAds:53 - JSON generation date=Tue Mar 07 09:50:55 CET 2023 (1678179055114)
2023-11-02 23:08:14,271 [FATAL] Updater:308 - Updater called before beeing initialized
2023-11-02 23:08:14,369 [WARN] DetailPanel:346 - Failed to get advertising image, set to default
2023-11-02 23:08:14,517 [FATAL] Updater:308 - Updater called before beeing initialized
2023-11-02 23:08:14,519 [FATAL] Updater:308 - Updater called before beeing initialized
2023-11-02 23:08:14,519 [FATAL] Updater:308 - Updater called before beeing initialized
2023-11-02 23:08:14,519 [WARN] DetailPanel:346 - Failed to get advertising image, set to default
2023-11-02 23:08:14,520 [FATAL] Updater:308 - Updater called before beeing initialized
2023-11-02 23:08:14,610 [ERROR] Updater:1120 - MainUpdater not yet initialized. External WinMGr cannot be set.
2023-11-02 23:08:14,622 [INFO] Updater:1056 - Updater Version found : 6.9.2
2023-11-02 23:08:14,640 [INFO] ApplicationProperties:184 - Using Application install path: C:\ST\STM32CubeIDE_1.13.2\STM32CubeIDE\plugins\com.st.stm32cube.common.mx_6.9.2.202309101412
2023-11-02 23:08:14,889 [INFO] MainUpdater:2868 - connection check result : 10
2023-11-02 23:08:14,891 [INFO] MainUpdater:285 - Updater Check For Update Now.
2023-11-02 23:08:14,891 [INFO] MicroXplorer:498 - Change Database Version : DB.6.0.92
2023-11-02 23:08:14,901 [INFO] McuFinderGlobals:63 - Set McuFinder mode to 2 (CubeIDE integrated)
2023-11-02 23:08:15,175 [INFO] CheckServerUpdateThread:120 - End of CheckServer Thread
2023-11-02 23:08:16,779 [WARN] PackLoader:240 - Cannot read IP mode file for STMicroelectronics.X-CUBE-SMBUS.2.1.0
2023-11-02 23:08:16,849 [WARN] PackLoader:240 - Cannot read IP mode file for STMicroelectronics.X-CUBE-AZRTOS-F7.1.1.0
2023-11-02 23:08:16,877 [WARN] PackLoader:240 - Cannot read IP mode file for STMicroelectronics.FP-SNS-MOTENV1.4.3.2
2023-11-02 23:08:16,899 [WARN] PackLoader:240 - Cannot read IP mode file for STMicroelectronics.FP-SNS-FLIGHT1.5.0.2
2023-11-02 23:08:16,923 [WARN] PackLoader:240 - Cannot read IP mode file for STMicroelectronics.X-CUBE-DISPLAY.3.0.0
2023-11-02 23:08:16,954 [WARN] PackLoader:240 - Cannot read IP mode file for STMicroelectronics.X-CUBE-BLE1.7.0.0
2023-11-02 23:08:16,973 [WARN] PackLoader:240 - Cannot read IP mode file for emotas.I-CUBE-CANOPEN.1.3.0
2023-11-02 23:08:16,991 [WARN] PackLoader:240 - Cannot read IP mode file for STMicroelectronics.X-CUBE-TOUCHGFX.4.22.1
2023-11-02 23:08:17,008 [WARN] PackLoader:240 - Cannot read IP mode file for STMicroelectronics.FP-SNS-SMARTAG2.1.2.0
2023-11-02 23:08:17,036 [INFO] LogOutputStream:77 - [STDOUT_REDIRECT] 1 : Invalid condition id : UX_CORESTACK_Condition cause : null
2023-11-02 23:08:17,037 [INFO] LogOutputStream:77 - [STDOUT_REDIRECT] 1 : Invalid condition id : UX_CORESTACK_Condition cause : null
2023-11-02 23:08:17,039 [INFO] LogOutputStream:77 - [STDOUT_REDIRECT] 1 : Invalid condition id : UX_CORESTACK_Condition cause : null
2023-11-02 23:08:17,041 [INFO] LogOutputStream:77 - [STDOUT_REDIRECT] 1 : Invalid condition id : UX_CORESTACK_Condition cause : null
2023-11-02 23:08:17,043 [INFO] LogOutputStream:77 - [STDOUT_REDIRECT] 1 : Invalid condition id : UX_CORESTACK_Condition cause : null
2023-11-02 23:08:17,050 [WARN] PackLoader:240 - Cannot read IP mode file for STMicroelectronics.X-CUBE-AZRTOS-WL.2.0.0
2023-11-02 23:08:17,073 [WARN] PackLoader:240 - Cannot read IP mode file for WES.I-CUBE-Cesium.1.3.0
2023-11-02 23:08:17,091 [WARN] PackLoader:240 - Cannot read IP mode file for STMicroelectronics.X-CUBE-BLE2.3.3.0
2023-11-02 23:08:17,113 [WARN] PackLoader:240 - Cannot read IP mode file for STMicroelectronics.X-CUBE-ALGOBUILD.1.3.0
2023-11-02 23:08:17,169 [WARN] PackLoader:240 - Cannot read IP mode file for STMicroelectronics.X-CUBE-AZRTOS-G0.1.1.0
2023-11-02 23:08:17,205 [WARN] PackLoader:240 - Cannot read IP mode file for STMicroelectronics.X-CUBE-NFC4.3.0.0
2023-11-02 23:08:17,234 [WARN] PackLoader:240 - Cannot read IP mode file for STMicroelectronics.X-CUBE-BLEMGR.3.0.0
2023-11-02 23:08:17,254 [WARN] PackLoader:240 - Cannot read IP mode file for STMicroelectronics.FP-ATR-SIGFOX1.3.2.0
2023-11-02 23:08:17,323 [WARN] PackLoader:240 - Cannot read IP mode file for SEGGER.I-CUBE-embOS.1.3.1
2023-11-02 23:08:17,415 [WARN] PackLoader:240 - Cannot read IP mode file for STMicroelectronics.X-CUBE-GNSS1.6.0.0
2023-11-02 23:08:17,467 [WARN] PackLoader:240 - Cannot read IP mode file for STMicroelectronics.X-CUBE-AZRTOS-F4.1.1.0
2023-11-02 23:08:17,486 [WARN] PackLoader:240 - Cannot read IP mode file for wolfSSL.I-CUBE-wolfSSL.5.6.3
2023-11-02 23:08:17,527 [WARN] PackLoader:240 - Cannot read IP mode file for STMicroelectronics.X-CUBE-AZRTOS-L5.2.0.0
2023-11-02 23:08:17,549 [WARN] PackLoader:240 - Cannot read IP mode file for STMicroelectronics.X-CUBE-EEPRMA1.4.2.0
2023-11-02 23:08:17,569 [WARN] PackLoader:240 - Cannot read IP mode file for ITTIA_DB.I-CUBE-ITTIADB.8.8.0
2023-11-02 23:08:17,592 [WARN] PackLoader:240 - Cannot read IP mode file for STMicroelectronics.X-CUBE-BLEMGR.2.0.0
2023-11-02 23:08:17,661 [WARN] ConditionMgr:438 - getConditionDescription Invalid condition id : UX DEVICE CLASS RTOS Condition cause : null
2023-11-02 23:08:17,662 [WARN] ConditionMgr:438 - getConditionDescription Invalid condition id : UX DEVICE CLASS RTOS Condition cause : null
2023-11-02 23:08:17,685 [WARN] PackLoader:240 - Cannot read IP mode file for STMicroelectronics.X-CUBE-AZRTOS-H7.3.1.0
2023-11-02 23:08:17,688 [WARN] ConditionMgr:1039 - genDependencies : Invalid condition id : UX DEVICE CLASS RTOS Condition cause : null
2023-11-02 23:08:17,688 [WARN] ConditionMgr:1039 - genDependencies : Invalid condition id : UX DEVICE CLASS RTOS Condition cause : null
2023-11-02 23:08:17,690 [WARN] ConditionMgr:1039 - genDependencies : Invalid condition id : UX DEVICE CLASS RTOS Condition cause : null
2023-11-02 23:08:17,692 [WARN] ConditionMgr:1039 - genDependencies : Invalid condition id : UX DEVICE CLASS RTOS Condition cause : null
2023-11-02 23:08:17,692 [WARN] ConditionMgr:1039 - genDependencies : Invalid condition id : UX DEVICE CLASS RTOS Condition cause : null
2023-11-02 23:08:17,716 [WARN] PackLoader:240 - Cannot read IP mode file for STMicroelectronics.X-CUBE-NFC7.1.0.1
2023-11-02 23:08:17,740 [WARN] PackLoader:240 - Cannot read IP mode file for STMicroelectronics.X-CUBE-NFC6.3.0.0
2023-11-02 23:08:17,766 [WARN] PackLoader:240 - Cannot read IP mode file for STMicroelectronics.X-CUBE-EEPRMA1.4.1.0
2023-11-02 23:08:17,786 [WARN] PackLoader:240 - Cannot read IP mode file for STMicroelectronics.X-CUBE-AI.8.1.0
2023-11-02 23:08:17,830 [WARN] ConditionMgr:438 - getConditionDescription Invalid condition id : LAN8742 Phy interface Condition cause : null
2023-11-02 23:08:17,831 [WARN] PackLoader:240 - Cannot read IP mode file for STMicroelectronics.X-CUBE-AZRTOS-L4.2.0.0
2023-11-02 23:08:17,834 [WARN] ConditionMgr:1039 - genDependencies : Invalid condition id : LAN8742 Phy interface Condition cause : null
2023-11-02 23:08:17,835 [WARN] ConditionMgr:1039 - genDependencies : Invalid condition id : LAN8742 Phy interface Condition cause : null
2023-11-02 23:08:17,836 [WARN] ConditionMgr:1039 - genDependencies : Invalid condition id : LAN8742 Phy interface Condition cause : null
2023-11-02 23:08:17,863 [WARN] PackLoader:240 - Cannot read IP mode file for STMicroelectronics.X-CUBE-SFXS2LP1.4.0.0
2023-11-02 23:08:17,887 [WARN] PackLoader:240 - Cannot read IP mode file for STMicroelectronics.X-CUBE-ISPU.1.1.0
2023-11-02 23:08:17,928 [WARN] ConditionMgr:438 - getConditionDescription Invalid condition id : UX DEVICE CLASS RTOS Condition cause : null
2023-11-02 23:08:17,928 [WARN] ConditionMgr:438 - getConditionDescription Invalid condition id : UX DEVICE CLASS RTOS Condition cause : null
2023-11-02 23:08:17,932 [WARN] PackLoader:240 - Cannot read IP mode file for STMicroelectronics.X-CUBE-AZRTOS-WB.2.0.0
2023-11-02 23:08:17,933 [WARN] ConditionMgr:1039 - genDependencies : Invalid condition id : UX DEVICE CLASS RTOS Condition cause : null
2023-11-02 23:08:17,933 [WARN] ConditionMgr:1039 - genDependencies : Invalid condition id : UX DEVICE CLASS RTOS Condition cause : null
2023-11-02 23:08:17,934 [WARN] ConditionMgr:1039 - genDependencies : Invalid condition id : UX DEVICE CLASS RTOS Condition cause : null
2023-11-02 23:08:17,934 [WARN] ConditionMgr:1039 - genDependencies : Invalid condition id : UX DEVICE CLASS RTOS Condition cause : null
2023-11-02 23:08:17,935 [WARN] ConditionMgr:1039 - genDependencies : Invalid condition id : UX DEVICE CLASS RTOS Condition cause : null
2023-11-02 23:08:17,962 [WARN] PackLoader:240 - Cannot read IP mode file for STMicroelectronics.X-CUBE-SUBG2.5.0.0
2023-11-02 23:08:18,004 [WARN] PackLoader:240 - Cannot read IP mode file for STMicroelectronics.X-CUBE-TOF1.3.3.1
2023-11-02 23:08:18,059 [WARN] PackLoader:240 - Cannot read IP mode file for STMicroelectronics.X-CUBE-AZRTOS-G4.2.0.0
2023-11-02 23:08:18,095 [WARN] PackLoader:240 - Cannot read IP mode file for Infineon.AIROC-Wi-Fi-Bluetooth-STM32.1.5.1
2023-11-02 23:08:18,191 [WARN] PackLoader:240 - Cannot read IP mode file for STMicroelectronics.X-CUBE-MEMS1.10.0.0
2023-11-02 23:08:18,430 [WARN] PackLoader:240 - Cannot read IP mode file for STMicroelectronics.X-CUBE-FREERTOS.1.1.0
2023-11-02 23:08:18,467 [WARN] PackLoader:240 - Cannot read IP mode file for portGmbH.I-Cube-SoM-uGOAL.1.1.0
2023-11-02 23:08:18,494 [WARN] PackLoader:240 - Cannot read IP mode file for STMicroelectronics.X-CUBE-ALS.1.0.1
2023-11-02 23:08:18,529 [WARN] PackLoader:240 - Cannot read IP mode file for STMicroelectronics.FP-ATR-ASTRA1.2.0.0
2023-11-02 23:08:18,530 [INFO] ThirdParty:978 - Integrity check success = true
2023-11-02 23:08:18,531 [INFO] IntegrityCheckThread:100 - exiting critical section [integrity check]
2023-11-02 23:08:18,532 [INFO] IntegrityCheckThread:103 - End integrity checks thread
2023-11-02 23:08:36,576 [ERROR] LogOutputStream:75 - [STDERR_REDIRECT] SLF4J: Failed to load class "org.slf4j.impl.StaticLoggerBinder".
2023-11-02 23:08:36,577 [ERROR] LogOutputStream:75 - [STDERR_REDIRECT] SLF4J: Defaulting to no-operation (NOP) logger implementation
2023-11-02 23:08:36,578 [ERROR] LogOutputStream:75 - [STDERR_REDIRECT] SLF4J: See http://www.slf4j.org/codes.html#StaticLoggerBinder for further details.
