2023-10-29 12:24:35,763 [INFO] Activator:176 - 


2023-10-29 12:24:35,773 [INFO] Activator:177 - !SESSION log4j initialized
2023-10-29 12:24:43,488 [INFO] LogOutputStream:77 - [STDOUT_REDIRECT] 
2023-10-29 12:24:51,287 [INFO] ApplicationProperties:184 - Using Application install path: C:\ST\STM32CubeIDE_1.13.2\STM32CubeIDE\plugins\com.st.stm32cube.common.mx_6.9.2.202309101412
2023-10-29 12:24:51,312 [INFO] DbMcusXml:78 - Set database path to: C:\ST\STM32CubeIDE_1.13.2\STM32CubeIDE\plugins\com.st.stm32cube.common.mx_6.9.2.202309101412\\db\/mcu/
2023-10-29 12:24:51,312 [INFO] ApiDb:274 - Set plugin database path to: C:\ST\STM32CubeIDE_1.13.2\STM32CubeIDE\plugins\com.st.stm32cube.common.mx_6.9.2.202309101412\\db\/plugins/boardmanager/
2023-10-29 12:24:51,313 [WARN] ApiDb:259 - Overriding images path with different value:  => C:\ST\STM32CubeIDE_1.13.2\STM32CubeIDE\plugins\com.st.stm32cube.common.mx_6.9.2.202309101412\\db\/plugins/mcufinder/images/
2023-10-29 12:24:51,326 [INFO] ApiDb:250 - Set database path to: C:\Users\iremg\.stmcufinder\plugins\mcufinder//mcu/
2023-10-29 12:24:51,327 [INFO] DbMcusAds:125 - Set database path to: C:\Users\iremg\.stmcufinder\plugins\mcufinder//mcu/
2023-10-29 12:24:51,330 [INFO] CrossReferenceDbSqlite:203 - Set database path to: C:\Users\iremg\.stmcufinder\plugins\mcufinder//mcu/cs/
2023-10-29 12:24:51,461 [INFO] RulesReader:64 - Compatibility file has been processed (293 Rules)
2023-10-29 12:24:51,559 [INFO] DbMcusXml:78 - Set database path to: C:\ST\STM32CubeIDE_1.13.2\STM32CubeIDE\plugins\com.st.stm32cube.common.mx_6.9.2.202309101412\\db\/mcu/
2023-10-29 12:24:51,560 [INFO] ApiDb:274 - Set plugin database path to: C:\ST\STM32CubeIDE_1.13.2\STM32CubeIDE\plugins\com.st.stm32cube.common.mx_6.9.2.202309101412\\db\/plugins/boardmanager/
2023-10-29 12:24:51,560 [INFO] ApiDb:261 - Set plugin images path to: C:\ST\STM32CubeIDE_1.13.2\STM32CubeIDE\plugins\com.st.stm32cube.common.mx_6.9.2.202309101412\\db\/plugins/mcufinder/images/
2023-10-29 12:24:51,560 [WARN] DbFile:41 - Overriding database path with different value: C:\Users\iremg\.stmcufinder\plugins\mcufinder/ => C:\Users\iremg\.stmcufinder\plugins\mcufinder
2023-10-29 12:24:51,560 [INFO] ApiDb:250 - Set database path to: C:\Users\iremg\.stmcufinder\plugins\mcufinder//mcu/
2023-10-29 12:24:51,560 [WARN] DbFile:41 - Overriding database path with different value: C:\Users\iremg\.stmcufinder\plugins\mcufinder/ => C:\Users\iremg\.stmcufinder\plugins\mcufinder
2023-10-29 12:24:51,560 [INFO] DbMcusAds:125 - Set database path to: C:\Users\iremg\.stmcufinder\plugins\mcufinder//mcu/
2023-10-29 12:24:51,561 [WARN] DbFile:41 - Overriding database path with different value: C:\Users\iremg\.stmcufinder\plugins\mcufinder/ => C:\Users\iremg\.stmcufinder\plugins\mcufinder
2023-10-29 12:24:51,561 [WARN] DbFile:41 - Overriding database path with different value: C:\Users\iremg\.stmcufinder\plugins\mcufinder/ => C:\Users\iremg\.stmcufinder\plugins\mcufinder
2023-10-29 12:24:51,561 [INFO] CrossReferenceDbSqlite:203 - Set database path to: C:\Users\iremg\.stmcufinder\plugins\mcufinder//mcu/cs/
2023-10-29 12:24:51,645 [INFO] MainPanel:262 - HeapMemory: 268435456
2023-10-29 12:24:51,743 [INFO] DbMcusXml:78 - Set database path to: C:\ST\STM32CubeIDE_1.13.2\STM32CubeIDE\plugins\com.st.stm32cube.common.mx_6.9.2.202309101412\\db\/mcu/
2023-10-29 12:24:51,743 [INFO] ApiDb:274 - Set plugin database path to: C:\ST\STM32CubeIDE_1.13.2\STM32CubeIDE\plugins\com.st.stm32cube.common.mx_6.9.2.202309101412\\db\/plugins/boardmanager/
2023-10-29 12:24:51,743 [INFO] ApiDb:261 - Set plugin images path to: C:\ST\STM32CubeIDE_1.13.2\STM32CubeIDE\plugins\com.st.stm32cube.common.mx_6.9.2.202309101412\\db\/plugins/mcufinder/images/
2023-10-29 12:24:51,744 [WARN] DbFile:41 - Overriding database path with different value: C:\Users\iremg\.stmcufinder\plugins\mcufinder/ => C:\Users\iremg\.stmcufinder\plugins\mcufinder
2023-10-29 12:24:51,744 [INFO] ApiDb:250 - Set database path to: C:\Users\iremg\.stmcufinder\plugins\mcufinder//mcu/
2023-10-29 12:24:51,744 [WARN] DbFile:41 - Overriding database path with different value: C:\Users\iremg\.stmcufinder\plugins\mcufinder/ => C:\Users\iremg\.stmcufinder\plugins\mcufinder
2023-10-29 12:24:51,744 [INFO] DbMcusAds:125 - Set database path to: C:\Users\iremg\.stmcufinder\plugins\mcufinder//mcu/
2023-10-29 12:24:51,744 [WARN] DbFile:41 - Overriding database path with different value: C:\Users\iremg\.stmcufinder\plugins\mcufinder/ => C:\Users\iremg\.stmcufinder\plugins\mcufinder
2023-10-29 12:24:51,744 [WARN] DbFile:41 - Overriding database path with different value: C:\Users\iremg\.stmcufinder\plugins\mcufinder/ => C:\Users\iremg\.stmcufinder\plugins\mcufinder
2023-10-29 12:24:51,744 [INFO] CrossReferenceDbSqlite:203 - Set database path to: C:\Users\iremg\.stmcufinder\plugins\mcufinder//mcu/cs/
2023-10-29 12:24:51,766 [INFO] ApplicationProperties:184 - Using Application install path: C:\ST\STM32CubeIDE_1.13.2\STM32CubeIDE\plugins\com.st.stm32cube.common.mx_6.9.2.202309101412
2023-10-29 12:24:51,767 [INFO] PluginManage:196 - Search for loadable plugins [exclusion list=, ]
2023-10-29 12:24:51,769 [INFO] PluginManage:310 - Check plugin analytics
2023-10-29 12:24:56,506 [INFO] AnalyticsPlugin:253 - Accepted Software Licenses: 
2023-10-29 12:24:56,506 [INFO] AnalyticsPlugin:255 - Accepted CMSIS Pack Licenses: 
2023-10-29 12:24:56,506 [INFO] AnalyticsPlugin:257 - Accepted Firmware Licenses: FW.F4.1.27.0
2023-10-29 12:24:56,509 [INFO] PluginManage:359 - Loaded plugin analytics (category:tool,tabindex:-1)
2023-10-29 12:24:56,509 [INFO] PluginManage:310 - Check plugin cadmodel
2023-10-29 12:24:56,524 [INFO] CADModel:105 - Init CAD model plugin
2023-10-29 12:24:56,525 [INFO] PluginManage:359 - Loaded plugin cadmodel (category:power,tabindex:5)
2023-10-29 12:24:56,525 [INFO] PluginManage:310 - Check plugin clock
2023-10-29 12:24:56,547 [INFO] PluginManage:359 - Loaded plugin clock (category:base,tabindex:2)
2023-10-29 12:24:56,547 [INFO] PluginManage:310 - Check plugin ddr
2023-10-29 12:24:56,550 [INFO] PluginManage:359 - Loaded plugin ddr (category:tool,tabindex:6)
2023-10-29 12:24:56,550 [INFO] PluginManage:310 - Check plugin filemanager
2023-10-29 12:24:56,703 [INFO] PluginManage:359 - Loaded plugin filemanager (category:base,tabindex:10)
2023-10-29 12:24:56,703 [INFO] PluginManage:310 - Check plugin ipmanager
2023-10-29 12:24:56,713 [INFO] PluginManage:359 - Loaded plugin ipmanager (category:base,tabindex:5)
2023-10-29 12:24:56,713 [INFO] PluginManage:310 - Check plugin lpbam
2023-10-29 12:24:56,738 [INFO] PluginManage:359 - Loaded plugin lpbam (category:base,tabindex:0)
2023-10-29 12:24:56,738 [INFO] PluginManage:310 - Check plugin memorymap
2023-10-29 12:24:56,774 [INFO] PluginManage:359 - Loaded plugin memorymap (category:base,tabindex:4)
2023-10-29 12:24:56,775 [INFO] PluginManage:310 - Check plugin pinoutandconfiguration
2023-10-29 12:24:56,802 [INFO] PluginManage:359 - Loaded plugin pinoutandconfiguration (category:base,tabindex:1)
2023-10-29 12:24:56,802 [INFO] PluginManage:310 - Check plugin pinoutconfig
2023-10-29 12:24:56,914 [WARN] SupportedApi:132 - Cannot load RTOS API schema: s4s-elt-must-match.1: The content of 'definitions' must match (annotation?, (simpleType | complexType)?, (unique | key | keyref)*)). A problem was found starting at: attribute.
2023-10-29 12:24:57,053 [INFO] PluginManage:359 - Loaded plugin pinoutconfig (category:base,tabindex:0)
2023-10-29 12:24:57,053 [INFO] PluginManage:310 - Check plugin power
2023-10-29 12:24:57,081 [INFO] PluginManage:359 - Loaded plugin power (category:power,tabindex:4)
2023-10-29 12:24:57,081 [INFO] PluginManage:310 - Check plugin projectmanager
2023-10-29 12:24:57,102 [INFO] PluginManage:359 - Loaded plugin projectmanager (category:projectmanager,tabindex:3)
2023-10-29 12:24:57,102 [INFO] PluginManage:310 - Check plugin thirdparty
2023-10-29 12:24:57,424 [INFO] PluginManage:359 - Loaded plugin thirdparty (category:base,tabindex:-1)
2023-10-29 12:24:57,424 [INFO] PluginManage:310 - Check plugin tools
2023-10-29 12:24:57,424 [WARN] IntegrityCheckThread:84 - waiting for thirdparty lock release [integrity check]
2023-10-29 12:24:57,424 [INFO] IntegrityCheckThread:86 - entering critical section [integrity check]
2023-10-29 12:24:57,425 [INFO] ThirdPartyUpdaterWithRetryManager:70 - Updater plugin not ready yet. [1/15]
2023-10-29 12:24:57,459 [INFO] PluginManage:359 - Loaded plugin tools (category:base,tabindex:7)
2023-10-29 12:24:57,459 [INFO] PluginManage:310 - Check plugin tutovideos
2023-10-29 12:24:57,677 [INFO] PluginManage:359 - Loaded plugin tutovideos (category:base,tabindex:-1)
2023-10-29 12:24:57,677 [INFO] PluginManage:310 - Check plugin updater
2023-10-29 12:24:57,689 [INFO] PluginManage:359 - Loaded plugin updater (category:base,tabindex:12)
2023-10-29 12:24:57,689 [INFO] PluginManage:310 - Check plugin userauth
2023-10-29 12:24:57,694 [INFO] UserAuth:113 - Init User Auth plugin
2023-10-29 12:24:57,694 [INFO] PluginManage:359 - Loaded plugin userauth (category:base,tabindex:14)
2023-10-29 12:24:57,695 [INFO] PluginManage:283 - PluginManage : Loaded plugins [17]
2023-10-29 12:24:57,927 [INFO] PinOutPanel:1499 - setPackage(No Configuration,No Configuration)
2023-10-29 12:24:58,047 [INFO] CADModel:165 - CPN selected for project level
2023-10-29 12:24:58,047 [INFO] CADModel:114 - Register for checkConnection events
2023-10-29 12:24:58,075 [INFO] IPUIPlugin:80 - create IPUIPlugin
2023-10-29 12:24:58,075 [INFO] PluginManager:220 - loadIPPluginJar : add adc
2023-10-29 12:24:58,108 [INFO] IPUIPlugin:80 - create IPUIPlugin
2023-10-29 12:24:58,109 [INFO] PluginManager:220 - loadIPPluginJar : add aes
2023-10-29 12:24:58,146 [INFO] IPUIPlugin:80 - create IPUIPlugin
2023-10-29 12:24:58,146 [INFO] PluginManager:220 - loadIPPluginJar : add can
2023-10-29 12:24:58,167 [INFO] IPUIPlugin:80 - create IPUIPlugin
2023-10-29 12:24:58,167 [INFO] PluginManager:220 - loadIPPluginJar : add comp
2023-10-29 12:24:58,199 [INFO] IPUIPlugin:80 - create IPUIPlugin
2023-10-29 12:24:58,199 [INFO] PluginManager:220 - loadIPPluginJar : add cryp
2023-10-29 12:24:58,230 [INFO] IPUIPlugin:80 - create IPUIPlugin
2023-10-29 12:24:58,230 [INFO] PluginManager:220 - loadIPPluginJar : add dfsdm
2023-10-29 12:24:58,244 [INFO] IPUIPlugin:80 - create IPUIPlugin
2023-10-29 12:24:58,245 [INFO] PluginManager:220 - loadIPPluginJar : add dma
2023-10-29 12:24:58,289 [INFO] IPUIPlugin:80 - create IPUIPlugin
2023-10-29 12:24:58,289 [INFO] PluginManager:220 - loadIPPluginJar : add dma3
2023-10-29 12:24:58,309 [INFO] IPUIPlugin:80 - create IPUIPlugin
2023-10-29 12:24:58,309 [INFO] PluginManager:220 - loadIPPluginJar : add fatfs
2023-10-29 12:24:58,355 [INFO] IPUIPlugin:80 - create IPUIPlugin
2023-10-29 12:24:58,356 [INFO] PluginManager:220 - loadIPPluginJar : add fmc
2023-10-29 12:24:58,371 [INFO] IPUIPlugin:80 - create IPUIPlugin
2023-10-29 12:24:58,371 [INFO] PluginManager:220 - loadIPPluginJar : add freertos
2023-10-29 12:24:58,393 [INFO] IPUIPlugin:80 - create IPUIPlugin
2023-10-29 12:24:58,393 [INFO] PluginManager:220 - loadIPPluginJar : add genericplugin
2023-10-29 12:24:58,509 [INFO] IPUIPlugin:80 - create IPUIPlugin
2023-10-29 12:24:58,509 [INFO] PluginManager:220 - loadIPPluginJar : add gfxmmu
2023-10-29 12:24:58,656 [INFO] IPUIPlugin:80 - create IPUIPlugin
2023-10-29 12:24:58,656 [INFO] PluginManager:220 - loadIPPluginJar : add gic
2023-10-29 12:24:58,668 [INFO] IPUIPlugin:80 - create IPUIPlugin
2023-10-29 12:24:58,668 [INFO] PluginManager:220 - loadIPPluginJar : add gpio
2023-10-29 12:24:58,765 [INFO] IPUIPlugin:80 - create IPUIPlugin
2023-10-29 12:24:58,765 [INFO] PluginManager:220 - loadIPPluginJar : add gtzc
2023-10-29 12:24:58,797 [INFO] IPUIPlugin:80 - create IPUIPlugin
2023-10-29 12:24:58,797 [INFO] PluginManager:220 - loadIPPluginJar : add hash
2023-10-29 12:24:58,848 [INFO] IPUIPlugin:80 - create IPUIPlugin
2023-10-29 12:24:58,848 [INFO] PluginManager:220 - loadIPPluginJar : add i2c
2023-10-29 12:24:58,887 [INFO] IPUIPlugin:80 - create IPUIPlugin
2023-10-29 12:24:58,887 [INFO] PluginManager:220 - loadIPPluginJar : add i2s
2023-10-29 12:24:58,926 [INFO] IPUIPlugin:80 - create IPUIPlugin
2023-10-29 12:24:58,926 [INFO] PluginManager:220 - loadIPPluginJar : add i3c
2023-10-29 12:24:59,031 [INFO] IPUIPlugin:80 - create IPUIPlugin
2023-10-29 12:24:59,031 [INFO] PluginManager:220 - loadIPPluginJar : add ipddr
2023-10-29 12:24:59,136 [INFO] IPUIPlugin:80 - create IPUIPlugin
2023-10-29 12:24:59,136 [INFO] PluginManager:220 - loadIPPluginJar : add linkedlist
2023-10-29 12:24:59,171 [INFO] IPUIPlugin:80 - create IPUIPlugin
2023-10-29 12:24:59,171 [INFO] PluginManager:220 - loadIPPluginJar : add lorawan
2023-10-29 12:24:59,207 [INFO] IPUIPlugin:80 - create IPUIPlugin
2023-10-29 12:24:59,207 [INFO] PluginManager:220 - loadIPPluginJar : add ltdc
2023-10-29 12:24:59,221 [INFO] IPUIPlugin:80 - create IPUIPlugin
2023-10-29 12:24:59,221 [INFO] PluginManager:220 - loadIPPluginJar : add mdma
2023-10-29 12:24:59,233 [INFO] IPUIPlugin:80 - create IPUIPlugin
2023-10-29 12:24:59,233 [INFO] PluginManager:220 - loadIPPluginJar : add nvic
2023-10-29 12:24:59,281 [INFO] IPUIPlugin:80 - create IPUIPlugin
2023-10-29 12:24:59,281 [INFO] PluginManager:220 - loadIPPluginJar : add opamp
2023-10-29 12:24:59,364 [INFO] IPUIPlugin:80 - create IPUIPlugin
2023-10-29 12:24:59,365 [INFO] PluginManager:220 - loadIPPluginJar : add openamp
2023-10-29 12:24:59,434 [INFO] IPUIPlugin:80 - create IPUIPlugin
2023-10-29 12:24:59,434 [INFO] PluginManager:220 - loadIPPluginJar : add pdm2pcm
2023-10-29 12:24:59,457 [INFO] IPUIPlugin:80 - create IPUIPlugin
2023-10-29 12:24:59,461 [INFO] PluginManager:220 - loadIPPluginJar : add plateformsettings
2023-10-29 12:24:59,494 [INFO] IPUIPlugin:80 - create IPUIPlugin
2023-10-29 12:24:59,495 [INFO] PluginManager:220 - loadIPPluginJar : add quadspi
2023-10-29 12:24:59,513 [INFO] IPUIPlugin:80 - create IPUIPlugin
2023-10-29 12:24:59,513 [INFO] PluginManager:220 - loadIPPluginJar : add resmgrutility
2023-10-29 12:24:59,583 [INFO] IPUIPlugin:80 - create IPUIPlugin
2023-10-29 12:24:59,583 [INFO] PluginManager:220 - loadIPPluginJar : add sai
2023-10-29 12:24:59,644 [INFO] IPUIPlugin:80 - create IPUIPlugin
2023-10-29 12:24:59,644 [INFO] PluginManager:220 - loadIPPluginJar : add spi
2023-10-29 12:24:59,716 [INFO] IPUIPlugin:80 - create IPUIPlugin
2023-10-29 12:24:59,716 [INFO] PluginManager:220 - loadIPPluginJar : add stm32_wpan
2023-10-29 12:24:59,753 [INFO] IPUIPlugin:80 - create IPUIPlugin
2023-10-29 12:24:59,753 [INFO] PluginManager:220 - loadIPPluginJar : add tim
2023-10-29 12:24:59,835 [INFO] IPUIPlugin:80 - create IPUIPlugin
2023-10-29 12:24:59,836 [INFO] PluginManager:220 - loadIPPluginJar : add touchsensing
2023-10-29 12:24:59,872 [INFO] IPUIPlugin:80 - create IPUIPlugin
2023-10-29 12:24:59,873 [INFO] PluginManager:220 - loadIPPluginJar : add tracer_emb
2023-10-29 12:24:59,907 [INFO] IPUIPlugin:80 - create IPUIPlugin
2023-10-29 12:24:59,907 [INFO] PluginManager:220 - loadIPPluginJar : add ts
2023-10-29 12:24:59,940 [INFO] IPUIPlugin:80 - create IPUIPlugin
2023-10-29 12:24:59,940 [INFO] PluginManager:220 - loadIPPluginJar : add tsc
2023-10-29 12:24:59,975 [INFO] IPUIPlugin:80 - create IPUIPlugin
2023-10-29 12:24:59,975 [INFO] PluginManager:220 - loadIPPluginJar : add ucpd
2023-10-29 12:25:00,053 [INFO] IPUIPlugin:80 - create IPUIPlugin
2023-10-29 12:25:00,053 [INFO] PluginManager:220 - loadIPPluginJar : add usart
2023-10-29 12:25:00,122 [INFO] IPUIPlugin:80 - create IPUIPlugin
2023-10-29 12:25:00,123 [INFO] PluginManager:220 - loadIPPluginJar : add usbx
2023-10-29 12:25:00,292 [INFO] CADModel:165 - CPN selected for project level
2023-10-29 12:25:00,292 [INFO] CADModel:114 - Register for checkConnection events
2023-10-29 12:25:00,292 [FATAL] Updater:308 - Updater called before beeing initialized
2023-10-29 12:25:00,292 [ERROR] CADModel:125 - Updater not yet initialized, retry later 
2023-10-29 12:25:00,427 [INFO] ThirdPartyUpdaterWithRetryManager:70 - Updater plugin not ready yet. [2/15]
2023-10-29 12:25:00,533 [INFO] CADModel:165 - CPN selected for project level
2023-10-29 12:25:00,534 [INFO] CADModel:114 - Register for checkConnection events
2023-10-29 12:25:00,534 [FATAL] Updater:308 - Updater called before beeing initialized
2023-10-29 12:25:00,534 [ERROR] CADModel:125 - Updater not yet initialized, retry later 
2023-10-29 12:25:00,539 [FATAL] Updater:308 - Updater called before beeing initialized
2023-10-29 12:25:00,738 [FATAL] Updater:308 - Updater called before beeing initialized
2023-10-29 12:25:00,757 [INFO] DbMcusAds:53 - JSON generation date=Tue Mar 07 09:50:55 CET 2023 (1678179055114)
2023-10-29 12:25:00,758 [FATAL] Updater:308 - Updater called before beeing initialized
2023-10-29 12:25:00,876 [WARN] DetailPanel:346 - Failed to get advertising image, set to default
2023-10-29 12:25:01,048 [FATAL] Updater:308 - Updater called before beeing initialized
2023-10-29 12:25:01,051 [FATAL] Updater:308 - Updater called before beeing initialized
2023-10-29 12:25:01,051 [FATAL] Updater:308 - Updater called before beeing initialized
2023-10-29 12:25:01,051 [WARN] DetailPanel:346 - Failed to get advertising image, set to default
2023-10-29 12:25:01,052 [FATAL] Updater:308 - Updater called before beeing initialized
2023-10-29 12:25:01,196 [ERROR] Updater:1120 - MainUpdater not yet initialized. External WinMGr cannot be set.
2023-10-29 12:25:01,214 [INFO] Updater:1056 - Updater Version found : 6.9.2
2023-10-29 12:25:01,235 [INFO] ApplicationProperties:184 - Using Application install path: C:\ST\STM32CubeIDE_1.13.2\STM32CubeIDE\plugins\com.st.stm32cube.common.mx_6.9.2.202309101412
2023-10-29 12:25:01,503 [INFO] MainUpdater:2868 - connection check result : 10
2023-10-29 12:25:01,504 [INFO] MainUpdater:285 - Updater Check For Update Now.
2023-10-29 12:25:01,505 [INFO] MicroXplorer:498 - Change Database Version : DB.6.0.92
2023-10-29 12:25:01,533 [INFO] McuFinderGlobals:63 - Set McuFinder mode to 2 (CubeIDE integrated)
2023-10-29 12:25:01,815 [INFO] CheckServerUpdateThread:120 - End of CheckServer Thread
2023-10-29 12:25:03,812 [WARN] PackLoader:240 - Cannot read IP mode file for STMicroelectronics.X-CUBE-SMBUS.2.1.0
2023-10-29 12:25:03,902 [WARN] PackLoader:240 - Cannot read IP mode file for STMicroelectronics.X-CUBE-AZRTOS-F7.1.1.0
2023-10-29 12:25:03,954 [WARN] PackLoader:240 - Cannot read IP mode file for STMicroelectronics.FP-SNS-MOTENV1.4.3.2
2023-10-29 12:25:04,003 [WARN] PackLoader:240 - Cannot read IP mode file for STMicroelectronics.FP-SNS-FLIGHT1.5.0.2
2023-10-29 12:25:04,069 [WARN] PackLoader:240 - Cannot read IP mode file for STMicroelectronics.X-CUBE-DISPLAY.3.0.0
2023-10-29 12:25:04,122 [WARN] PackLoader:240 - Cannot read IP mode file for STMicroelectronics.X-CUBE-BLE1.7.0.0
2023-10-29 12:25:04,147 [WARN] PackLoader:240 - Cannot read IP mode file for emotas.I-CUBE-CANOPEN.1.3.0
2023-10-29 12:25:04,194 [WARN] PackLoader:240 - Cannot read IP mode file for STMicroelectronics.X-CUBE-TOUCHGFX.4.22.1
2023-10-29 12:25:04,277 [WARN] PackLoader:240 - Cannot read IP mode file for STMicroelectronics.FP-SNS-SMARTAG2.1.2.0
2023-10-29 12:25:04,319 [INFO] LogOutputStream:77 - [STDOUT_REDIRECT] 1 : Invalid condition id : UX_CORESTACK_Condition cause : null
2023-10-29 12:25:04,320 [INFO] LogOutputStream:77 - [STDOUT_REDIRECT] 1 : Invalid condition id : UX_CORESTACK_Condition cause : null
2023-10-29 12:25:04,322 [INFO] LogOutputStream:77 - [STDOUT_REDIRECT] 1 : Invalid condition id : UX_CORESTACK_Condition cause : null
2023-10-29 12:25:04,325 [INFO] LogOutputStream:77 - [STDOUT_REDIRECT] 1 : Invalid condition id : UX_CORESTACK_Condition cause : null
2023-10-29 12:25:04,327 [INFO] LogOutputStream:77 - [STDOUT_REDIRECT] 1 : Invalid condition id : UX_CORESTACK_Condition cause : null
2023-10-29 12:25:04,335 [WARN] PackLoader:240 - Cannot read IP mode file for STMicroelectronics.X-CUBE-AZRTOS-WL.2.0.0
2023-10-29 12:25:04,366 [WARN] PackLoader:240 - Cannot read IP mode file for WES.I-CUBE-Cesium.1.3.0
2023-10-29 12:25:04,386 [WARN] PackLoader:240 - Cannot read IP mode file for STMicroelectronics.X-CUBE-BLE2.3.3.0
2023-10-29 12:25:04,410 [WARN] PackLoader:240 - Cannot read IP mode file for STMicroelectronics.X-CUBE-ALGOBUILD.1.3.0
2023-10-29 12:25:04,467 [WARN] PackLoader:240 - Cannot read IP mode file for STMicroelectronics.X-CUBE-AZRTOS-G0.1.1.0
2023-10-29 12:25:04,505 [WARN] PackLoader:240 - Cannot read IP mode file for STMicroelectronics.X-CUBE-NFC4.3.0.0
2023-10-29 12:25:04,527 [WARN] PackLoader:240 - Cannot read IP mode file for STMicroelectronics.FP-ATR-SIGFOX1.3.2.0
2023-10-29 12:25:04,611 [WARN] PackLoader:240 - Cannot read IP mode file for SEGGER.I-CUBE-embOS.1.3.1
2023-10-29 12:25:04,717 [WARN] PackLoader:240 - Cannot read IP mode file for STMicroelectronics.X-CUBE-GNSS1.6.0.0
2023-10-29 12:25:04,762 [WARN] PackLoader:240 - Cannot read IP mode file for STMicroelectronics.X-CUBE-AZRTOS-F4.1.1.0
2023-10-29 12:25:04,783 [WARN] PackLoader:240 - Cannot read IP mode file for wolfSSL.I-CUBE-wolfSSL.5.6.3
2023-10-29 12:25:04,835 [WARN] PackLoader:240 - Cannot read IP mode file for STMicroelectronics.X-CUBE-AZRTOS-L5.2.0.0
2023-10-29 12:25:04,859 [WARN] PackLoader:240 - Cannot read IP mode file for STMicroelectronics.X-CUBE-EEPRMA1.4.2.0
2023-10-29 12:25:04,878 [WARN] PackLoader:240 - Cannot read IP mode file for ITTIA_DB.I-CUBE-ITTIADB.8.8.0
2023-10-29 12:25:04,901 [WARN] PackLoader:240 - Cannot read IP mode file for STMicroelectronics.X-CUBE-BLEMGR.2.0.0
2023-10-29 12:25:04,953 [WARN] ConditionMgr:438 - getConditionDescription Invalid condition id : UX DEVICE CLASS RTOS Condition cause : null
2023-10-29 12:25:04,953 [WARN] ConditionMgr:438 - getConditionDescription Invalid condition id : UX DEVICE CLASS RTOS Condition cause : null
2023-10-29 12:25:04,960 [WARN] PackLoader:240 - Cannot read IP mode file for STMicroelectronics.X-CUBE-AZRTOS-H7.3.1.0
2023-10-29 12:25:04,962 [WARN] ConditionMgr:1039 - genDependencies : Invalid condition id : UX DEVICE CLASS RTOS Condition cause : null
2023-10-29 12:25:04,962 [WARN] ConditionMgr:1039 - genDependencies : Invalid condition id : UX DEVICE CLASS RTOS Condition cause : null
2023-10-29 12:25:04,963 [WARN] ConditionMgr:1039 - genDependencies : Invalid condition id : UX DEVICE CLASS RTOS Condition cause : null
2023-10-29 12:25:04,964 [WARN] ConditionMgr:1039 - genDependencies : Invalid condition id : UX DEVICE CLASS RTOS Condition cause : null
2023-10-29 12:25:04,964 [WARN] ConditionMgr:1039 - genDependencies : Invalid condition id : UX DEVICE CLASS RTOS Condition cause : null
2023-10-29 12:25:04,988 [WARN] PackLoader:240 - Cannot read IP mode file for STMicroelectronics.X-CUBE-NFC7.1.0.1
2023-10-29 12:25:05,015 [WARN] PackLoader:240 - Cannot read IP mode file for STMicroelectronics.X-CUBE-NFC6.3.0.0
2023-10-29 12:25:05,039 [WARN] PackLoader:240 - Cannot read IP mode file for STMicroelectronics.X-CUBE-EEPRMA1.4.1.0
2023-10-29 12:25:05,063 [WARN] PackLoader:240 - Cannot read IP mode file for STMicroelectronics.X-CUBE-AI.8.1.0
2023-10-29 12:25:05,125 [WARN] ConditionMgr:438 - getConditionDescription Invalid condition id : LAN8742 Phy interface Condition cause : null
2023-10-29 12:25:05,126 [WARN] PackLoader:240 - Cannot read IP mode file for STMicroelectronics.X-CUBE-AZRTOS-L4.2.0.0
2023-10-29 12:25:05,128 [WARN] ConditionMgr:1039 - genDependencies : Invalid condition id : LAN8742 Phy interface Condition cause : null
2023-10-29 12:25:05,129 [WARN] ConditionMgr:1039 - genDependencies : Invalid condition id : LAN8742 Phy interface Condition cause : null
2023-10-29 12:25:05,130 [WARN] ConditionMgr:1039 - genDependencies : Invalid condition id : LAN8742 Phy interface Condition cause : null
2023-10-29 12:25:05,197 [WARN] PackLoader:240 - Cannot read IP mode file for STMicroelectronics.X-CUBE-SFXS2LP1.4.0.0
2023-10-29 12:25:05,222 [WARN] PackLoader:240 - Cannot read IP mode file for STMicroelectronics.X-CUBE-ISPU.1.1.0
2023-10-29 12:25:05,280 [WARN] ConditionMgr:438 - getConditionDescription Invalid condition id : UX DEVICE CLASS RTOS Condition cause : null
2023-10-29 12:25:05,280 [WARN] ConditionMgr:438 - getConditionDescription Invalid condition id : UX DEVICE CLASS RTOS Condition cause : null
2023-10-29 12:25:05,285 [WARN] PackLoader:240 - Cannot read IP mode file for STMicroelectronics.X-CUBE-AZRTOS-WB.2.0.0
2023-10-29 12:25:05,286 [WARN] ConditionMgr:1039 - genDependencies : Invalid condition id : UX DEVICE CLASS RTOS Condition cause : null
2023-10-29 12:25:05,286 [WARN] ConditionMgr:1039 - genDependencies : Invalid condition id : UX DEVICE CLASS RTOS Condition cause : null
2023-10-29 12:25:05,287 [WARN] ConditionMgr:1039 - genDependencies : Invalid condition id : UX DEVICE CLASS RTOS Condition cause : null
2023-10-29 12:25:05,288 [WARN] ConditionMgr:1039 - genDependencies : Invalid condition id : UX DEVICE CLASS RTOS Condition cause : null
2023-10-29 12:25:05,288 [WARN] ConditionMgr:1039 - genDependencies : Invalid condition id : UX DEVICE CLASS RTOS Condition cause : null
2023-10-29 12:25:05,323 [WARN] PackLoader:240 - Cannot read IP mode file for STMicroelectronics.X-CUBE-SUBG2.5.0.0
2023-10-29 12:25:05,369 [WARN] PackLoader:240 - Cannot read IP mode file for STMicroelectronics.X-CUBE-TOF1.3.3.1
2023-10-29 12:25:05,425 [WARN] PackLoader:240 - Cannot read IP mode file for STMicroelectronics.X-CUBE-AZRTOS-G4.2.0.0
2023-10-29 12:25:05,460 [WARN] PackLoader:240 - Cannot read IP mode file for Infineon.AIROC-Wi-Fi-Bluetooth-STM32.1.5.1
2023-10-29 12:25:05,535 [WARN] PackLoader:240 - Cannot read IP mode file for STMicroelectronics.X-CUBE-MEMS1.10.0.0
2023-10-29 12:25:05,738 [WARN] PackLoader:240 - Cannot read IP mode file for STMicroelectronics.X-CUBE-FREERTOS.1.1.0
2023-10-29 12:25:05,759 [WARN] PackLoader:240 - Cannot read IP mode file for portGmbH.I-Cube-SoM-uGOAL.1.1.0
2023-10-29 12:25:05,779 [WARN] PackLoader:240 - Cannot read IP mode file for STMicroelectronics.X-CUBE-ALS.1.0.1
2023-10-29 12:25:05,796 [WARN] PackLoader:240 - Cannot read IP mode file for STMicroelectronics.FP-ATR-ASTRA1.2.0.0
2023-10-29 12:25:05,797 [INFO] ThirdParty:978 - Integrity check success = true
2023-10-29 12:25:05,797 [INFO] IntegrityCheckThread:100 - exiting critical section [integrity check]
2023-10-29 12:25:05,797 [INFO] IntegrityCheckThread:103 - End integrity checks thread
2023-10-29 12:25:23,242 [ERROR] LogOutputStream:75 - [STDERR_REDIRECT] SLF4J: Failed to load class "org.slf4j.impl.StaticLoggerBinder".
2023-10-29 12:25:23,242 [ERROR] LogOutputStream:75 - [STDERR_REDIRECT] SLF4J: Defaulting to no-operation (NOP) logger implementation
2023-10-29 12:25:23,244 [ERROR] LogOutputStream:75 - [STDERR_REDIRECT] SLF4J: See http://www.slf4j.org/codes.html#StaticLoggerBinder for further details.
