2023-11-16 16:37:37,906 [INFO] MainUpdater:2868 - connection check result : 10
2023-11-16 16:37:37,920 [INFO] MainUpdater:2868 - connection check result : 10
2023-11-16 16:37:38,310 [INFO] MicroXplorer:468 - Change Database Path : 
2023-11-16 16:37:38,310 [INFO] MicroXplorer:498 - Change Database Version : DB.6.0.92
2023-11-16 16:37:38,344 [WARN] ThirdParty:871 - waiting for thirdparty lock release [close project]
2023-11-16 16:37:38,344 [INFO] ThirdParty:873 - entering critical section [close project]
2023-11-16 16:37:38,344 [INFO] ThirdParty:883 - exiting critical section [close project]
2023-11-16 16:37:38,346 [INFO] PinOutPanel:1499 - setPackage(No Configuration,No Configuration)
2023-11-16 16:37:38,361 [WARN] IpParametersView:151 - Warning: This peripheral hasn't parameters
2023-11-16 16:37:38,376 [WARN] MainPanel:272 - <html><b><center>Warning: This peripheral has no parameters to be configured<br></b></html>
2023-11-16 16:37:38,389 [INFO] UtilMem:75 - Begin LoadConfig() Used Memory: 421518176 Bytes (591396864)
2023-11-16 16:37:38,390 [INFO] MicroXplorer:468 - Change Database Path : 
2023-11-16 16:37:38,390 [INFO] MicroXplorer:498 - Change Database Version : DB.6.0.92
2023-11-16 16:37:38,390 [INFO] OpenFileManager:308 - Change cursor
2023-11-16 16:37:38,413 [INFO] Mcu:1946 - Initializing MCU STM32F429ZITx STM32F429ZITx STM32F429ZIT6
2023-11-16 16:37:40,064 [INFO] Context:659 - Trying to add GPIOservice into a context  which must be forbidden
2023-11-16 16:37:40,495 [INFO] RtosManager:555 - Registered RTOS mode: class=CMSIS, group=RTOS, mode=CMSIS_V1, owner=FREERTOS
2023-11-16 16:37:40,496 [INFO] RtosManager:555 - Registered RTOS mode: class=CMSIS, group=RTOS2, mode=CMSIS_V2, owner=FREERTOS
2023-11-16 16:37:40,496 [INFO] RtosManager:555 - Registered RTOS mode: class=RTOS, group=Core, mode=CMSIS_V1, owner=FREERTOS
2023-11-16 16:37:40,496 [INFO] RtosManager:555 - Registered RTOS mode: class=RTOS, group=Core, mode=CMSIS_V2, owner=FREERTOS
2023-11-16 16:37:40,496 [WARN] ModelIntegratedComponent:184 - Missing modes for component STMicroelectronics:FreeRTOS:0.0.1:STMicroelectronics:RTOS:FreeRTOS:Core:::10.2.0:
2023-11-16 16:37:40,508 [WARN] ModelIntegratedComponent:63 - No mode defined for component null
2023-11-16 16:37:40,508 [WARN] ModelIntegratedComponent:63 - No mode defined for component null
2023-11-16 16:37:40,508 [WARN] ModelIntegratedComponent:63 - No mode defined for component null
2023-11-16 16:37:40,508 [WARN] ModelIntegratedComponent:63 - No mode defined for component null
2023-11-16 16:37:40,508 [WARN] ModelIntegratedComponent:63 - No mode defined for component null
2023-11-16 16:37:40,508 [WARN] ModelIntegratedComponent:63 - No mode defined for component null
2023-11-16 16:37:40,508 [WARN] ModelIntegratedComponent:63 - No mode defined for component null
2023-11-16 16:37:40,508 [WARN] ModelIntegratedComponent:63 - No mode defined for component null
2023-11-16 16:37:40,508 [WARN] ModelIntegratedComponent:63 - No mode defined for component null
2023-11-16 16:37:40,508 [WARN] ModelIntegratedComponent:63 - No mode defined for component null
2023-11-16 16:37:40,508 [WARN] ModelIntegratedComponent:63 - No mode defined for component null
2023-11-16 16:37:40,509 [WARN] ModelIntegratedComponent:63 - No mode defined for component null
2023-11-16 16:37:40,509 [WARN] ModelIntegratedComponent:63 - No mode defined for component null
2023-11-16 16:37:40,509 [WARN] ModelIntegratedComponent:63 - No mode defined for component null
2023-11-16 16:37:40,509 [WARN] ModelIntegratedComponent:63 - No mode defined for component null
2023-11-16 16:37:40,509 [WARN] ModelIntegratedComponent:63 - No mode defined for component null
2023-11-16 16:37:40,509 [WARN] ModelIntegratedComponent:63 - No mode defined for component null
2023-11-16 16:37:40,509 [WARN] ModelIntegratedComponent:63 - No mode defined for component null
2023-11-16 16:37:40,509 [WARN] ModelIntegratedComponent:63 - No mode defined for component null
2023-11-16 16:37:40,509 [WARN] ModelIntegratedComponent:63 - No mode defined for component null
2023-11-16 16:37:40,509 [WARN] ModelIntegratedComponent:63 - No mode defined for component null
2023-11-16 16:37:40,509 [WARN] ModelIntegratedComponent:63 - No mode defined for component null
2023-11-16 16:37:40,509 [WARN] ModelIntegratedComponent:63 - No mode defined for component null
2023-11-16 16:37:40,509 [WARN] ModelIntegratedComponent:63 - No mode defined for component null
2023-11-16 16:37:40,510 [WARN] ModelIntegratedComponent:63 - No mode defined for component null
2023-11-16 16:37:40,510 [WARN] ModelIntegratedComponent:63 - No mode defined for component null
2023-11-16 16:37:40,510 [WARN] ModelIntegratedComponent:63 - No mode defined for component null
2023-11-16 16:37:40,510 [WARN] ModelIntegratedComponent:63 - No mode defined for component null
2023-11-16 16:37:40,510 [WARN] ModelIntegratedComponent:63 - No mode defined for component null
2023-11-16 16:37:40,510 [WARN] ModelIntegratedComponent:63 - No mode defined for component null
2023-11-16 16:37:40,510 [WARN] ModelIntegratedComponent:63 - No mode defined for component null
2023-11-16 16:37:40,510 [WARN] ModelIntegratedComponent:63 - No mode defined for component null
2023-11-16 16:37:40,510 [WARN] ModelIntegratedComponent:63 - No mode defined for component null
2023-11-16 16:37:40,584 [INFO] ThirdPartyModel:298 - Start build external matchings
2023-11-16 16:37:40,895 [INFO] ThirdPartyModel:316 - End build external matchings
2023-11-16 16:37:40,903 [INFO] ImportTextPane:194 - (OptionalMessage_ERROR) IP (ETH) : Invalid parameter (PHY_Name)
2023-11-16 16:37:40,903 [INFO] ImportTextPane:194 - (OptionalMessage_ERROR) IP (ETH) : Invalid parameter (PHY_Value)
2023-11-16 16:37:40,903 [INFO] ImportTextPane:194 - (OptionalMessage_ERROR) IP (ETH) : Invalid parameter (PhyAddress)
2023-11-16 16:37:40,904 [INFO] ImportTextPane:194 - (OptionalMessage_ERROR) IP (RCC) : Invalid parameter (ADC12outputFreq_Value)
2023-11-16 16:37:40,904 [INFO] ImportTextPane:194 - (OptionalMessage_ERROR) IP (RCC) : Invalid parameter (ADC34outputFreq_Value)
2023-11-16 16:37:40,904 [INFO] ImportTextPane:194 - (OptionalMessage_ERROR) IP (RCC) : Invalid parameter (FamilyName)
2023-11-16 16:37:40,904 [INFO] ImportTextPane:194 - (OptionalMessage_ERROR) IP (RCC) : Invalid parameter (I2C1Freq_Value)
2023-11-16 16:37:40,904 [INFO] ImportTextPane:194 - (OptionalMessage_ERROR) IP (RCC) : Invalid parameter (I2C2Freq_Value)
2023-11-16 16:37:40,904 [INFO] ImportTextPane:194 - (OptionalMessage_ERROR) IP (RCC) : Invalid parameter (I2C3Freq_Value)
2023-11-16 16:37:40,904 [INFO] ImportTextPane:194 - (OptionalMessage_ERROR) IP (RCC) : Parameter (MCO2PinFreq_Value) has invalid value (168000000)
2023-11-16 16:37:40,904 [INFO] ImportTextPane:194 - (OptionalMessage_ERROR) IP (RCC) : Invalid parameter (MCOFreq_Value)
2023-11-16 16:37:40,904 [INFO] ImportTextPane:194 - (OptionalMessage_ERROR) IP (RCC) : Invalid parameter (PLLMCOFreq_Value)
2023-11-16 16:37:40,904 [INFO] ImportTextPane:194 - (OptionalMessage_ERROR) IP (RCC) : Invalid parameter (PLLMUL)
2023-11-16 16:37:40,904 [INFO] ImportTextPane:194 - (OptionalMessage_ERROR) IP (RCC) : Invalid parameter (PRESCALERUSB)
2023-11-16 16:37:40,905 [INFO] ImportTextPane:194 - (OptionalMessage_ERROR) IP (RCC) : Parameter (RTCHSEDivFreq_Value) has invalid value (4000000)
2023-11-16 16:37:40,905 [INFO] ImportTextPane:194 - (OptionalMessage_ERROR) IP (RCC) : Invalid parameter (SYSCLKSourceVirtual)
2023-11-16 16:37:40,905 [INFO] ImportTextPane:194 - (OptionalMessage_ERROR) IP (RCC) : Invalid parameter (TIM15Freq_Value)
2023-11-16 16:37:40,905 [INFO] ImportTextPane:194 - (OptionalMessage_ERROR) IP (RCC) : Invalid parameter (TIM16Freq_Value)
2023-11-16 16:37:40,905 [INFO] ImportTextPane:194 - (OptionalMessage_ERROR) IP (RCC) : Invalid parameter (TIM17Freq_Value)
2023-11-16 16:37:40,905 [INFO] ImportTextPane:194 - (OptionalMessage_ERROR) IP (RCC) : Invalid parameter (TIM1Freq_Value)
2023-11-16 16:37:40,905 [INFO] ImportTextPane:194 - (OptionalMessage_ERROR) IP (RCC) : Invalid parameter (TIM20Freq_Value)
2023-11-16 16:37:40,905 [INFO] ImportTextPane:194 - (OptionalMessage_ERROR) IP (RCC) : Invalid parameter (TIM2Freq_Value)
2023-11-16 16:37:40,905 [INFO] ImportTextPane:194 - (OptionalMessage_ERROR) IP (RCC) : Invalid parameter (TIM3Freq_Value)
2023-11-16 16:37:40,905 [INFO] ImportTextPane:194 - (OptionalMessage_ERROR) IP (RCC) : Invalid parameter (TIM8Freq_Value)
2023-11-16 16:37:40,905 [INFO] ImportTextPane:194 - (OptionalMessage_ERROR) IP (RCC) : Invalid parameter (UART4Freq_Value)
2023-11-16 16:37:40,905 [INFO] ImportTextPane:194 - (OptionalMessage_ERROR) IP (RCC) : Invalid parameter (UART5Freq_Value)
2023-11-16 16:37:40,905 [INFO] ImportTextPane:194 - (OptionalMessage_ERROR) IP (RCC) : Invalid parameter (USART1Freq_Value)
2023-11-16 16:37:40,905 [INFO] ImportTextPane:194 - (OptionalMessage_ERROR) IP (RCC) : Invalid parameter (USART2Freq_Value)
2023-11-16 16:37:40,905 [INFO] ImportTextPane:194 - (OptionalMessage_ERROR) IP (RCC) : Invalid parameter (USART3Freq_Value)
2023-11-16 16:37:40,905 [INFO] ImportTextPane:194 - (OptionalMessage_ERROR) IP (RCC) : Invalid parameter (USBFreq_Value)
2023-11-16 16:37:40,905 [INFO] ImportTextPane:194 - (OptionalMessage_ERROR) IP (RCC) : Invalid parameter (VCOOutput2Freq_Value)
2023-11-16 16:37:41,212 [INFO] UtilMem:75 - End LoadConfig() Used Memory: 337613336 Bytes (650117120)
2023-11-16 16:37:41,261 [WARN] ThirdParty:833 - waiting for thirdparty lock release [change project]
2023-11-16 16:37:41,262 [INFO] ThirdParty:835 - entering critical section [change project]
2023-11-16 16:37:41,262 [INFO] ThirdParty:1030 - CMSIS Pack Vendor :STMicroelectronics X-CUBE-ISPU 1.1.0
2023-11-16 16:37:41,262 [INFO] ThirdParty:1030 - CMSIS Pack Vendor :STMicroelectronics USBPD 4.1
2023-11-16 16:37:41,262 [INFO] ThirdParty:1030 - CMSIS Pack Vendor :STMicroelectronics X-CUBE-GNSS1 6.0.0
2023-11-16 16:37:41,262 [INFO] ThirdParty:1030 - CMSIS Pack Vendor :STMicroelectronics USB_HOST 2.0.0
2023-11-16 16:37:41,262 [INFO] ThirdParty:1030 - CMSIS Pack Vendor :STMicroelectronics X-CUBE-AZRTOS-F4 1.1.0
2023-11-16 16:37:41,262 [INFO] ThirdParty:1030 - CMSIS Pack Vendor :STMicroelectronics LIBJPEG 8.0.0
2023-11-16 16:37:41,262 [INFO] ThirdParty:1030 - CMSIS Pack Vendor :wolfSSL I-CUBE-wolfSSL 5.6.3
2023-11-16 16:37:41,262 [INFO] ThirdParty:1030 - CMSIS Pack Vendor :STMicroelectronics X-CUBE-SMBUS 2.1.0
2023-11-16 16:37:41,262 [INFO] ThirdParty:1030 - CMSIS Pack Vendor :STMicroelectronics USB_DEVICE 3.0.0
2023-11-16 16:37:41,262 [INFO] ThirdParty:1030 - CMSIS Pack Vendor :STMicroelectronics X-CUBE-AZRTOS-WB 2.0.0
2023-11-16 16:37:41,262 [INFO] ThirdParty:1030 - CMSIS Pack Vendor :STMicroelectronics X-CUBE-AZRTOS-F7 1.1.0
2023-11-16 16:37:41,263 [INFO] ThirdParty:1030 - CMSIS Pack Vendor :STMicroelectronics X-CUBE-AZRTOS-L5 2.0.0
2023-11-16 16:37:41,263 [INFO] ThirdParty:1030 - CMSIS Pack Vendor :STMicroelectronics USB_DEVICE 2.0.0
2023-11-16 16:37:41,263 [INFO] ThirdParty:1030 - CMSIS Pack Vendor :STMicroelectronics X-CUBE-EEPRMA1 4.2.0
2023-11-16 16:37:41,263 [INFO] ThirdParty:1030 - CMSIS Pack Vendor :ITTIA_DB I-CUBE-ITTIADB 8.8.0
2023-11-16 16:37:41,263 [INFO] ThirdParty:1030 - CMSIS Pack Vendor :STMicroelectronics FP-SNS-MOTENV1 4.3.2
2023-11-16 16:37:41,263 [INFO] ThirdParty:1030 - CMSIS Pack Vendor :STMicroelectronics X-CUBE-ALGOBUILD 1.3.0
2023-11-16 16:37:41,263 [INFO] ThirdParty:1030 - CMSIS Pack Vendor :STMicroelectronics FreeRTOS 0.0.1
2023-11-16 16:37:41,263 [INFO] ThirdParty:1030 - CMSIS Pack Vendor :STMicroelectronics X-CUBE-AZRTOS-G0 1.1.0
2023-11-16 16:37:41,263 [INFO] ThirdParty:1030 - CMSIS Pack Vendor :STMicroelectronics X-CUBE-BLEMGR 2.0.0
2023-11-16 16:37:41,264 [INFO] ThirdParty:1030 - CMSIS Pack Vendor :STMicroelectronics X-CUBE-NFC4 3.0.0
2023-11-16 16:37:41,264 [INFO] ThirdParty:1030 - CMSIS Pack Vendor :STMicroelectronics X-CUBE-SUBG2 5.0.0
2023-11-16 16:37:41,264 [INFO] ThirdParty:1030 - CMSIS Pack Vendor :STMicroelectronics STM32_WPAN 1.0.0
2023-11-16 16:37:41,264 [INFO] ThirdParty:1030 - CMSIS Pack Vendor :STMicroelectronics lwIP 2.0.3
2023-11-16 16:37:41,264 [INFO] ThirdParty:1030 - CMSIS Pack Vendor :STMicroelectronics FP-SNS-FLIGHT1 5.0.2
2023-11-16 16:37:41,264 [INFO] ThirdParty:1030 - CMSIS Pack Vendor :STMicroelectronics USB_HOST 1.0.0
2023-11-16 16:37:41,264 [INFO] ThirdParty:1030 - CMSIS Pack Vendor :STMicroelectronics X-CUBE-TOF1 3.3.1
2023-11-16 16:37:41,264 [INFO] ThirdParty:1030 - CMSIS Pack Vendor :STMicroelectronics X-CUBE-AZRTOS-G4 2.0.0
2023-11-16 16:37:41,264 [INFO] ThirdParty:1030 - CMSIS Pack Vendor :STMicroelectronics PDM2PCM 3.1.0
2023-11-16 16:37:41,264 [INFO] ThirdParty:1030 - CMSIS Pack Vendor :STMicroelectronics X-CUBE-AZRTOS-H7 3.1.0
2023-11-16 16:37:41,264 [INFO] ThirdParty:1030 - CMSIS Pack Vendor :Infineon AIROC-Wi-Fi-Bluetooth-STM32 1.5.1
2023-11-16 16:37:41,264 [INFO] ThirdParty:1030 - CMSIS Pack Vendor :STMicroelectronics X-CUBE-BLEMGR 3.0.0
2023-11-16 16:37:41,264 [INFO] ThirdParty:1030 - CMSIS Pack Vendor :STMicroelectronics PDM2PCM 3.3.0
2023-11-16 16:37:41,264 [INFO] ThirdParty:1030 - CMSIS Pack Vendor :STMicroelectronics X-CUBE-DISPLAY 3.0.0
2023-11-16 16:37:41,264 [INFO] ThirdParty:1030 - CMSIS Pack Vendor :STMicroelectronics FP-SNS-MOTENVWB1 1.3.0
2023-11-16 16:37:41,264 [INFO] ThirdParty:1030 - CMSIS Pack Vendor :STMicroelectronics X-CUBE-BLE1 7.0.0
2023-11-16 16:37:41,264 [INFO] ThirdParty:1030 - CMSIS Pack Vendor :STMicroelectronics FP-ATR-SIGFOX1 3.2.0
2023-11-16 16:37:41,265 [INFO] ThirdParty:1030 - CMSIS Pack Vendor :STMicroelectronics HAL Drivers 0.0.0
2023-11-16 16:37:41,265 [INFO] ThirdParty:1030 - CMSIS Pack Vendor :STMicroelectronics MBEDTLS 2.16.2
2023-11-16 16:37:41,265 [INFO] ThirdParty:1030 - CMSIS Pack Vendor :emotas I-CUBE-CANOPEN 1.3.0
2023-11-16 16:37:41,265 [INFO] ThirdParty:1030 - CMSIS Pack Vendor :STMicroelectronics X-CUBE-MEMS1 10.0.0
2023-11-16 16:37:41,265 [INFO] ThirdParty:1030 - CMSIS Pack Vendor :STMicroelectronics X-CUBE-FREERTOS 1.1.0
2023-11-16 16:37:41,265 [INFO] ThirdParty:1030 - CMSIS Pack Vendor :STMicroelectronics X-CUBE-NFC7 1.0.1
2023-11-16 16:37:41,265 [INFO] ThirdParty:1030 - CMSIS Pack Vendor :STMicroelectronics MBEDTLS 2.14.1
2023-11-16 16:37:41,265 [INFO] ThirdParty:1030 - CMSIS Pack Vendor :STMicroelectronics X-CUBE-TOUCHGFX 4.22.1
2023-11-16 16:37:41,265 [INFO] ThirdParty:1030 - CMSIS Pack Vendor :STMicroelectronics X-CUBE-NFC6 3.0.0
2023-11-16 16:37:41,265 [INFO] ThirdParty:1030 - CMSIS Pack Vendor :STMicroelectronics X-CUBE-EEPRMA1 4.1.0
2023-11-16 16:37:41,265 [INFO] ThirdParty:1030 - CMSIS Pack Vendor :portGmbH I-Cube-SoM-uGOAL 1.1.0
2023-11-16 16:37:41,265 [INFO] ThirdParty:1030 - CMSIS Pack Vendor :STMicroelectronics X-CUBE-ALS 1.0.1
2023-11-16 16:37:41,265 [INFO] ThirdParty:1030 - CMSIS Pack Vendor :STMicroelectronics ThreadX 1.0.0
2023-11-16 16:37:41,265 [INFO] ThirdParty:1030 - CMSIS Pack Vendor :STMicroelectronics FP-SNS-SMARTAG2 1.2.0
2023-11-16 16:37:41,266 [INFO] ThirdParty:1030 - CMSIS Pack Vendor :STMicroelectronics X-CUBE-AZRTOS-WL 2.0.0
2023-11-16 16:37:41,266 [INFO] ThirdParty:1030 - CMSIS Pack Vendor :SEGGER I-CUBE-embOS 1.3.1
2023-11-16 16:37:41,266 [INFO] ThirdParty:1030 - CMSIS Pack Vendor :STMicroelectronics USB_DEVICE 1.0.0
2023-11-16 16:37:41,266 [INFO] ThirdParty:1030 - CMSIS Pack Vendor :STMicroelectronics X-CUBE-AI 8.1.0
2023-11-16 16:37:41,266 [INFO] ThirdParty:1030 - CMSIS Pack Vendor :STMicroelectronics X-CUBE-AZRTOS-L4 2.0.0
2023-11-16 16:37:41,266 [INFO] ThirdParty:1030 - CMSIS Pack Vendor :STMicroelectronics ThreadX 0.0.2
2023-11-16 16:37:41,266 [INFO] ThirdParty:1030 - CMSIS Pack Vendor :WES I-CUBE-Cesium 1.3.0
2023-11-16 16:37:41,266 [INFO] ThirdParty:1030 - CMSIS Pack Vendor :STMicroelectronics FP-ATR-ASTRA1 2.0.0
2023-11-16 16:37:41,266 [INFO] ThirdParty:1030 - CMSIS Pack Vendor :STMicroelectronics lwIP 2.1.2
2023-11-16 16:37:41,266 [INFO] ThirdParty:1030 - CMSIS Pack Vendor :STMicroelectronics X-CUBE-SFXS2LP1 4.0.0
2023-11-16 16:37:41,266 [INFO] ThirdParty:1030 - CMSIS Pack Vendor :STMicroelectronics X-CUBE-BLE2 3.3.0
2023-11-16 16:37:41,266 [INFO] ThirdParty:1030 - CMSIS Pack Vendor :STMicroelectronics PDM2PCM 3.2.0
2023-11-16 16:37:41,266 [INFO] ThirdParty:841 - exiting critical section [change project]
2023-11-16 16:37:41,575 [INFO] PinOutPanel:1499 - setPackage(No Configuration,No Configuration)
2023-11-16 16:37:41,576 [INFO] PinOutPanel:1499 - setPackage(STM32F429ZITx,LQFP144)
2023-11-16 16:37:41,884 [INFO] UtilMem:75 - Before build in PCC Used Memory: 246128824 Bytes (650117120)
2023-11-16 16:37:42,257 [INFO] UtilMem:75 - After build in PCC Used Memory: 271101160 Bytes (650117120)
2023-11-16 16:37:42,288 [INFO] IPUIPlugin:80 - create IPUIPlugin
2023-11-16 16:37:42,288 [INFO] IPUIPlugin:80 - create IPUIPlugin
2023-11-16 16:37:42,288 [INFO] IPUIPlugin:80 - create IPUIPlugin
2023-11-16 16:37:42,288 [INFO] IPUIPlugin:80 - create IPUIPlugin
2023-11-16 16:37:42,289 [INFO] IPUIPlugin:80 - create IPUIPlugin
2023-11-16 16:37:42,289 [INFO] IPUIPlugin:80 - create IPUIPlugin
2023-11-16 16:37:42,289 [INFO] IPUIPlugin:80 - create IPUIPlugin
2023-11-16 16:37:42,289 [INFO] IPUIPlugin:80 - create IPUIPlugin
2023-11-16 16:37:42,289 [INFO] IPUIPlugin:80 - create IPUIPlugin
2023-11-16 16:37:42,289 [INFO] IPUIPlugin:80 - create IPUIPlugin
2023-11-16 16:37:42,289 [INFO] IPUIPlugin:80 - create IPUIPlugin
2023-11-16 16:37:42,289 [INFO] IPUIPlugin:80 - create IPUIPlugin
2023-11-16 16:37:42,289 [INFO] IPUIPlugin:80 - create IPUIPlugin
2023-11-16 16:37:42,290 [INFO] IPUIPlugin:80 - create IPUIPlugin
2023-11-16 16:37:42,290 [INFO] IPUIPlugin:80 - create IPUIPlugin
2023-11-16 16:37:42,290 [INFO] IPUIPlugin:80 - create IPUIPlugin
2023-11-16 16:37:42,290 [INFO] IPUIPlugin:80 - create IPUIPlugin
2023-11-16 16:37:42,290 [INFO] IPUIPlugin:80 - create IPUIPlugin
2023-11-16 16:37:42,290 [INFO] IPUIPlugin:80 - create IPUIPlugin
2023-11-16 16:37:42,290 [INFO] IPUIPlugin:80 - create IPUIPlugin
2023-11-16 16:37:42,290 [INFO] IPUIPlugin:80 - create IPUIPlugin
2023-11-16 16:37:42,290 [INFO] IPUIPlugin:80 - create IPUIPlugin
2023-11-16 16:37:42,291 [INFO] IPUIPlugin:80 - create IPUIPlugin
2023-11-16 16:37:42,291 [INFO] IPUIPlugin:80 - create IPUIPlugin
2023-11-16 16:37:42,291 [INFO] IPUIPlugin:80 - create IPUIPlugin
2023-11-16 16:37:42,291 [INFO] IPUIPlugin:80 - create IPUIPlugin
2023-11-16 16:37:42,291 [INFO] IPUIPlugin:80 - create IPUIPlugin
2023-11-16 16:37:42,291 [INFO] IPUIPlugin:80 - create IPUIPlugin
2023-11-16 16:37:42,292 [INFO] IPUIPlugin:80 - create IPUIPlugin
2023-11-16 16:37:42,292 [INFO] IPUIPlugin:80 - create IPUIPlugin
2023-11-16 16:37:42,292 [INFO] IPUIPlugin:80 - create IPUIPlugin
2023-11-16 16:37:42,292 [INFO] IPUIPlugin:80 - create IPUIPlugin
2023-11-16 16:37:42,292 [INFO] IPUIPlugin:80 - create IPUIPlugin
2023-11-16 16:37:42,292 [INFO] IPUIPlugin:80 - create IPUIPlugin
2023-11-16 16:37:42,293 [INFO] IPUIPlugin:80 - create IPUIPlugin
2023-11-16 16:37:42,293 [INFO] IPUIPlugin:80 - create IPUIPlugin
2023-11-16 16:37:42,293 [INFO] IPUIPlugin:80 - create IPUIPlugin
2023-11-16 16:37:42,293 [INFO] IPUIPlugin:80 - create IPUIPlugin
2023-11-16 16:37:42,294 [INFO] IPUIPlugin:80 - create IPUIPlugin
2023-11-16 16:37:42,294 [INFO] IPUIPlugin:80 - create IPUIPlugin
2023-11-16 16:37:42,294 [INFO] IPUIPlugin:80 - create IPUIPlugin
2023-11-16 16:37:42,295 [INFO] IPUIPlugin:80 - create IPUIPlugin
2023-11-16 16:37:42,295 [INFO] IPUIPlugin:80 - create IPUIPlugin
2023-11-16 16:37:42,295 [INFO] IPUIPlugin:80 - create IPUIPlugin
2023-11-16 16:37:42,295 [INFO] IPUIPlugin:80 - create IPUIPlugin
2023-11-16 16:37:42,296 [INFO] IPUIPlugin:80 - create IPUIPlugin
2023-11-16 16:37:42,296 [INFO] IPUIPlugin:80 - create IPUIPlugin
2023-11-16 16:37:42,296 [INFO] IPUIPlugin:80 - create IPUIPlugin
2023-11-16 16:37:42,296 [INFO] IPUIPlugin:80 - create IPUIPlugin
2023-11-16 16:37:42,296 [INFO] IPUIPlugin:80 - create IPUIPlugin
2023-11-16 16:37:42,297 [INFO] IPUIPlugin:80 - create IPUIPlugin
2023-11-16 16:37:42,297 [INFO] IPUIPlugin:80 - create IPUIPlugin
2023-11-16 16:37:42,297 [INFO] IPUIPlugin:80 - create IPUIPlugin
2023-11-16 16:37:42,297 [INFO] IPUIPlugin:80 - create IPUIPlugin
2023-11-16 16:37:42,298 [INFO] IPUIPlugin:80 - create IPUIPlugin
2023-11-16 16:37:42,298 [INFO] IPUIPlugin:80 - create IPUIPlugin
2023-11-16 16:37:42,298 [INFO] IPUIPlugin:80 - create IPUIPlugin
2023-11-16 16:37:42,298 [INFO] IPUIPlugin:80 - create IPUIPlugin
2023-11-16 16:37:42,299 [INFO] IPUIPlugin:80 - create IPUIPlugin
2023-11-16 16:37:42,299 [INFO] IPUIPlugin:80 - create IPUIPlugin
2023-11-16 16:37:42,299 [INFO] IPUIPlugin:80 - create IPUIPlugin
2023-11-16 16:37:42,300 [INFO] IPUIPlugin:80 - create IPUIPlugin
2023-11-16 16:37:42,300 [INFO] IPUIPlugin:80 - create IPUIPlugin
2023-11-16 16:37:42,301 [INFO] IPUIPlugin:80 - create IPUIPlugin
2023-11-16 16:37:42,302 [INFO] IPUIPlugin:80 - create IPUIPlugin
2023-11-16 16:37:42,302 [INFO] IPUIPlugin:80 - create IPUIPlugin
2023-11-16 16:37:42,315 [INFO] ApiDbMcu:507 - Load IP Config File for PDM2PCM
2023-11-16 16:37:42,380 [INFO] CADModel:165 - CPN selected for project levelSTM32F429ZIT6
2023-11-16 16:37:42,380 [INFO] CADModel:114 - Register for checkConnection events
2023-11-16 16:37:42,418 [INFO] OpenFileManager:328 - Restore cursor
2023-11-16 16:49:49,893 [INFO] UtilMem:75 - End SaveConfig() Used Memory: 553906144 Bytes (748683264)
2023-11-16 16:49:59,866 [INFO] UtilMem:75 - End SaveConfig() Used Memory: 231381880 Bytes (667942912)
2023-11-16 16:50:00,302 [INFO] BlockDiagram:2759 - set Specific Code input for plugin: SYS
2023-11-16 16:50:00,302 [INFO] BlockDiagram:2759 - set Specific Code input for plugin: RCC
2023-11-16 16:50:00,302 [INFO] BlockDiagram:2759 - set Specific Code input for plugin: USB_OTG_FS
2023-11-16 16:50:00,302 [INFO] BlockDiagram:2759 - set Specific Code input for plugin: NVIC
2023-11-16 16:50:00,302 [INFO] BlockDiagram:2759 - set Specific Code input for plugin: USART
2023-11-16 16:50:00,303 [INFO] BlockDiagram:2759 - set Specific Code input for plugin: GPIO
2023-11-16 16:50:00,303 [INFO] BlockDiagram:2759 - set Specific Code input for plugin: ETH
2023-11-16 16:50:00,305 [INFO] CodeGenerator:799 - code generatio: config db path: C:\ST\STM32CubeIDE_1.13.2\STM32CubeIDE\plugins\com.st.stm32cube.common.mx_6.9.2.202309101412\\db\
2023-11-16 16:50:00,619 [INFO] CodeEngine:255 - oldGeneratedFile, C:\Users\iremg\STM32CubeIDE\workspace_1.13.2\versuch_3_SPI\MXTmpFiles\license.tmp_save
2023-11-16 16:50:01,089 [INFO] CodeEngine:279 - Generated code: C:\Users\iremg\STM32CubeIDE\workspace_1.13.2\versuch_3_SPI\MXTmpFiles\license.tmp
2023-11-16 16:50:01,187 [INFO] CodeEngine:255 - oldGeneratedFile, C:\Users\iremg\STM32CubeIDE\workspace_1.13.2\versuch_3_SPI\MXTmpFiles\gpio.tmp_save
2023-11-16 16:50:01,367 [INFO] CodeEngine:279 - Generated code: C:\Users\iremg\STM32CubeIDE\workspace_1.13.2\versuch_3_SPI\MXTmpFiles\gpio.tmp
2023-11-16 16:50:01,622 [WARN] IPConfigManager:2937 - Warning: the RefConfig PWREx_EnableUSBVoltageDetector is not available in your config.xml file
2023-11-16 16:50:01,661 [INFO] CodeEngine:255 - oldGeneratedFile, C:\Users\iremg\STM32CubeIDE\workspace_1.13.2\versuch_3_SPI\Core\Src\stm32f4xx_it.c_save
2023-11-16 16:50:01,816 [INFO] CodeEngine:279 - Generated code: C:\Users\iremg\STM32CubeIDE\workspace_1.13.2\versuch_3_SPI\Core\Src\stm32f4xx_it.c
2023-11-16 16:50:01,841 [INFO] CodeEngine:255 - oldGeneratedFile, C:\Users\iremg\STM32CubeIDE\workspace_1.13.2\versuch_3_SPI\Core\Inc\stm32f4xx_it.h_save
2023-11-16 16:50:01,949 [INFO] CodeEngine:279 - Generated code: C:\Users\iremg\STM32CubeIDE\workspace_1.13.2\versuch_3_SPI\Core\Inc\stm32f4xx_it.h
2023-11-16 16:50:01,989 [INFO] CodeEngine:255 - oldGeneratedFile, C:\Users\iremg\STM32CubeIDE\workspace_1.13.2\versuch_3_SPI\Core\Src\stm32f4xx_hal_msp.c_save
2023-11-16 16:50:02,153 [INFO] CodeEngine:279 - Generated code: C:\Users\iremg\STM32CubeIDE\workspace_1.13.2\versuch_3_SPI\Core\Src\stm32f4xx_hal_msp.c
2023-11-16 16:50:02,167 [INFO] CodeEngine:255 - oldGeneratedFile, C:\Users\iremg\STM32CubeIDE\workspace_1.13.2\versuch_3_SPI\MXTmpFiles\system.tmp_save
2023-11-16 16:50:02,246 [INFO] CodeEngine:279 - Generated code: C:\Users\iremg\STM32CubeIDE\workspace_1.13.2\versuch_3_SPI\MXTmpFiles\system.tmp
2023-11-16 16:50:02,280 [INFO] CodeEngine:311 - oldGeneratedFile, C:\Users\iremg\STM32CubeIDE\workspace_1.13.2\versuch_3_SPI\Core\Inc\stm32f4xx_hal_conf.h_save
2023-11-16 16:50:02,400 [INFO] CodeEngine:335 - Generated code: C:\Users\iremg\STM32CubeIDE\workspace_1.13.2\versuch_3_SPI\Core\Inc\stm32f4xx_hal_conf.h
2023-11-16 16:50:02,444 [WARN] IPConfigManager:3431 - IP not found : USB_OTG
2023-11-16 16:50:02,445 [WARN] CodeGenerator:3764 - IP not found : null
2023-11-16 16:50:02,473 [INFO] CodeEngine:255 - oldGeneratedFile, C:\Users\iremg\STM32CubeIDE\workspace_1.13.2\versuch_3_SPI\Core\Inc\main.h_save
2023-11-16 16:50:02,701 [INFO] CodeEngine:279 - Generated code: C:\Users\iremg\STM32CubeIDE\workspace_1.13.2\versuch_3_SPI\Core\Inc\main.h
2023-11-16 16:50:02,724 [INFO] CodeEngine:255 - oldGeneratedFile, C:\Users\iremg\STM32CubeIDE\workspace_1.13.2\versuch_3_SPI\Core\Src\main.c_save
2023-11-16 16:50:02,900 [INFO] CodeEngine:279 - Generated code: C:\Users\iremg\STM32CubeIDE\workspace_1.13.2\versuch_3_SPI\Core\Src\main.c
2023-11-16 16:50:03,793 [INFO] ProjectBuilder:3064 - Time for Copy HAL[1] : 463mS.
2023-11-16 16:50:03,799 [INFO] ProjectBuilder:4404 - Project Generator version: 4.1.0
2023-11-16 16:50:03,980 [INFO] ConfigFileManager:1457 - The Die is : DIE419
2023-11-16 16:50:03,993 [INFO] ApiDbMcu:507 - Load IP Config File for FATFS
2023-11-16 16:50:04,003 [INFO] ApiDbMcu:507 - Load IP Config File for FREERTOS
2023-11-16 16:50:04,011 [INFO] ApiDbMcu:507 - Load IP Config File for LIBJPEG
2023-11-16 16:50:04,023 [INFO] ApiDbMcu:507 - Load IP Config File for LWIP
2023-11-16 16:50:04,035 [INFO] ApiDbMcu:507 - Load IP Config File for MBEDTLS
2023-11-16 16:50:04,050 [INFO] ApiDbMcu:507 - Load IP Config File for USB_DEVICE
2023-11-16 16:50:04,059 [INFO] ApiDbMcu:507 - Load IP Config File for USB_HOST
